Log file open, 04/18/19 18:50:31
LogWindows: Failed to load 'aqProf.dll' (GetLastError=126)
LogWindows: File 'aqProf.dll' does not exist
LogWindows: Failed to load 'VtuneApi.dll' (GetLastError=126)
LogWindows: File 'VtuneApi.dll' does not exist
LogWindows: Failed to load 'VtuneApi32e.dll' (GetLastError=126)
LogWindows: File 'VtuneApi32e.dll' does not exist
LogConsoleResponse: Display: Failed to find resolution value strings in scalability ini. Falling back to default.
LogInit: Display: Running engine for game: UEPrototype
LogPakFile: Registered encryption key '00000000000000000000000000000000': 0 pak files mounted, 0 remain pending
LogPlatformFile: Not using cached read wrapper
LogTaskGraph: Started task graph with 5 named threads and 23 total threads with 3 sets of task threads.
LogStats: Stats thread started at 0.879885
LogD3D11RHI: Loaded GFSDK_Aftermath_Lib.x64.dll
LogICUInternationalization: ICU TimeZone Detection - Raw Offset: +9:00, Platform Override: ''
LogPluginManager: Mounting plugin Paper2D
LogPluginManager: Mounting plugin AISupport
LogPluginManager: Mounting plugin LightPropagationVolume
LogPluginManager: Mounting plugin ActorLayerUtilities
LogPluginManager: Mounting plugin CLionSourceCodeAccess
LogPluginManager: Mounting plugin CodeLiteSourceCodeAccess
LogPluginManager: Mounting plugin GitSourceControl
LogPluginManager: Mounting plugin KDevelopSourceCodeAccess
LogPluginManager: Mounting plugin NullSourceCodeAccess
LogPluginManager: Mounting plugin PerforceSourceControl
LogPluginManager: Mounting plugin SubversionSourceControl
LogPluginManager: Mounting plugin UObjectPlugin
LogPluginManager: Mounting plugin VisualStudioCodeSourceCodeAccess
LogPluginManager: Mounting plugin VisualStudioSourceCodeAccess
LogPluginManager: Mounting plugin XCodeSourceCodeAccess
LogPluginManager: Mounting plugin AssetManagerEditor
LogPluginManager: Mounting plugin CryptoKeys
LogPluginManager: Mounting plugin DataValidation
LogPluginManager: Mounting plugin FacialAnimation
LogPluginManager: Mounting plugin GameplayTagsEditor
LogPluginManager: Mounting plugin MacGraphicsSwitching
LogPluginManager: Mounting plugin MeshEditor
LogPluginManager: Mounting plugin MobileLauncherProfileWizard
LogPluginManager: Mounting plugin PluginBrowser
LogPluginManager: Mounting plugin SpeedTreeImporter
LogPluginManager: Mounting plugin DatasmithContent
LogPluginManager: Mounting plugin VariantManagerContent
LogPluginManager: Mounting plugin AlembicImporter
LogPluginManager: Mounting plugin AppleImageUtils
LogPluginManager: Mounting plugin AppleVision
LogPluginManager: Mounting plugin BackChannel
LogPluginManager: Mounting plugin CharacterAI
LogPluginManager: Mounting plugin GeometryCache
LogPluginManager: Mounting plugin HTML5Networking
LogPluginManager: Mounting plugin ProxyLODPlugin
LogPluginManager: Mounting plugin MagicLeap
LogPluginManager: Mounting plugin MagicLeapMedia
LogPluginManager: Mounting plugin AndroidMedia
LogPluginManager: Mounting plugin AvfMedia
LogPluginManager: Mounting plugin ImgMedia
LogPluginManager: Mounting plugin LinearTimecode
LogPluginManager: Mounting plugin MediaCompositing
LogPluginManager: Mounting plugin MediaPlayerEditor
LogPluginManager: Mounting plugin WebMMedia
LogPluginManager: Mounting plugin WmfMedia
LogPluginManager: Mounting plugin TcpMessaging
LogPluginManager: Mounting plugin UdpMessaging
LogPluginManager: Mounting plugin ActorSequence
LogPluginManager: Mounting plugin LevelSequenceEditor
LogPluginManager: Mounting plugin MatineeToLevelSequence
LogPluginManager: Mounting plugin NetcodeUnitTest
LogPluginManager: Mounting plugin NUTUnrealEngine4
LogPluginManager: Mounting plugin OnlineSubsystemGooglePlay
LogPluginManager: Mounting plugin OnlineSubsystemIOS
LogPluginManager: Mounting plugin OnlineSubsystem
LogPluginManager: Mounting plugin OnlineSubsystemNull
LogPluginManager: Mounting plugin OnlineSubsystemUtils
LogPluginManager: Mounting plugin LauncherChunkInstaller
LogPluginManager: Mounting plugin AndroidDeviceProfileSelector
LogPluginManager: Mounting plugin AndroidMoviePlayer
LogPluginManager: Mounting plugin AndroidPermission
LogPluginManager: Mounting plugin AppleMoviePlayer
LogPluginManager: Mounting plugin ArchVisCharacter
LogPluginManager: Mounting plugin AudioCapture
LogPluginManager: Mounting plugin CableComponent
LogPluginManager: Mounting plugin CustomMeshComponent
LogPluginManager: Mounting plugin EditableMesh
LogPluginManager: Mounting plugin ExampleDeviceProfileSelector
LogPluginManager: Mounting plugin Firebase
LogPluginManager: Mounting plugin GoogleCloudMessaging
LogPluginManager: Mounting plugin IOSDeviceProfileSelector
LogPluginManager: Mounting plugin LinuxDeviceProfileSelector
LogPluginManager: Mounting plugin LocationServicesBPLibrary
LogPluginManager: Mounting plugin MobilePatchingUtils
LogPluginManager: Mounting plugin OculusVR
LogPluginManager: Mounting plugin PhysXVehicles
LogPluginManager: Mounting plugin ProceduralMeshComponent
LogPluginManager: Mounting plugin RuntimePhysXCooking
LogPluginManager: Mounting plugin SteamVR
LogPluginManager: Mounting plugin WebMMoviePlayer
LogPluginManager: Mounting plugin WindowsMoviePlayer
LogStreaming: Display: Took  0.198s to configure plugins.
LogInit: Using libcurl 7.55.1-DEV
LogInit:  - built for x86_64-pc-win32
LogInit:  - supports SSL with OpenSSL/1.0.2h
LogInit:  - supports HTTP deflate (compression) using libz 1.2.8
LogInit:  - other features:
LogInit:      CURL_VERSION_SSL
LogInit:      CURL_VERSION_LIBZ
LogInit:      CURL_VERSION_IPV6
LogInit:      CURL_VERSION_ASYNCHDNS
LogInit:      CURL_VERSION_LARGEFILE
LogInit:      CURL_VERSION_IDN
LogInit:  CurlRequestOptions (configurable via config and command line):
LogInit:  - bVerifyPeer = true  - Libcurl will verify peer certificate
LogInit:  - bUseHttpProxy = false  - Libcurl will NOT use HTTP proxy
LogInit:  - bDontReuseConnections = false  - Libcurl will reuse connections
LogInit:  - MaxHostConnections = 16  - Libcurl will limit the number of connections to a host
LogInit:  - LocalHostAddr = Default
LogInit:  - BufferSize = 65536
LogInit: WinSock: version 1.1 (2.2), MaxSocks=32767, MaxUdp=65467
LogInit: Build: ++UE4+Release-4.21-CL-4753647
LogInit: Engine Version: 4.21.2-4753647+++UE4+Release-4.21
LogInit: Compatible Engine Version: 4.21.0-4541578+++UE4+Release-4.21
LogInit: Net CL: 4541578
LogInit: OS: Windows 10 (), CPU: Intel(R) Core(TM) i7-6700HQ CPU @ 2.60GHz, GPU: Intel(R) HD Graphics 530
LogInit: Compiled (64-bit): Jan 19 2019 02:07:31
LogInit: Compiled with Visual C++: 19.13.26129.00
LogInit: Build Configuration: Development
LogInit: Branch Name: ++UE4+Release-4.21
LogInit: Command Line: 
LogInit: Base Directory: C:/Program Files (x86)/~Game/Epic Games/UE_4.21/Engine/Binaries/Win64/
LogInit: Installed Engine Build: 1
LogDevObjectVersion: Number of dev versions registered: 22
LogDevObjectVersion:   Dev-Blueprints (B0D832E4-1F89-4F0D-ACCF-7EB736FD4AA2): 10
LogDevObjectVersion:   Dev-Build (E1C64328-A22C-4D53-A36C-8E866417BD8C): 0
LogDevObjectVersion:   Dev-Core (375EC13C-06E4-48FB-B500-84F0262A717E): 2
LogDevObjectVersion:   Dev-Editor (E4B068ED-F494-42E9-A231-DA0B2E46BB41): 26
LogDevObjectVersion:   Dev-Framework (CFFC743F-43B0-4480-9391-14DF171D2073): 34
LogDevObjectVersion:   Dev-Mobile (B02B49B5-BB20-44E9-A304-32B752E40360): 2
LogDevObjectVersion:   Dev-Networking (A4E4105C-59A1-49B5-A7C5-40C4547EDFEE): 0
LogDevObjectVersion:   Dev-Online (39C831C9-5AE6-47DC-9A44-9C173E1C8E7C): 0
LogDevObjectVersion:   Dev-Physics (78F01B33-EBEA-4F98-B9B4-84EACCB95AA2): 0
LogDevObjectVersion:   Dev-Platform (6631380F-2D4D-43E0-8009-CF276956A95A): 0
LogDevObjectVersion:   Dev-Rendering (12F88B9F-8875-4AFC-A67C-D90C383ABD29): 27
LogDevObjectVersion:   Dev-Sequencer (7B5AE74C-D270-4C10-A958-57980B212A5A): 9
LogDevObjectVersion:   Dev-VR (D7296918-1DD6-4BDD-9DE2-64A83CC13884): 2
LogDevObjectVersion:   Dev-LoadTimes (C2A15278-BFE7-4AFE-6C17-90FF531DF755): 1
LogDevObjectVersion:   Private-Geometry (6EACA3D4-40EC-4CC1-B786-8BED09428FC5): 3
LogDevObjectVersion:   Dev-AnimPhys (29E575DD-E0A3-4627-9D10-D276232CDCEA): 17
LogDevObjectVersion:   Dev-Anim (AF43A65D-7FD3-4947-9873-3E8ED9C1BB05): 2
LogDevObjectVersion:   Dev-ReflectionCapture (6B266CEC-1EC7-4B8F-A30B-E4D90942FC07): 1
LogDevObjectVersion:   Dev-Automation (0DF73D61-A23F-47EA-B727-89E90C41499A): 1
LogDevObjectVersion:   FortniteMain (601D1886-AC64-4F84-AA16-D3DE0DEAC7D6): 17
LogDevObjectVersion:   Dev-Enterprise (9DFFBCD6-494F-0158-E221-12823C92A888): 4
LogDevObjectVersion:   Dev-Niagara (F2AED0AC-9AFE-416F-8664-AA7FFA26D6FC): 1
LogStreaming: Display: Took  0.001s to delete old logs.
LogInit: Presizing for max 8388607 objects, including 0 objects not considered by GC, pre-allocating 0 bytes for permanent pool.
LogInit: Object subsystem initialized
LogConfig: Setting CVar [[con.DebugEarlyDefault:1]]
LogConfig: Setting CVar [[r.setres:1280x720]]
[2019.04.18-09.50.32:697][  0]LogConfig: Setting CVar [[r.VSync:0]]
[2019.04.18-09.50.32:697][  0]LogConfig: Setting CVar [[r.RHICmdBypass:0]]
[2019.04.18-09.50.32:698][  0]LogConfig: Applying CVar settings from Section [/Script/Engine.RendererSettings] File [C:/Users/Utsuho/Desktop/General/Project/Prototype/UEPrototype/Saved/Config/Windows/Engine.ini]
[2019.04.18-09.50.32:698][  0]LogConfig: Setting CVar [[r.GPUCrashDebugging:0]]
[2019.04.18-09.50.32:698][  0]LogConfig: Setting CVar [[r.MobileHDR:0]]
[2019.04.18-09.50.32:698][  0]LogConfig: Setting CVar [[r.Mobile.DisableVertexFog:1]]
[2019.04.18-09.50.32:698][  0]LogConfig: Setting CVar [[r.Shadow.CSM.MaxMobileCascades:2]]
[2019.04.18-09.50.32:698][  0]LogConfig: Setting CVar [[r.MobileMSAA:1]]
[2019.04.18-09.50.32:698][  0]LogConfig: Setting CVar [[r.Mobile.UseLegacyShadingModel:0]]
[2019.04.18-09.50.32:698][  0]LogConfig: Setting CVar [[r.Mobile.AllowDitheredLODTransition:0]]
[2019.04.18-09.50.32:698][  0]LogConfig: Setting CVar [[r.Mobile.AllowSoftwareOcclusion:0]]
[2019.04.18-09.50.32:698][  0]LogConfig: Setting CVar [[r.DiscardUnusedQuality:0]]
[2019.04.18-09.50.32:698][  0]LogConfig: Setting CVar [[r.AllowOcclusionQueries:1]]
[2019.04.18-09.50.32:698][  0]LogConfig: Setting CVar [[r.MinScreenRadiusForLights:0.030000]]
[2019.04.18-09.50.32:698][  0]LogConfig: Setting CVar [[r.MinScreenRadiusForDepthPrepass:0.030000]]
[2019.04.18-09.50.32:698][  0]LogConfig: Setting CVar [[r.MinScreenRadiusForCSMDepth:0.010000]]
[2019.04.18-09.50.32:698][  0]LogConfig: Setting CVar [[r.PrecomputedVisibilityWarning:0]]
[2019.04.18-09.50.32:698][  0]LogConfig: Setting CVar [[r.TextureStreaming:1]]
[2019.04.18-09.50.32:698][  0]LogConfig: Setting CVar [[Compat.UseDXT5NormalMaps:0]]
[2019.04.18-09.50.32:698][  0]LogConfig: Setting CVar [[r.ClearCoatNormal:0]]
[2019.04.18-09.50.32:698][  0]LogConfig: Setting CVar [[r.ReflectionCaptureResolution:128]]
[2019.04.18-09.50.32:698][  0]LogConfig: Setting CVar [[r.ReflectionEnvironmentLightmapMixBasedOnRoughness:1]]
[2019.04.18-09.50.32:698][  0]LogConfig: Setting CVar [[r.ForwardShading:0]]
[2019.04.18-09.50.32:698][  0]LogConfig: Setting CVar [[r.VertexFoggingForOpaque:1]]
[2019.04.18-09.50.32:698][  0]LogConfig: Setting CVar [[r.AllowStaticLighting:1]]
[2019.04.18-09.50.32:698][  0]LogConfig: Setting CVar [[r.NormalMapsForStaticLighting:0]]
[2019.04.18-09.50.32:698][  0]LogConfig: Setting CVar [[r.GenerateMeshDistanceFields:0]]
[2019.04.18-09.50.32:698][  0]LogConfig: Setting CVar [[r.DistanceFieldBuild.EightBit:0]]
[2019.04.18-09.50.32:699][  0]LogConfig: Setting CVar [[r.GenerateLandscapeGIData:0]]
[2019.04.18-09.50.32:699][  0]LogConfig: Setting CVar [[r.DistanceFieldBuild.Compress:0]]
[2019.04.18-09.50.32:699][  0]LogConfig: Setting CVar [[r.TessellationAdaptivePixelsPerTriangle:48.000000]]
[2019.04.18-09.50.32:699][  0]LogConfig: Setting CVar [[r.SeparateTranslucency:0]]
[2019.04.18-09.50.32:699][  0]LogConfig: Setting CVar [[r.TranslucentSortPolicy:0]]
[2019.04.18-09.50.32:699][  0]LogConfig: Setting CVar [[r.CustomDepth:1]]
[2019.04.18-09.50.32:699][  0]LogConfig: Setting CVar [[r.CustomDepthTemporalAAJitter:1]]
[2019.04.18-09.50.32:699][  0]LogConfig: Setting CVar [[r.PostProcessing.PropagateAlpha:0]]
[2019.04.18-09.50.32:699][  0]LogConfig: Setting CVar [[r.DOF.Algorithm:1]]
[2019.04.18-09.50.32:699][  0]LogConfig: Setting CVar [[r.DefaultFeature.Bloom:0]]
[2019.04.18-09.50.32:699][  0]LogConfig: Setting CVar [[r.DefaultFeature.AmbientOcclusion:0]]
[2019.04.18-09.50.32:699][  0]LogConfig: Setting CVar [[r.DefaultFeature.AmbientOcclusionStaticFraction:1]]
[2019.04.18-09.50.32:699][  0]LogConfig: Setting CVar [[r.DefaultFeature.AutoExposure:0]]
[2019.04.18-09.50.32:699][  0]LogConfig: Setting CVar [[r.DefaultFeature.AutoExposure.Method:0]]
[2019.04.18-09.50.32:699][  0]LogConfig: Setting CVar [[r.DefaultFeature.AutoExposure.ExtendDefaultLuminanceRange:0]]
[2019.04.18-09.50.32:699][  0]LogConfig: Setting CVar [[r.UsePreExposure:0]]
[2019.04.18-09.50.32:699][  0]LogConfig: Setting CVar [[r.DefaultFeature.MotionBlur:0]]
[2019.04.18-09.50.32:699][  0]LogConfig: Setting CVar [[r.DefaultFeature.LensFlare:0]]
[2019.04.18-09.50.32:699][  0]LogConfig: Setting CVar [[r.TemporalAA.Upsampling:0]]
[2019.04.18-09.50.32:699][  0]LogConfig: Setting CVar [[r.DefaultFeature.AntiAliasing:0]]
[2019.04.18-09.50.32:699][  0]LogConfig: Setting CVar [[r.DefaultFeature.LightUnits:1]]
[2019.04.18-09.50.32:699][  0]LogConfig: Setting CVar [[r.DefaultBackBufferPixelFormat:4]]
[2019.04.18-09.50.32:699][  0]LogConfig: Setting CVar [[r.Shadow.UnbuiltPreviewInGame:1]]
[2019.04.18-09.50.32:699][  0]LogConfig: Setting CVar [[r.StencilForLODDither:0]]
[2019.04.18-09.50.32:699][  0]LogConfig: Setting CVar [[r.EarlyZPass:3]]
[2019.04.18-09.50.32:700][  0]LogConfig: Setting CVar [[r.EarlyZPassMovable:1]]
[2019.04.18-09.50.32:700][  0]LogConfig: Setting CVar [[r.EarlyZPassOnlyMaterialMasking:0]]
[2019.04.18-09.50.32:700][  0]LogConfig: Setting CVar [[r.DBuffer:1]]
[2019.04.18-09.50.32:700][  0]LogConfig: Setting CVar [[r.ClearSceneMethod:1]]
[2019.04.18-09.50.32:700][  0]LogConfig: Setting CVar [[r.BasePassOutputsVelocity:0]]
[2019.04.18-09.50.32:700][  0]LogConfig: Setting CVar [[r.SelectiveBasePassOutputs:0]]
[2019.04.18-09.50.32:700][  0]LogConfig: Setting CVar [[fx.GPUSimulationTextureSizeX:1024]]
[2019.04.18-09.50.32:700][  0]LogConfig: Setting CVar [[fx.GPUSimulationTextureSizeY:1024]]
[2019.04.18-09.50.32:700][  0]LogConfig: Setting CVar [[r.AllowGlobalClipPlane:0]]
[2019.04.18-09.50.32:700][  0]LogConfig: Setting CVar [[r.GBufferFormat:1]]
[2019.04.18-09.50.32:700][  0]LogConfig: Setting CVar [[r.MorphTarget.Mode:1]]
[2019.04.18-09.50.32:700][  0]LogConfig: Setting CVar [[vr.InstancedStereo:0]]
[2019.04.18-09.50.32:700][  0]LogConfig: Setting CVar [[vr.MultiView:0]]
[2019.04.18-09.50.32:700][  0]LogConfig: Setting CVar [[vr.MobileMultiView:0]]
[2019.04.18-09.50.32:700][  0]LogConfig: Setting CVar [[vr.MobileMultiView.Direct:0]]
[2019.04.18-09.50.32:700][  0]LogConfig: Setting CVar [[vr.MonoscopicFarField:0]]
[2019.04.18-09.50.32:700][  0]LogConfig: Setting CVar [[vr.RoundRobinOcclusion:0]]
[2019.04.18-09.50.32:700][  0]LogConfig: Setting CVar [[vr.ODSCapture:0]]
[2019.04.18-09.50.32:700][  0]LogConfig: Setting CVar [[r.WireframeCullThreshold:5.000000]]
[2019.04.18-09.50.32:700][  0]LogConfig: Setting CVar [[r.SupportStationarySkylight:1]]
[2019.04.18-09.50.32:700][  0]LogConfig: Setting CVar [[r.SupportLowQualityLightmaps:1]]
[2019.04.18-09.50.32:700][  0]LogConfig: Setting CVar [[r.SupportPointLightWholeSceneShadows:1]]
[2019.04.18-09.50.32:701][  0]LogConfig: Setting CVar [[r.SupportAtmosphericFog:1]]
[2019.04.18-09.50.32:701][  0]LogConfig: Setting CVar [[r.SkinCache.CompileShaders:0]]
[2019.04.18-09.50.32:701][  0]LogConfig: Setting CVar [[r.Mobile.EnableStaticAndCSMShadowReceivers:1]]
[2019.04.18-09.50.32:701][  0]LogConfig: Setting CVar [[r.Mobile.EnableMovableLightCSMShaderCulling:1]]
[2019.04.18-09.50.32:701][  0]LogConfig: Setting CVar [[r.Mobile.AllowDistanceFieldShadows:1]]
[2019.04.18-09.50.32:701][  0]LogConfig: Setting CVar [[r.Mobile.AllowMovableDirectionalLights:1]]
[2019.04.18-09.50.32:701][  0]LogConfig: Setting CVar [[r.MobileNumDynamicPointLights:4]]
[2019.04.18-09.50.32:701][  0]LogConfig: Setting CVar [[r.MobileDynamicPointLightsUseStaticBranch:1]]
[2019.04.18-09.50.32:701][  0]LogConfig: Setting CVar [[r.SkinCache.SceneMemoryLimitInMB:128.000000]]
[2019.04.18-09.50.32:701][  0]LogConfig: Setting CVar [[r.GPUSkin.Limit2BoneInfluences:0]]
[2019.04.18-09.50.32:701][  0]LogConfig: Setting CVar [[r.SupportDepthOnlyIndexBuffers:1]]
[2019.04.18-09.50.32:701][  0]LogConfig: Setting CVar [[r.SupportReversedIndexBuffers:1]]
[2019.04.18-09.50.32:701][  0]LogConfig: Setting CVar [[r.SupportMaterialLayers:0]]
[2019.04.18-09.50.32:701][  0]LogConfig: Applying CVar settings from Section [/Script/Engine.RendererOverrideSettings] File [C:/Users/Utsuho/Desktop/General/Project/Prototype/UEPrototype/Saved/Config/Windows/Engine.ini]
[2019.04.18-09.50.32:701][  0]LogConfig: Applying CVar settings from Section [/Script/Engine.StreamingSettings] File [C:/Users/Utsuho/Desktop/General/Project/Prototype/UEPrototype/Saved/Config/Windows/Engine.ini]
[2019.04.18-09.50.32:701][  0]LogConfig: Setting CVar [[s.MinBulkDataSizeForAsyncLoading:131072]]
[2019.04.18-09.50.32:701][  0]LogConfig: Setting CVar [[s.AsyncLoadingThreadEnabled:0]]
[2019.04.18-09.50.32:701][  0]LogConfig: Setting CVar [[s.EventDrivenLoaderEnabled:1]]
[2019.04.18-09.50.32:701][  0]LogConfig: Setting CVar [[s.WarnIfTimeLimitExceeded:0]]
[2019.04.18-09.50.32:701][  0]LogConfig: Setting CVar [[s.TimeLimitExceededMultiplier:1.5]]
[2019.04.18-09.50.32:701][  0]LogConfig: Setting CVar [[s.TimeLimitExceededMinTime:0.005]]
[2019.04.18-09.50.32:701][  0]LogConfig: Setting CVar [[s.UseBackgroundLevelStreaming:1]]
[2019.04.18-09.50.32:701][  0]LogConfig: Setting CVar [[s.PriorityAsyncLoadingExtraTime:15.0]]
[2019.04.18-09.50.32:701][  0]LogConfig: Setting CVar [[s.LevelStreamingActorsUpdateTimeLimit:5.0]]
[2019.04.18-09.50.32:701][  0]LogConfig: Setting CVar [[s.PriorityLevelStreamingActorsUpdateExtraTime:5.0]]
[2019.04.18-09.50.32:701][  0]LogConfig: Setting CVar [[s.LevelStreamingComponentsRegistrationGranularity:10]]
[2019.04.18-09.50.32:702][  0]LogConfig: Setting CVar [[s.UnregisterComponentsTimeLimit:1.0]]
[2019.04.18-09.50.32:702][  0]LogConfig: Setting CVar [[s.LevelStreamingComponentsUnregistrationGranularity:5]]
[2019.04.18-09.50.32:702][  0]LogConfig: Applying CVar settings from Section [/Script/Engine.GarbageCollectionSettings] File [C:/Users/Utsuho/Desktop/General/Project/Prototype/UEPrototype/Saved/Config/Windows/Engine.ini]
[2019.04.18-09.50.32:702][  0]LogConfig: Setting CVar [[gc.MaxObjectsNotConsideredByGC:1]]
[2019.04.18-09.50.32:702][  0]LogConfig: Setting CVar [[gc.SizeOfPermanentObjectPool:0]]
[2019.04.18-09.50.32:702][  0]LogConfig: Setting CVar [[gc.FlushStreamingOnGC:0]]
[2019.04.18-09.50.32:702][  0]LogConfig: Setting CVar [[gc.NumRetriesBeforeForcingGC:10]]
[2019.04.18-09.50.32:702][  0]LogConfig: Setting CVar [[gc.AllowParallelGC:1]]
[2019.04.18-09.50.32:702][  0]LogConfig: Setting CVar [[gc.TimeBetweenPurgingPendingKillObjects:61.1]]
[2019.04.18-09.50.32:702][  0]LogConfig: Setting CVar [[gc.MaxObjectsInEditor:8388607]]
[2019.04.18-09.50.32:702][  0]LogConfig: Setting CVar [[gc.IncrementalBeginDestroyEnabled:1]]
[2019.04.18-09.50.32:702][  0]LogConfig: Setting CVar [[gc.CreateGCClusters:1]]
[2019.04.18-09.50.32:702][  0]LogConfig: Setting CVar [[gc.MergeGCClusters:0]]
[2019.04.18-09.50.32:702][  0]LogConfig: Setting CVar [[gc.MinGCClusterSize:5]]
[2019.04.18-09.50.32:702][  0]LogConfig: Setting CVar [[gc.ActorClusteringEnabled:0]]
[2019.04.18-09.50.32:702][  0]LogConfig: Setting CVar [[gc.BlueprintClusteringEnabled:0]]
[2019.04.18-09.50.32:702][  0]LogConfig: Setting CVar [[gc.UseDisregardForGCOnDedicatedServers:0]]
[2019.04.18-09.50.32:702][  0]LogConfig: Applying CVar settings from Section [/Script/Engine.NetworkSettings] File [C:/Users/Utsuho/Desktop/General/Project/Prototype/UEPrototype/Saved/Config/Windows/Engine.ini]
[2019.04.18-09.50.32:702][  0]LogConfig: Applying CVar settings from Section [/Script/UnrealEd.CookerSettings] File [C:/Users/Utsuho/Desktop/General/Project/Prototype/UEPrototype/Saved/Config/Windows/Engine.ini]
[2019.04.18-09.50.32:732][  0]LogConfig: Applying CVar settings from Section [ViewDistanceQuality@3] File [C:/Users/Utsuho/Desktop/General/Project/Prototype/UEPrototype/Saved/Config/Windows/Scalability.ini]
[2019.04.18-09.50.32:733][  0]LogConfig: Setting CVar [[r.SkeletalMeshLODBias:0]]
[2019.04.18-09.50.32:733][  0]LogConfig: Setting CVar [[r.ViewDistanceScale:1.0]]
[2019.04.18-09.50.32:733][  0]LogConfig: Applying CVar settings from Section [AntiAliasingQuality@3] File [C:/Users/Utsuho/Desktop/General/Project/Prototype/UEPrototype/Saved/Config/Windows/Scalability.ini]
[2019.04.18-09.50.32:733][  0]LogConfig: Setting CVar [[r.PostProcessAAQuality:4]]
[2019.04.18-09.50.32:733][  0]LogConfig: Applying CVar settings from Section [ShadowQuality@3] File [C:/Users/Utsuho/Desktop/General/Project/Prototype/UEPrototype/Saved/Config/Windows/Scalability.ini]
[2019.04.18-09.50.32:733][  0]LogConfig: Setting CVar [[r.LightFunctionQuality:1]]
[2019.04.18-09.50.32:733][  0]LogConfig: Setting CVar [[r.ShadowQuality:5]]
[2019.04.18-09.50.32:733][  0]LogConfig: Setting CVar [[r.Shadow.CSM.MaxCascades:10]]
[2019.04.18-09.50.32:733][  0]LogConfig: Setting CVar [[r.Shadow.MaxResolution:2048]]
[2019.04.18-09.50.32:733][  0]LogConfig: Setting CVar [[r.Shadow.MaxCSMResolution:2048]]
[2019.04.18-09.50.32:733][  0]LogConfig: Setting CVar [[r.Shadow.RadiusThreshold:0.01]]
[2019.04.18-09.50.32:733][  0]LogConfig: Setting CVar [[r.Shadow.DistanceScale:1.0]]
[2019.04.18-09.50.32:733][  0]LogConfig: Setting CVar [[r.Shadow.CSM.TransitionScale:1.0]]
[2019.04.18-09.50.32:733][  0]LogConfig: Setting CVar [[r.Shadow.PreShadowResolutionFactor:1.0]]
[2019.04.18-09.50.32:733][  0]LogConfig: Setting CVar [[r.DistanceFieldShadowing:1]]
[2019.04.18-09.50.32:733][  0]LogConfig: Setting CVar [[r.DistanceFieldAO:1]]
[2019.04.18-09.50.32:733][  0]LogConfig: Setting CVar [[r.AOQuality:2]]
[2019.04.18-09.50.32:733][  0]LogConfig: Setting CVar [[r.VolumetricFog:1]]
[2019.04.18-09.50.32:733][  0]LogConfig: Setting CVar [[r.VolumetricFog.GridPixelSize:8]]
[2019.04.18-09.50.32:733][  0]LogConfig: Setting CVar [[r.VolumetricFog.GridSizeZ:128]]
[2019.04.18-09.50.32:733][  0]LogConfig: Setting CVar [[r.VolumetricFog.HistoryMissSupersampleCount:4]]
[2019.04.18-09.50.32:733][  0]LogConfig: Setting CVar [[r.LightMaxDrawDistanceScale:1]]
[2019.04.18-09.50.32:733][  0]LogConfig: Setting CVar [[r.CapsuleShadows:1]]
[2019.04.18-09.50.32:733][  0]LogConfig: Applying CVar settings from Section [PostProcessQuality@3] File [C:/Users/Utsuho/Desktop/General/Project/Prototype/UEPrototype/Saved/Config/Windows/Scalability.ini]
[2019.04.18-09.50.32:733][  0]LogConfig: Setting CVar [[r.MotionBlurQuality:4]]
[2019.04.18-09.50.32:733][  0]LogConfig: Setting CVar [[r.AmbientOcclusionMipLevelFactor:0.4]]
[2019.04.18-09.50.32:733][  0]LogConfig: Setting CVar [[r.AmbientOcclusionMaxQuality:100]]
[2019.04.18-09.50.32:733][  0]LogConfig: Setting CVar [[r.AmbientOcclusionLevels:-1]]
[2019.04.18-09.50.32:733][  0]LogConfig: Setting CVar [[r.AmbientOcclusionRadiusScale:1.0]]
[2019.04.18-09.50.32:733][  0]LogConfig: Setting CVar [[r.DepthOfFieldQuality:2]]
[2019.04.18-09.50.32:733][  0]LogConfig: Setting CVar [[r.RenderTargetPoolMin:400]]
[2019.04.18-09.50.32:734][  0]LogConfig: Setting CVar [[r.LensFlareQuality:2]]
[2019.04.18-09.50.32:734][  0]LogConfig: Setting CVar [[r.SceneColorFringeQuality:1]]
[2019.04.18-09.50.32:734][  0]LogConfig: Setting CVar [[r.EyeAdaptationQuality:2]]
[2019.04.18-09.50.32:734][  0]LogConfig: Setting CVar [[r.BloomQuality:5]]
[2019.04.18-09.50.32:734][  0]LogConfig: Setting CVar [[r.FastBlurThreshold:100]]
[2019.04.18-09.50.32:734][  0]LogConfig: Setting CVar [[r.Upscale.Quality:3]]
[2019.04.18-09.50.32:734][  0]LogConfig: Setting CVar [[r.Tonemapper.GrainQuantization:1]]
[2019.04.18-09.50.32:734][  0]LogConfig: Setting CVar [[r.LightShaftQuality:1]]
[2019.04.18-09.50.32:734][  0]LogConfig: Setting CVar [[r.Filter.SizeScale:1]]
[2019.04.18-09.50.32:734][  0]LogConfig: Setting CVar [[r.Tonemapper.Quality:5]]
[2019.04.18-09.50.32:734][  0]LogConfig: Setting CVar [[r.DOF.Gather.AccumulatorQuality:1        ; higher gathering accumulator quality]]
[2019.04.18-09.50.32:734][  0]LogConfig: Setting CVar [[r.DOF.Gather.PostfilterMethod:1          ; Median3x3 postfilering method]]
[2019.04.18-09.50.32:734][  0]LogConfig: Setting CVar [[r.DOF.Gather.EnableBokehSettings:0       ; no bokeh simulation when gathering]]
[2019.04.18-09.50.32:734][  0]LogConfig: Setting CVar [[r.DOF.Gather.RingCount:4                 ; medium number of samples when gathering]]
[2019.04.18-09.50.32:734][  0]LogConfig: Setting CVar [[r.DOF.Scatter.ForegroundCompositing:1    ; additive foreground scattering]]
[2019.04.18-09.50.32:734][  0]LogConfig: Setting CVar [[r.DOF.Scatter.BackgroundCompositing:2    ; additive background scattering]]
[2019.04.18-09.50.32:734][  0]LogConfig: Setting CVar [[r.DOF.Scatter.EnableBokehSettings:1      ; bokeh simulation when scattering]]
[2019.04.18-09.50.32:734][  0]LogConfig: Setting CVar [[r.DOF.Scatter.MaxSpriteRatio:0.1         ; only a maximum of 10% of scattered bokeh]]
[2019.04.18-09.50.32:734][  0]LogConfig: Setting CVar [[r.DOF.Recombine.Quality:1                ; cheap slight out of focus]]
[2019.04.18-09.50.32:734][  0]LogConfig: Setting CVar [[r.DOF.Recombine.EnableBokehSettings:0    ; no bokeh simulation on slight out of focus]]
[2019.04.18-09.50.32:734][  0]LogConfig: Setting CVar [[r.DOF.TemporalAAQuality:1                ; more stable temporal accumulation]]
[2019.04.18-09.50.32:734][  0]LogConfig: Setting CVar [[r.DOF.Kernel.MaxForegroundRadius:0.025]]
[2019.04.18-09.50.32:734][  0]LogConfig: Setting CVar [[r.DOF.Kernel.MaxBackgroundRadius:0.025]]
[2019.04.18-09.50.32:734][  0]LogConfig: Applying CVar settings from Section [TextureQuality@3] File [C:/Users/Utsuho/Desktop/General/Project/Prototype/UEPrototype/Saved/Config/Windows/Scalability.ini]
[2019.04.18-09.50.32:734][  0]LogConfig: Setting CVar [[r.Streaming.MipBias:0]]
[2019.04.18-09.50.32:734][  0]LogConfig: Setting CVar [[r.Streaming.AmortizeCPUToGPUCopy:0]]
[2019.04.18-09.50.32:734][  0]LogConfig: Setting CVar [[r.Streaming.MaxNumTexturesToStreamPerFrame:0]]
[2019.04.18-09.50.32:734][  0]LogConfig: Setting CVar [[r.Streaming.Boost:1]]
[2019.04.18-09.50.32:734][  0]LogConfig: Setting CVar [[r.MaxAnisotropy:8]]
[2019.04.18-09.50.32:734][  0]LogConfig: Setting CVar [[r.Streaming.LimitPoolSizeToVRAM:0]]
[2019.04.18-09.50.32:734][  0]LogConfig: Setting CVar [[r.Streaming.PoolSize:1000]]
[2019.04.18-09.50.32:735][  0]LogConfig: Setting CVar [[r.Streaming.MaxEffectiveScreenSize:0]]
[2019.04.18-09.50.32:735][  0]LogConfig: Applying CVar settings from Section [EffectsQuality@3] File [C:/Users/Utsuho/Desktop/General/Project/Prototype/UEPrototype/Saved/Config/Windows/Scalability.ini]
[2019.04.18-09.50.32:735][  0]LogConfig: Setting CVar [[r.TranslucencyLightingVolumeDim:64]]
[2019.04.18-09.50.32:735][  0]LogConfig: Setting CVar [[r.RefractionQuality:2]]
[2019.04.18-09.50.32:735][  0]LogConfig: Setting CVar [[r.SSR.Quality:3]]
[2019.04.18-09.50.32:735][  0]LogConfig: Setting CVar [[r.SceneColorFormat:4]]
[2019.04.18-09.50.32:735][  0]LogConfig: Setting CVar [[r.DetailMode:2]]
[2019.04.18-09.50.32:735][  0]LogConfig: Setting CVar [[r.TranslucencyVolumeBlur:1]]
[2019.04.18-09.50.32:735][  0]LogConfig: Setting CVar [[r.MaterialQualityLevel:1 ; High quality]]
[2019.04.18-09.50.32:735][  0]LogConfig: Setting CVar [[r.SSS.Scale:1]]
[2019.04.18-09.50.32:735][  0]LogConfig: Setting CVar [[r.SSS.SampleSet:2]]
[2019.04.18-09.50.32:735][  0]LogConfig: Setting CVar [[r.SSS.Quality:1]]
[2019.04.18-09.50.32:735][  0]LogConfig: Setting CVar [[r.SSS.HalfRes:1]]
[2019.04.18-09.50.32:735][  0]LogConfig: Setting CVar [[r.EmitterSpawnRateScale:1.0]]
[2019.04.18-09.50.32:735][  0]LogConfig: Setting CVar [[r.ParticleLightQuality:2]]
[2019.04.18-09.50.32:735][  0]LogConfig: Applying CVar settings from Section [FoliageQuality@3] File [C:/Users/Utsuho/Desktop/General/Project/Prototype/UEPrototype/Saved/Config/Windows/Scalability.ini]
[2019.04.18-09.50.32:735][  0]LogConfig: Setting CVar [[foliage.DensityScale:1.0]]
[2019.04.18-09.50.32:735][  0]LogConfig: Setting CVar [[grass.DensityScale:1.0]]
[2019.04.18-09.50.32:736][  0]LogInit: Selected Device Profile: [Windows]
[2019.04.18-09.50.32:736][  0]LogInit: Applying CVar settings loaded from the selected device profile: [Windows]
[2019.04.18-09.50.32:792][  0]LogHAL: Display: Platform has ~ 8 GB [8393322496 / 8589934592 / 8], which maps to Default [LargestMinGB=32, LargerMinGB=12, DefaultMinGB=8, SmallerMinGB=6, SmallestMinGB=0)
[2019.04.18-09.50.32:792][  0]LogConfig: Setting CVar [[r.Vulkan.UseRealUBs:1]]
[2019.04.18-09.50.32:792][  0]LogInit: Going up to parent DeviceProfile []
[2019.04.18-09.50.32:793][  0]LogConfig: Applying CVar settings from Section [ViewDistanceQuality@3] File [C:/Users/Utsuho/Desktop/General/Project/Prototype/UEPrototype/Saved/Config/Windows/Scalability.ini]
[2019.04.18-09.50.32:793][  0]LogConfig: Setting CVar [[r.SkeletalMeshLODBias:0]]
[2019.04.18-09.50.32:793][  0]LogConfig: Setting CVar [[r.ViewDistanceScale:1.0]]
[2019.04.18-09.50.32:793][  0]LogConfig: Applying CVar settings from Section [AntiAliasingQuality@3] File [C:/Users/Utsuho/Desktop/General/Project/Prototype/UEPrototype/Saved/Config/Windows/Scalability.ini]
[2019.04.18-09.50.32:793][  0]LogConfig: Setting CVar [[r.PostProcessAAQuality:4]]
[2019.04.18-09.50.32:793][  0]LogConfig: Applying CVar settings from Section [ShadowQuality@3] File [C:/Users/Utsuho/Desktop/General/Project/Prototype/UEPrototype/Saved/Config/Windows/Scalability.ini]
[2019.04.18-09.50.32:793][  0]LogConfig: Setting CVar [[r.LightFunctionQuality:1]]
[2019.04.18-09.50.32:793][  0]LogConfig: Setting CVar [[r.ShadowQuality:5]]
[2019.04.18-09.50.32:793][  0]LogConfig: Setting CVar [[r.Shadow.CSM.MaxCascades:10]]
[2019.04.18-09.50.32:793][  0]LogConfig: Setting CVar [[r.Shadow.MaxResolution:2048]]
[2019.04.18-09.50.32:793][  0]LogConfig: Setting CVar [[r.Shadow.MaxCSMResolution:2048]]
[2019.04.18-09.50.32:794][  0]LogConfig: Setting CVar [[r.Shadow.RadiusThreshold:0.01]]
[2019.04.18-09.50.32:794][  0]LogConfig: Setting CVar [[r.Shadow.DistanceScale:1.0]]
[2019.04.18-09.50.32:794][  0]LogConfig: Setting CVar [[r.Shadow.CSM.TransitionScale:1.0]]
[2019.04.18-09.50.32:794][  0]LogConfig: Setting CVar [[r.Shadow.PreShadowResolutionFactor:1.0]]
[2019.04.18-09.50.32:794][  0]LogConfig: Setting CVar [[r.DistanceFieldShadowing:1]]
[2019.04.18-09.50.32:794][  0]LogConfig: Setting CVar [[r.DistanceFieldAO:1]]
[2019.04.18-09.50.32:794][  0]LogConfig: Setting CVar [[r.AOQuality:2]]
[2019.04.18-09.50.32:794][  0]LogConfig: Setting CVar [[r.VolumetricFog:1]]
[2019.04.18-09.50.32:794][  0]LogConfig: Setting CVar [[r.VolumetricFog.GridPixelSize:8]]
[2019.04.18-09.50.32:794][  0]LogConfig: Setting CVar [[r.VolumetricFog.GridSizeZ:128]]
[2019.04.18-09.50.32:794][  0]LogConfig: Setting CVar [[r.VolumetricFog.HistoryMissSupersampleCount:4]]
[2019.04.18-09.50.32:794][  0]LogConfig: Setting CVar [[r.LightMaxDrawDistanceScale:1]]
[2019.04.18-09.50.32:794][  0]LogConfig: Setting CVar [[r.CapsuleShadows:1]]
[2019.04.18-09.50.32:794][  0]LogConfig: Applying CVar settings from Section [PostProcessQuality@3] File [C:/Users/Utsuho/Desktop/General/Project/Prototype/UEPrototype/Saved/Config/Windows/Scalability.ini]
[2019.04.18-09.50.32:794][  0]LogConfig: Setting CVar [[r.MotionBlurQuality:4]]
[2019.04.18-09.50.32:794][  0]LogConfig: Setting CVar [[r.AmbientOcclusionMipLevelFactor:0.4]]
[2019.04.18-09.50.32:795][  0]LogConfig: Setting CVar [[r.AmbientOcclusionMaxQuality:100]]
[2019.04.18-09.50.32:795][  0]LogConfig: Setting CVar [[r.AmbientOcclusionLevels:-1]]
[2019.04.18-09.50.32:795][  0]LogConfig: Setting CVar [[r.AmbientOcclusionRadiusScale:1.0]]
[2019.04.18-09.50.32:795][  0]LogConfig: Setting CVar [[r.DepthOfFieldQuality:2]]
[2019.04.18-09.50.32:795][  0]LogConfig: Setting CVar [[r.RenderTargetPoolMin:400]]
[2019.04.18-09.50.32:795][  0]LogConfig: Setting CVar [[r.LensFlareQuality:2]]
[2019.04.18-09.50.32:795][  0]LogConfig: Setting CVar [[r.SceneColorFringeQuality:1]]
[2019.04.18-09.50.32:795][  0]LogConfig: Setting CVar [[r.EyeAdaptationQuality:2]]
[2019.04.18-09.50.32:795][  0]LogConfig: Setting CVar [[r.BloomQuality:5]]
[2019.04.18-09.50.32:795][  0]LogConfig: Setting CVar [[r.FastBlurThreshold:100]]
[2019.04.18-09.50.32:795][  0]LogConfig: Setting CVar [[r.Upscale.Quality:3]]
[2019.04.18-09.50.32:795][  0]LogConfig: Setting CVar [[r.Tonemapper.GrainQuantization:1]]
[2019.04.18-09.50.32:795][  0]LogConfig: Setting CVar [[r.LightShaftQuality:1]]
[2019.04.18-09.50.32:795][  0]LogConfig: Setting CVar [[r.Filter.SizeScale:1]]
[2019.04.18-09.50.32:795][  0]LogConfig: Setting CVar [[r.Tonemapper.Quality:5]]
[2019.04.18-09.50.32:795][  0]LogConfig: Setting CVar [[r.DOF.Gather.AccumulatorQuality:1        ; higher gathering accumulator quality]]
[2019.04.18-09.50.32:795][  0]LogConfig: Setting CVar [[r.DOF.Gather.PostfilterMethod:1          ; Median3x3 postfilering method]]
[2019.04.18-09.50.32:796][  0]LogConfig: Setting CVar [[r.DOF.Gather.EnableBokehSettings:0       ; no bokeh simulation when gathering]]
[2019.04.18-09.50.32:796][  0]LogConfig: Setting CVar [[r.DOF.Gather.RingCount:4                 ; medium number of samples when gathering]]
[2019.04.18-09.50.32:796][  0]LogConfig: Setting CVar [[r.DOF.Scatter.ForegroundCompositing:1    ; additive foreground scattering]]
[2019.04.18-09.50.32:796][  0]LogConfig: Setting CVar [[r.DOF.Scatter.BackgroundCompositing:2    ; additive background scattering]]
[2019.04.18-09.50.32:796][  0]LogConfig: Setting CVar [[r.DOF.Scatter.EnableBokehSettings:1      ; bokeh simulation when scattering]]
[2019.04.18-09.50.32:796][  0]LogConfig: Setting CVar [[r.DOF.Scatter.MaxSpriteRatio:0.1         ; only a maximum of 10% of scattered bokeh]]
[2019.04.18-09.50.32:796][  0]LogConfig: Setting CVar [[r.DOF.Recombine.Quality:1                ; cheap slight out of focus]]
[2019.04.18-09.50.32:796][  0]LogConfig: Setting CVar [[r.DOF.Recombine.EnableBokehSettings:0    ; no bokeh simulation on slight out of focus]]
[2019.04.18-09.50.32:796][  0]LogConfig: Setting CVar [[r.DOF.TemporalAAQuality:1                ; more stable temporal accumulation]]
[2019.04.18-09.50.32:796][  0]LogConfig: Setting CVar [[r.DOF.Kernel.MaxForegroundRadius:0.025]]
[2019.04.18-09.50.32:796][  0]LogConfig: Setting CVar [[r.DOF.Kernel.MaxBackgroundRadius:0.025]]
[2019.04.18-09.50.32:796][  0]LogConfig: Applying CVar settings from Section [TextureQuality@3] File [C:/Users/Utsuho/Desktop/General/Project/Prototype/UEPrototype/Saved/Config/Windows/Scalability.ini]
[2019.04.18-09.50.32:796][  0]LogConfig: Setting CVar [[r.Streaming.MipBias:0]]
[2019.04.18-09.50.32:796][  0]LogConfig: Setting CVar [[r.Streaming.AmortizeCPUToGPUCopy:0]]
[2019.04.18-09.50.32:796][  0]LogConfig: Setting CVar [[r.Streaming.MaxNumTexturesToStreamPerFrame:0]]
[2019.04.18-09.50.32:796][  0]LogConfig: Setting CVar [[r.Streaming.Boost:1]]
[2019.04.18-09.50.32:796][  0]LogConfig: Setting CVar [[r.MaxAnisotropy:8]]
[2019.04.18-09.50.32:796][  0]LogConfig: Setting CVar [[r.Streaming.LimitPoolSizeToVRAM:0]]
[2019.04.18-09.50.32:796][  0]LogConfig: Setting CVar [[r.Streaming.PoolSize:1000]]
[2019.04.18-09.50.32:796][  0]LogConfig: Setting CVar [[r.Streaming.MaxEffectiveScreenSize:0]]
[2019.04.18-09.50.32:796][  0]LogConfig: Applying CVar settings from Section [EffectsQuality@3] File [C:/Users/Utsuho/Desktop/General/Project/Prototype/UEPrototype/Saved/Config/Windows/Scalability.ini]
[2019.04.18-09.50.32:796][  0]LogConfig: Setting CVar [[r.TranslucencyLightingVolumeDim:64]]
[2019.04.18-09.50.32:796][  0]LogConfig: Setting CVar [[r.RefractionQuality:2]]
[2019.04.18-09.50.32:796][  0]LogConfig: Setting CVar [[r.SSR.Quality:3]]
[2019.04.18-09.50.32:797][  0]LogConfig: Setting CVar [[r.SceneColorFormat:4]]
[2019.04.18-09.50.32:797][  0]LogConfig: Setting CVar [[r.DetailMode:2]]
[2019.04.18-09.50.32:797][  0]LogConfig: Setting CVar [[r.TranslucencyVolumeBlur:1]]
[2019.04.18-09.50.32:797][  0]LogConfig: Setting CVar [[r.MaterialQualityLevel:1 ; High quality]]
[2019.04.18-09.50.32:797][  0]LogConfig: Setting CVar [[r.SSS.Scale:1]]
[2019.04.18-09.50.32:797][  0]LogConfig: Setting CVar [[r.SSS.SampleSet:2]]
[2019.04.18-09.50.32:797][  0]LogConfig: Setting CVar [[r.SSS.Quality:1]]
[2019.04.18-09.50.32:797][  0]LogConfig: Setting CVar [[r.SSS.HalfRes:1]]
[2019.04.18-09.50.32:797][  0]LogConfig: Setting CVar [[r.EmitterSpawnRateScale:1.0]]
[2019.04.18-09.50.32:797][  0]LogConfig: Setting CVar [[r.ParticleLightQuality:2]]
[2019.04.18-09.50.32:797][  0]LogConfig: Applying CVar settings from Section [FoliageQuality@3] File [C:/Users/Utsuho/Desktop/General/Project/Prototype/UEPrototype/Saved/Config/Windows/Scalability.ini]
[2019.04.18-09.50.32:797][  0]LogConfig: Setting CVar [[foliage.DensityScale:1.0]]
[2019.04.18-09.50.32:797][  0]LogConfig: Setting CVar [[grass.DensityScale:1.0]]
[2019.04.18-09.50.32:797][  0]LogConfig: Applying CVar settings from Section [Startup] File [../../../Engine/Config/ConsoleVariables.ini]
[2019.04.18-09.50.32:805][  0]LogConfig: Setting CVar [[net.UseAdaptiveNetUpdateFrequency:0]]
[2019.04.18-09.50.32:805][  0]LogConfig: Applying CVar settings from Section [ConsoleVariables] File [C:/Users/Utsuho/Desktop/General/Project/Prototype/UEPrototype/Saved/Config/Windows/Engine.ini]
[2019.04.18-09.50.32:806][  0]LogInit: Computer: DESKTOP-33J3PSK
[2019.04.18-09.50.32:806][  0]LogInit: User: Utsuho
[2019.04.18-09.50.32:806][  0]LogInit: CPU Page size=4096, Cores=4
[2019.04.18-09.50.32:806][  0]LogInit: High frequency timer resolution =2.531251 MHz
[2019.04.18-09.50.32:807][  0]LogMemory: Memory total: Physical=7.8GB (8GB approx)
[2019.04.18-09.50.32:807][  0]LogMemory: Platform Memory Stats for Windows
[2019.04.18-09.50.32:807][  0]LogMemory: Process Physical Memory: 102.50 MB used, 102.50 MB peak
[2019.04.18-09.50.32:807][  0]LogMemory: Process Virtual Memory: 91.64 MB used, 91.64 MB peak
[2019.04.18-09.50.32:807][  0]LogMemory: Physical Memory: 5356.96 MB used,  2647.54 MB free, 8004.50 MB total
[2019.04.18-09.50.32:807][  0]LogMemory: Virtual Memory: 4653.90 MB used,  134213072.00 MB free, 134217728.00 MB total
[2019.04.18-09.50.33:263][  0]LogInit: Using OS detected language (ko-KR).
[2019.04.18-09.50.33:263][  0]LogInit: Using OS detected locale (ko-KR).
[2019.04.18-09.50.33:268][  0]LogTextLocalizationManager: No specific localization for 'ko-KR' exists, so the 'ko' localization will be used.
[2019.04.18-09.50.34:187][  0]LogStreaming: Display: Took  0.923s to InitEngineTextLocalization.
[2019.04.18-09.50.34:188][  0]LogInit: Setting process to per monitor DPI aware
[2019.04.18-09.50.34:397][  0]LogSlate: New Slate User Created.  User Index 0, Is Virtual User: 0
[2019.04.18-09.50.34:397][  0]LogSlate: Slate User Registered.  User Index 0, Is Virtual User: 0
[2019.04.18-09.50.38:347][  0]LogHMD: Failed to initialize OpenVR with code 110
[2019.04.18-09.50.38:347][  0]LogD3D11RHI: D3D11 adapters:
[2019.04.18-09.50.38:496][  0]LogD3D11RHI:    0. 'NVIDIA GeForce GTX 960M' (Feature Level 11_0)
[2019.04.18-09.50.38:496][  0]LogD3D11RHI:       2017/0/4002 MB DedicatedVideo/DedicatedSystem/SharedSystem, Outputs:2, VendorId:0x10de
[2019.04.18-09.50.38:515][  0]LogD3D11RHI:    1. 'Intel(R) HD Graphics 530' (Feature Level 11_0)
[2019.04.18-09.50.38:515][  0]LogD3D11RHI:       128/0/4002 MB DedicatedVideo/DedicatedSystem/SharedSystem, Outputs:0, VendorId:0x8086
[2019.04.18-09.50.38:519][  0]LogD3D11RHI:    2. 'Microsoft Basic Render Driver' (Feature Level 11_0)
[2019.04.18-09.50.38:519][  0]LogD3D11RHI:       0/0/4002 MB DedicatedVideo/DedicatedSystem/SharedSystem, Outputs:0, VendorId:0x1414
[2019.04.18-09.50.38:519][  0]LogD3D11RHI: Chosen D3D11 Adapter: 0
[2019.04.18-09.50.38:592][  0]LogD3D11RHI: Creating new Direct3DDevice
[2019.04.18-09.50.38:592][  0]LogD3D11RHI:     GPU DeviceId: 0x139b (for the marketing name, search the web for "GPU Device Id")
[2019.04.18-09.50.38:592][  0]LogWindows: EnumDisplayDevices:
[2019.04.18-09.50.38:593][  0]LogWindows:    0. 'Intel(R) HD Graphics 530' (P:1 D:1)
[2019.04.18-09.50.38:594][  0]LogWindows:    1. 'Intel(R) HD Graphics 530' (P:0 D:0)
[2019.04.18-09.50.38:595][  0]LogWindows:    2. 'Intel(R) HD Graphics 530' (P:0 D:0)
[2019.04.18-09.50.38:596][  0]LogWindows:    3. 'NVIDIA GeForce GTX 960M' (P:0 D:1)
[2019.04.18-09.50.38:597][  0]LogWindows:    4. 'NVIDIA GeForce GTX 960M' (P:0 D:0)
[2019.04.18-09.50.38:598][  0]LogWindows:    5. 'NVIDIA GeForce GTX 960M' (P:0 D:0)
[2019.04.18-09.50.38:599][  0]LogWindows:    6. 'NVIDIA GeForce GTX 960M' (P:0 D:0)
[2019.04.18-09.50.38:600][  0]LogWindows:    7. 'Mirage Driver' (P:0 D:0)
[2019.04.18-09.50.38:601][  0]LogWindows: DebugString: PrimaryIsNotTheChoosenAdapter PrimaryIsNotTheChoosenAdapter PrimaryIsNotTheChoosenAdapter GetVideoDriverDetailsInvalid PrimaryIsNotTheChoosenAdapter FoundDriverCount:4 
[2019.04.18-09.50.38:601][  0]LogD3D11RHI:     Adapter Name: NVIDIA GeForce GTX 960M
[2019.04.18-09.50.38:601][  0]LogD3D11RHI:   Driver Version: 389.27 (internal:23.21.13.8927, unified:389.27)
[2019.04.18-09.50.38:601][  0]LogD3D11RHI:      Driver Date: 4-17-2018
[2019.04.18-09.50.38:601][  0]LogRHI: Texture pool is 1412 MB (70% of 2017 MB)
[2019.04.18-09.50.38:657][  0]LogD3D11RHI: Async texture creation enabled
[2019.04.18-09.50.38:777][  0]LogD3D11RHI: GPU Timing Frequency: 1000.000000 (Debug: 2 1)
[2019.04.18-09.50.39:655][  0]LogTemp: Display: Loaded TP AllDesktopTargetPlatform
[2019.04.18-09.50.39:681][  0]LogTemp: Display: Loaded TP MacClientTargetPlatform
[2019.04.18-09.50.39:700][  0]LogTemp: Display: Loaded TP MacNoEditorTargetPlatform
[2019.04.18-09.50.39:727][  0]LogTemp: Display: Loaded TP MacServerTargetPlatform
[2019.04.18-09.50.39:756][  0]LogTemp: Display: Loaded TP MacTargetPlatform
[2019.04.18-09.50.39:783][  0]LogTemp: Display: Loaded TP WindowsClientTargetPlatform
[2019.04.18-09.50.39:803][  0]LogTemp: Display: Loaded TP WindowsNoEditorTargetPlatform
[2019.04.18-09.50.39:825][  0]LogTemp: Display: Loaded TP WindowsServerTargetPlatform
[2019.04.18-09.50.39:836][  0]LogTemp: Display: Loaded TP WindowsTargetPlatform
[2019.04.18-09.50.39:960][  0]LogTemp: Display: Loaded TP AndroidTargetPlatform
[2019.04.18-09.50.39:960][  0]LogTemp: Display: Loaded TP AndroidTargetPlatform
[2019.04.18-09.50.39:960][  0]LogTemp: Display: Loaded TP AndroidTargetPlatform
[2019.04.18-09.50.39:960][  0]LogTemp: Display: Loaded TP AndroidTargetPlatform
[2019.04.18-09.50.39:960][  0]LogTemp: Display: Loaded TP AndroidTargetPlatform
[2019.04.18-09.50.39:960][  0]LogTemp: Display: Loaded TP AndroidTargetPlatform
[2019.04.18-09.50.39:960][  0]LogTemp: Display: Loaded TP AndroidTargetPlatform
[2019.04.18-09.50.39:960][  0]LogTemp: Display: Loaded TP AndroidTargetPlatform
[2019.04.18-09.50.39:960][  0]LogTemp: Display: Loaded TP AndroidTargetPlatform
[2019.04.18-09.50.39:960][  0]LogTemp: Display: Loaded TP AndroidTargetPlatform
[2019.04.18-09.50.39:960][  0]LogTemp: Display: Loaded TP AndroidTargetPlatform
[2019.04.18-09.50.39:960][  0]LogTemp: Display: Loaded TP AndroidTargetPlatform
[2019.04.18-09.50.39:960][  0]LogTemp: Display: Loaded TP AndroidTargetPlatform
[2019.04.18-09.50.39:960][  0]LogTemp: Display: Loaded TP AndroidTargetPlatform
[2019.04.18-09.50.39:960][  0]LogTemp: Display: Loaded TP AndroidTargetPlatform
[2019.04.18-09.50.39:960][  0]LogTemp: Display: Loaded TP AndroidTargetPlatform
[2019.04.18-09.50.39:960][  0]LogTemp: Display: Loaded TP AndroidTargetPlatform
[2019.04.18-09.50.39:960][  0]LogTemp: Display: Loaded TP AndroidTargetPlatform
[2019.04.18-09.50.39:964][  0]LogTemp: Display: Loaded TP HTML5TargetPlatform
[2019.04.18-09.50.40:053][  0]LogTemp: Display: Loaded TP IOSTargetPlatform
[2019.04.18-09.50.40:053][  0]LogTemp: Display: Loaded TP IOSTargetPlatform
[2019.04.18-09.50.40:092][  0]LogTemp: Display: Loaded TP TVOSTargetPlatform
[2019.04.18-09.50.40:092][  0]LogTemp: Display: Loaded TP TVOSTargetPlatform
[2019.04.18-09.50.40:113][  0]LogTemp: Display: Loaded TP LinuxClientTargetPlatform
[2019.04.18-09.50.40:131][  0]LogTemp: Display: Loaded TP LinuxNoEditorTargetPlatform
[2019.04.18-09.50.40:151][  0]LogTemp: Display: Loaded TP LinuxServerTargetPlatform
[2019.04.18-09.50.40:181][  0]LogTemp: Display: Loaded TP LinuxTargetPlatform
[2019.04.18-09.50.40:259][  0]LogTemp: Display: Loaded TP LuminTargetPlatform
[2019.04.18-09.50.40:259][  0]LogTemp: Display: Loaded TP LuminTargetPlatform
[2019.04.18-09.50.40:259][  0]LogTargetPlatformManager: Display: Building Assets For Windows
[2019.04.18-09.50.40:453][  0]LogShaderCompilers: Guid format shader working directory is -33 characters bigger than the processId version (../../../../../../../Users/Utsuho/Desktop/General/Project/Prototype/UEPrototype/Intermediate/Shaders/WorkingDirectory/78600/).
[2019.04.18-09.50.40:454][  0]LogShaderCompilers: Cleaned the shader compiler working directory 'C:/Users/Utsuho/AppData/Local/Temp/UnrealShaderWorkingDir/5E8C136B49F7504C5B3B058B7CB85F59/'.
[2019.04.18-09.50.40:457][  0]LogXGEController: Cleaning working directory: C:/Users/Utsuho/AppData/Local/Temp/UnrealXGEWorkingDir/
[2019.04.18-09.50.40:458][  0]LogXGEController: Cannot use XGE Controller as Incredibuild is not installed on this machine.
[2019.04.18-09.50.40:458][  0]LogShaderCompilers: Cannot use XGE Shader Compiler as Incredibuild is not installed on this machine.
[2019.04.18-09.50.40:458][  0]LogShaderCompilers: Display: Using Local Shader Compiler.
[2019.04.18-09.50.43:016][  0]LogDerivedDataCache: Display: Max Cache Size: 512 MB
[2019.04.18-09.50.43:411][  0]LogDerivedDataCache: Loaded boot cache 0.39s 71MB C:/Users/Utsuho/AppData/Local/UnrealEngine/4.21/DerivedDataCache/Boot.ddc.
[2019.04.18-09.50.43:411][  0]LogDerivedDataCache: Display: Loaded Boot cache: C:/Users/Utsuho/AppData/Local/UnrealEngine/4.21/DerivedDataCache/Boot.ddc
[2019.04.18-09.50.43:411][  0]LogDerivedDataCache: FDerivedDataBackendGraph:  Pak pak cache file ../../../../../../../Users/Utsuho/Desktop/General/Project/Prototype/UEPrototype/DerivedDataCache/DDC.ddp not found, will not use a pak cache.
[2019.04.18-09.50.43:411][  0]LogDerivedDataCache: Unable to find inner node Pak for hierarchical cache Hierarchy.
[2019.04.18-09.50.43:411][  0]LogDerivedDataCache: FDerivedDataBackendGraph:  CompressedPak pak cache file ../../../../../../../Users/Utsuho/Desktop/General/Project/Prototype/UEPrototype/DerivedDataCache/Compressed.ddp not found, will not use a pak cache.
[2019.04.18-09.50.43:411][  0]LogDerivedDataCache: Unable to find inner node CompressedPak for hierarchical cache Hierarchy.
[2019.04.18-09.50.43:443][  0]LogDerivedDataCache: Display: Pak cache opened for reading ../../../Engine/DerivedDataCache/Compressed.ddp.
[2019.04.18-09.50.43:443][  0]LogDerivedDataCache: FDerivedDataBackendGraph:  EnterprisePak pak cache file ../../../Enterprise/DerivedDataCache/Compressed.ddp not found, will not use a pak cache.
[2019.04.18-09.50.43:443][  0]LogDerivedDataCache: Unable to find inner node EnterprisePak for hierarchical cache Hierarchy.
[2019.04.18-09.50.43:456][  0]LogDerivedDataCache: Using Local data cache path C:/Users/Utsuho/AppData/Local/UnrealEngine/Common/DerivedDataCache: Writable
[2019.04.18-09.50.43:456][  0]LogDerivedDataCache: Shared data cache path not found in *engine.ini, will not use an Shared cache.
[2019.04.18-09.50.43:456][  0]LogDerivedDataCache: Unable to find inner node Shared for hierarchical cache Hierarchy.
[2019.04.18-09.50.43:489][  0]LogMaterial: Verifying Global Shaders for PCD3D_SM5
[2019.04.18-09.50.43:495][  0]LogSlate: Using FreeType 2.6.0
[2019.04.18-09.50.43:510][  0]LogSlate: SlateFontServices - WITH_FREETYPE: 1, WITH_HARFBUZZ: 1
[2019.04.18-09.50.44:115][  0]LogAssetRegistry: FAssetRegistry took 0.0396 seconds to start up
[2019.04.18-09.50.44:781][  0]LogInit: Selected Device Profile: [Windows]
[2019.04.18-09.50.45:279][  0]LogSimplygon: Simplygon DLL not present - disabling.
[2019.04.18-09.50.45:297][  0]LogMeshReduction: Using SimplygonSwarm for distributed automatic mesh merging
[2019.04.18-09.50.45:298][  0]LogMeshReduction: Using ProxyLODMeshReduction for automatic mesh merging
[2019.04.18-09.50.45:298][  0]LogMeshReduction: Using QuadricMeshReduction for automatic static mesh reduction
[2019.04.18-09.50.45:298][  0]LogMeshReduction: No automatic skeletal mesh reduction module available
[2019.04.18-09.50.45:363][  0]LogNetVersion: UEPrototype 1.0.0, NetCL: 4541578, EngineNetVer: 5, GameNetVer: 0 (Checksum: 3686934511)
[2019.04.18-09.50.47:285][  0]LogPackageLocalizationCache: Processed 11 localized package path(s) for 2 prioritized culture(s) in 0.212825 seconds
[2019.04.18-09.50.47:299][  0]LogUObjectArray: 39775 objects as part of root set at end of initial load.
[2019.04.18-09.50.47:299][  0]LogUObjectAllocator: 6914656 out of 0 bytes used by permanent object pool.
[2019.04.18-09.50.47:299][  0]LogUObjectArray: CloseDisregardForGC: 0/0 objects in disregard for GC pool
[2019.04.18-09.50.53:822][  0]LogTcpMessaging: Initializing TcpMessaging bridge
[2019.04.18-09.50.53:839][  0]LogUdpMessaging: Initializing bridge on interface 0.0.0.0:0 to multicast group 230.0.0.1:6666.
[2019.04.18-09.50.54:871][  0]VRPrototype: AGridVisualizer::AGridVisualizer(11) 생성자 초기화 시작
[2019.04.18-09.50.54:940][  0]VRPrototype: AVPDirectorPawn::AVPDirectorPawn(9) 생성자 초기화 시작
[2019.04.18-09.50.54:940][  0]VRPrototype: AVPPlayerController::AVPPlayerController(8) 생성자 초기화 시작
[2019.04.18-09.50.55:115][  0]SourceControl: 소스 컨트롤이 꺼졌습니다.
[2019.04.18-09.50.55:115][  0]SourceControl: 소스 컨트롤이 꺼졌습니다.
[2019.04.18-09.50.55:126][  0]SourceControl: 소스 컨트롤이 꺼졌습니다.
[2019.04.18-09.50.55:131][  0]SourceControl: 소스 컨트롤이 꺼졌습니다.
[2019.04.18-09.50.55:474][  0]LogAndroidPermission: UAndroidPermissionCallbackProxy::GetInstance
[2019.04.18-09.50.55:896][  0]LogOcInput: OculusInput pre-init called
[2019.04.18-09.50.56:121][  0]LogEngine: Initializing Engine...
[2019.04.18-09.50.56:123][  0]LogHMD: Failed to initialize OpenVR with code 110
[2019.04.18-09.50.56:125][  0]LogStats: UGameplayTagsManager::ConstructGameplayTagTree: ImportINI prefixes -  0.000 s
[2019.04.18-09.50.56:126][  0]LogStats: UGameplayTagsManager::ConstructGameplayTagTree: Construct from data asset -  0.000 s
[2019.04.18-09.50.56:126][  0]LogStats: UGameplayTagsManager::ConstructGameplayTagTree: ImportINI -  0.000 s
[2019.04.18-09.50.56:126][  0]LogStats: UGameplayTagsManager::ConstructGameplayTagTree: GameplayTagTreeChangedEvent.Broadcast -  0.000 s
[2019.04.18-09.50.56:626][  0]LogInit: Initializing FReadOnlyCVARCache
[2019.04.18-09.50.56:672][  0]LogAIModule: Creating AISystem for world Untitled
[2019.04.18-09.50.56:874][  0]LogInit: XAudio2 using '스피커(Realtek High Definition Audio)' : 2 channels at 48 kHz using 16 bits per sample (channel mask 0x3)
[2019.04.18-09.50.56:989][  0]LogInit: FAudioDevice initialized.
[2019.04.18-09.50.56:989][  0]LogNetVersion: Set ProjectVersion to 1.0.0.0. Version Checksum will be recalculated on next use.
[2019.04.18-09.50.57:153][  0]LogDerivedDataCache: Saved boot cache 0.16s 71MB C:/Users/Utsuho/AppData/Local/UnrealEngine/4.21/DerivedDataCache/Boot.ddc.
[2019.04.18-09.50.57:176][  0]LogInit: Texture streaming: Enabled
[2019.04.18-09.50.57:210][  0]LogEngineSessionManager: EngineSessionManager initialized
[2019.04.18-09.50.57:268][  0]LogInit: Transaction tracking system initialized
[2019.04.18-09.50.57:332][  0]BlueprintLog: New page: 에디터 로드
[2019.04.18-09.50.57:527][  0]LocalizationService: 현지화 서비스가 비활성화되었습니다.
[2019.04.18-09.50.59:079][  0]LogFileCache: Scanning file cache for directory 'C:/Users/Utsuho/Desktop/General/Project/Prototype/UEPrototype/Content/' took 0.03s
[2019.04.18-09.50.59:079][  0]LogCook: Display: Max memory allowance for cook 16384mb min free memory 0mb
[2019.04.18-09.50.59:080][  0]LogCook: Display: Mobile HDR setting 0
[2019.04.18-09.50.59:080][  0]LogGameplayTags: Display: UGameplayTagsManager::DoneAddingNativeTags. DelegateIsBound: 0
[2019.04.18-09.50.59:080][  0]LogStats: UGameplayTagsManager::ConstructGameplayTagTree: ImportINI prefixes -  0.000 s
[2019.04.18-09.50.59:080][  0]LogStats: UGameplayTagsManager::ConstructGameplayTagTree: Construct from data asset -  0.000 s
[2019.04.18-09.50.59:080][  0]LogStats: UGameplayTagsManager::ConstructGameplayTagTree: ImportINI -  0.000 s
[2019.04.18-09.50.59:080][  0]LogStats: UGameplayTagsManager::ConstructGameplayTagTree: GameplayTagTreeChangedEvent.Broadcast -  0.000 s
[2019.04.18-09.50.59:797][  0]SourceControl: 소스 컨트롤이 꺼졌습니다.
[2019.04.18-09.50.59:798][  0]Cmd: MAP LOAD FILE="../../../../../../../Users/Utsuho/Desktop/General/Project/Prototype/UEPrototype/Content/Map/Map_MainMenu.umap" TEMPLATE=0 SHOWPROGRESS=1 FEATURELEVEL=3
[2019.04.18-09.50.59:808][  0]LightingResults: New page: 라이팅 빌드
[2019.04.18-09.50.59:819][  0]MapCheck: New page: 맵 체크
[2019.04.18-09.50.59:819][  0]LightingResults: New page: 라이팅 빌드
[2019.04.18-09.51.00:146][  0]VRPrototype: AGridVisualizer::AGridVisualizer(11) 생성자 초기화 시작
[2019.04.18-09.51.00:149][  0]VRPrototype: AGridVisualizer::AGridVisualizer(11) 생성자 초기화 시작
[2019.04.18-09.51.00:193][  0]VRPrototype: AGridVisualizer::AGridVisualizer(11) 생성자 초기화 시작
[2019.04.18-09.51.00:352][  0]LogAIModule: Creating AISystem for world Map_MainMenu
[2019.04.18-09.51.00:381][  0]LogEditorServer: Finished looking for orphan Actors (0.000 secs)
[2019.04.18-09.51.00:413][  0]Cmd: MAP CHECKDEP NOCLEARLOG
[2019.04.18-09.51.00:413][  0]MapCheck: 맵 체크 완료: 오류 0 회, 경고 0 회, 소요 시간 0.278ms.
[2019.04.18-09.51.00:413][  0]LogFileHelpers: Loading map 'Map_MainMenu' took 0.616
[2019.04.18-09.51.00:614][  0]LogSlate: Updating window title bar state: overlay mode, drag disabled, window buttons hidden, title bar hidden
[2019.04.18-09.51.00:624][  0]LogSlate: Updating window title bar state: overlay mode, drag disabled, window buttons hidden, title bar hidden
[2019.04.18-09.51.00:634][  0]LogSlate: Updating window title bar state: overlay mode, drag disabled, window buttons hidden, title bar hidden
[2019.04.18-09.51.00:642][  0]LogSlate: Updating window title bar state: overlay mode, drag disabled, window buttons hidden, title bar hidden
[2019.04.18-09.51.00:664][  0]LogCollectionManager: Loaded 0 collections in 0.004087 seconds
[2019.04.18-09.51.00:706][  0]LogFileCache: Scanning file cache for directory 'C:/Users/Utsuho/Desktop/General/Project/Prototype/UEPrototype/Saved/Collections/' took 0.01s
[2019.04.18-09.51.00:706][  0]LogFileCache: Scanning file cache for directory 'C:/Users/Utsuho/Desktop/General/Project/Prototype/UEPrototype/Content/Developers/Utsuho/Collections/' took 0.01s
[2019.04.18-09.51.00:706][  0]LogFileCache: Scanning file cache for directory 'C:/Users/Utsuho/Desktop/General/Project/Prototype/UEPrototype/Content/Collections/' took 0.00s
[2019.04.18-09.51.00:706][  0]LogCollectionManager: Rebuilt the GUID cache for 0 collections in 0.000000 seconds
[2019.04.18-09.51.00:722][  0]LogContentBrowser: Native class hierarchy populated in 0.0154 seconds. Added 2659 classes and 627 folders.
[2019.04.18-09.51.00:741][  0]LogContentBrowser: Native class hierarchy updated for 'WidgetCarousel' in 0.0008 seconds. Added 0 classes and 0 folders.
[2019.04.18-09.51.00:761][  0]LogPakFile: Registered encryption key '00000000000000000000000000000000': 0 pak files mounted, 0 remain pending
[2019.04.18-09.51.00:770][  0]LogPakFile: Registered encryption key '00000000000000000000000000000000': 0 pak files mounted, 0 remain pending
[2019.04.18-09.51.00:786][  0]LogPakFile: Registered encryption key '00000000000000000000000000000000': 0 pak files mounted, 0 remain pending
[2019.04.18-09.51.00:792][  0]LogPakFile: Registered encryption key '00000000000000000000000000000000': 0 pak files mounted, 0 remain pending
[2019.04.18-09.51.00:798][  0]LogPakFile: Registered encryption key '00000000000000000000000000000000': 0 pak files mounted, 0 remain pending
[2019.04.18-09.51.00:805][  0]LogPakFile: Registered encryption key '00000000000000000000000000000000': 0 pak files mounted, 0 remain pending
[2019.04.18-09.51.00:812][  0]LogPakFile: Registered encryption key '00000000000000000000000000000000': 0 pak files mounted, 0 remain pending
[2019.04.18-09.51.00:819][  0]LogPakFile: Registered encryption key '00000000000000000000000000000000': 0 pak files mounted, 0 remain pending
[2019.04.18-09.51.00:827][  0]LogPakFile: Registered encryption key '00000000000000000000000000000000': 0 pak files mounted, 0 remain pending
[2019.04.18-09.51.00:834][  0]LogPakFile: Registered encryption key '00000000000000000000000000000000': 0 pak files mounted, 0 remain pending
[2019.04.18-09.51.00:842][  0]LogPakFile: Registered encryption key '00000000000000000000000000000000': 0 pak files mounted, 0 remain pending
[2019.04.18-09.51.00:847][  0]LogPakFile: Registered encryption key '00000000000000000000000000000000': 0 pak files mounted, 0 remain pending
[2019.04.18-09.51.00:855][  0]LogPakFile: Registered encryption key '00000000000000000000000000000000': 0 pak files mounted, 0 remain pending
[2019.04.18-09.51.00:862][  0]LogPakFile: Registered encryption key '00000000000000000000000000000000': 0 pak files mounted, 0 remain pending
[2019.04.18-09.51.00:868][  0]LogPakFile: Registered encryption key '00000000000000000000000000000000': 0 pak files mounted, 0 remain pending
[2019.04.18-09.51.00:875][  0]LogPakFile: Registered encryption key '00000000000000000000000000000000': 0 pak files mounted, 0 remain pending
[2019.04.18-09.51.00:901][  0]LogPakFile: Registered encryption key '00000000000000000000000000000000': 0 pak files mounted, 0 remain pending
[2019.04.18-09.51.00:908][  0]LogPakFile: Registered encryption key '00000000000000000000000000000000': 0 pak files mounted, 0 remain pending
[2019.04.18-09.51.00:914][  0]LogPakFile: Registered encryption key '00000000000000000000000000000000': 0 pak files mounted, 0 remain pending
[2019.04.18-09.51.00:921][  0]LogPakFile: Registered encryption key '00000000000000000000000000000000': 0 pak files mounted, 0 remain pending
[2019.04.18-09.51.00:950][  0]LogPakFile: Registered encryption key '00000000000000000000000000000000': 0 pak files mounted, 0 remain pending
[2019.04.18-09.51.00:958][  0]LogPakFile: Registered encryption key '00000000000000000000000000000000': 0 pak files mounted, 0 remain pending
[2019.04.18-09.51.00:972][  0]LogPakFile: Registered encryption key '00000000000000000000000000000000': 0 pak files mounted, 0 remain pending
[2019.04.18-09.51.00:981][  0]LogPakFile: Registered encryption key '00000000000000000000000000000000': 0 pak files mounted, 0 remain pending
[2019.04.18-09.51.00:990][  0]LogPakFile: Registered encryption key '00000000000000000000000000000000': 0 pak files mounted, 0 remain pending
[2019.04.18-09.51.00:998][  0]LogPakFile: Registered encryption key '00000000000000000000000000000000': 0 pak files mounted, 0 remain pending
[2019.04.18-09.51.01:305][  0]LogContentBrowser: Native class hierarchy updated for 'AddContentDialog' in 0.0009 seconds. Added 0 classes and 0 folders.
[2019.04.18-09.51.01:319][  0]LogContentBrowser: Native class hierarchy updated for 'SceneOutliner' in 0.0010 seconds. Added 1 classes and 2 folders.
[2019.04.18-09.51.01:488][  0]LogSlate: Took 0.008686 seconds to synchronously load lazily loaded font '../../../Engine/Content/Slate/Fonts/Roboto-Regular.ttf' (155K)
[2019.04.18-09.51.01:504][  0]LogSlate: Took 0.014903 seconds to synchronously load lazily loaded font '../../../Engine/Content/Editor/Slate/Fonts/NanumGothic.ttf' (4243K)
[2019.04.18-09.51.01:518][  0]LogSlate: Took 0.012867 seconds to synchronously load lazily loaded font '../../../Engine/Content/Editor/Slate/Fonts/NanumGothicBold.ttf' (4188K)
[2019.04.18-09.51.01:526][  0]LogSlate: Took 0.007862 seconds to synchronously load lazily loaded font '../../../Engine/Content/Slate/Fonts/Roboto-Bold.ttf' (160K)
[2019.04.18-09.51.01:544][  0]LogSlate: Took 0.009286 seconds to synchronously load lazily loaded font '../../../Engine/Content/Editor/Slate/Fonts/FontAwesome.ttf' (139K)
[2019.04.18-09.51.01:559][  0]LogSlate: Took 0.008909 seconds to synchronously load lazily loaded font '../../../Engine/Content/Slate/Fonts/DroidSansMono.ttf' (77K)
[2019.04.18-09.51.01:635][  0]LogSlate: Took 0.011306 seconds to synchronously load lazily loaded font '../../../Engine/Content/Editor/Slate/Fonts/NanumGothicExtraBold.ttf' (4074K)
[2019.04.18-09.51.01:917][  0]LogRenderer: Reallocating scene render targets to support 1068x500 Format 10 NumSamples 1 (Frame:1).
[2019.04.18-09.51.01:996][  0]LogSlate: Took 0.005852 seconds to synchronously load lazily loaded font '../../../Engine/Content/Slate/Fonts/Roboto-Light.ttf' (167K)
[2019.04.18-09.51.02:146][  0]LogContentBrowser: Native class hierarchy updated for 'HierarchicalLODOutliner' in 0.0010 seconds. Added 0 classes and 0 folders.
[2019.04.18-09.51.02:146][  0]LogLoad: (Engine Initialization) Total time: 35.98 seconds
[2019.04.18-09.51.02:146][  0]LogLoad: (Engine Initialization) Total Blueprint compile time: 0.00 seconds
[2019.04.18-09.51.02:189][  0]VRPrototype: AGridVisualizer::AGridVisualizer(11) 생성자 초기화 시작
[2019.04.18-09.51.02:252][  0]LogContentStreaming: Texture pool size now 1000 MB
[2019.04.18-09.51.02:421][  2]LogAssetRegistry: Asset discovery search completed in 18.3286 seconds
[2019.04.18-09.51.02:424][  2]LogCollectionManager: Rebuilt the object cache for 0 collections in 0.000000 seconds (found 0 objects)
[2019.04.18-09.51.02:424][  2]LogCollectionManager: Fixed up redirectors for 0 collections in 0.000269 seconds (updated 0 objects)
[2019.04.18-11.35.58:839][ 72]LogWindowsTextInputMethodSystem: Display: IME system now deactivated.
[2019.04.18-11.35.58:880][ 72]LogWindowsTextInputMethodSystem: Display: IME system now activated using TSF (Microsoft 입력기).
[2019.04.18-11.35.58:891][ 72]LogSlate: FSceneViewport::OnFocusLost() reason 0
[2019.04.18-11.49.16:378][836]LogSlate: FSceneViewport::OnFocusLost() reason 0
[2019.04.18-11.49.16:763][842]LogSlate: Window 'UEPrototype - 언리얼 에디터' being destroyed
[2019.04.18-11.49.16:775][842]LogWindowsTextInputMethodSystem: Display: IME system now activated using TSF (Microsoft 입력기).
[2019.04.18-11.49.17:227][843]Cmd: QUIT_EDITOR
[2019.04.18-11.49.17:342][843]LogExit: Preparing to exit.
[2019.04.18-11.49.18:618][843]LogExit: Editor shut down
[2019.04.18-11.49.18:620][843]LogExit: Transaction tracking system shut down
[2019.04.18-11.49.19:159][843]LogExit: Object subsystem successfully closed.
[2019.04.18-11.49.19:222][843]LogShaderCompilers: Display: Shaders left to compile 0
[2019.04.18-11.49.19:231][843]LogD3D11RHI: Shutdown
[2019.04.18-11.49.19:231][843]LogD3D11RHI: CleanupD3DDevice
[2019.04.18-11.49.19:247][843]LogD3D11RHI: ~FD3D11DynamicRHI
[2019.04.18-11.49.19:386][843]LogModuleManager: Shutting down and abandoning module HierarchicalLODOutliner (624)
[2019.04.18-11.49.19:386][843]LogModuleManager: Shutting down and abandoning module SceneOutliner (622)
[2019.04.18-11.49.19:386][843]LogModuleManager: Shutting down and abandoning module AddContentDialog (620)
[2019.04.18-11.49.19:401][843]LogModuleManager: Shutting down and abandoning module WidgetCarousel (619)
[2019.04.18-11.49.19:402][843]LogModuleManager: Shutting down and abandoning module EditorWidgets (616)
[2019.04.18-11.49.19:402][843]LogModuleManager: Shutting down and abandoning module CollectionManager (614)
[2019.04.18-11.49.19:402][843]LogModuleManager: Shutting down and abandoning module StatsViewer (612)
[2019.04.18-11.49.19:403][843]LogModuleManager: Shutting down and abandoning module FoliageEdit (610)
[2019.04.18-11.49.19:403][843]LogModuleManager: Shutting down and abandoning module LandscapeEditor (608)
[2019.04.18-11.49.19:405][843]LogModuleManager: Shutting down and abandoning module MeshPaintMode (606)
[2019.04.18-11.49.19:405][843]LogModuleManager: Shutting down and abandoning module SceneDepthPickerMode (604)
[2019.04.18-11.49.19:405][843]LogModuleManager: Shutting down and abandoning module ActorPickerMode (602)
[2019.04.18-11.49.19:405][843]LogModuleManager: Shutting down and abandoning module GeometryMode (600)
[2019.04.18-11.49.19:405][843]LogModuleManager: Shutting down and abandoning module TextureAlignMode (598)
[2019.04.18-11.49.19:405][843]LogModuleManager: Shutting down and abandoning module BspMode (596)
[2019.04.18-11.49.19:405][843]LogModuleManager: Shutting down and abandoning module PIEPreviewDeviceProfileSelector (594)
[2019.04.18-11.49.19:406][843]LogModuleManager: Shutting down and abandoning module SequenceRecorderSections (592)
[2019.04.18-11.49.19:406][843]LogModuleManager: Shutting down and abandoning module AutomationWorker (590)
[2019.04.18-11.49.19:407][843]LogModuleManager: Shutting down and abandoning module AudioCaptureEditor (588)
[2019.04.18-11.49.19:407][843]LogModuleManager: Shutting down and abandoning module MatineeToLevelSequence (586)
[2019.04.18-11.49.19:408][843]LogModuleManager: Shutting down and abandoning module LevelSequenceEditor (584)
[2019.04.18-11.49.19:411][843]LogModuleManager: Shutting down and abandoning module PlacementMode (583)
[2019.04.18-11.49.19:412][843]LogModuleManager: Shutting down and abandoning module MaterialEditor (582)
[2019.04.18-11.49.19:414][843]LogModuleManager: Shutting down and abandoning module WmfMediaFactory (578)
[2019.04.18-11.49.19:414][843]LogModuleManager: Shutting down and abandoning module WmfMediaEditor (576)
[2019.04.18-11.49.19:414][843]LogModuleManager: Shutting down and abandoning module WebMMediaFactory (574)
[2019.04.18-11.49.19:415][843]LogModuleManager: Shutting down and abandoning module WebMMediaEditor (572)
[2019.04.18-11.49.19:415][843]LogModuleManager: Shutting down and abandoning module WebMMedia (570)
[2019.04.18-11.49.19:415][843]LogModuleManager: Shutting down and abandoning module MediaPlayerEditor (568)
[2019.04.18-11.49.19:416][843]LogModuleManager: Shutting down and abandoning module MediaCompositingEditor (566)
[2019.04.18-11.49.19:418][843]LogModuleManager: Shutting down and abandoning module SequenceRecorder (565)
[2019.04.18-11.49.19:418][843]LogModuleManager: Shutting down and abandoning module OpenExrWrapper (562)
[2019.04.18-11.49.19:418][843]LogModuleManager: Shutting down and abandoning module ImgMediaFactory (560)
[2019.04.18-11.49.19:418][843]LogModuleManager: Shutting down and abandoning module ImgMediaEditor (558)
[2019.04.18-11.49.19:418][843]LogModuleManager: Shutting down and abandoning module AvfMediaFactory (556)
[2019.04.18-11.49.19:418][843]LogModuleManager: Shutting down and abandoning module AvfMediaEditor (554)
[2019.04.18-11.49.19:418][843]LogModuleManager: Shutting down and abandoning module AndroidMediaFactory (552)
[2019.04.18-11.49.19:418][843]LogModuleManager: Shutting down and abandoning module AndroidMediaEditor (550)
[2019.04.18-11.49.19:418][843]LogModuleManager: Shutting down and abandoning module MagicLeapCameraPreviewFactory (548)
[2019.04.18-11.49.19:418][843]LogModuleManager: Shutting down and abandoning module MagicLeapMediaFactory (546)
[2019.04.18-11.49.19:418][843]LogModuleManager: Shutting down and abandoning module MagicLeapMediaEditor (544)
[2019.04.18-11.49.19:418][843]LogModuleManager: Shutting down and abandoning module CharacterAI (542)
[2019.04.18-11.49.19:419][843]LogModuleManager: Shutting down and abandoning module SmartSnapping (540)
[2019.04.18-11.49.19:419][843]LogModuleManager: Shutting down and abandoning module SessionServices (538)
[2019.04.18-11.49.19:419][843]LogModuleManager: Shutting down and abandoning module ViewportSnapping (536)
[2019.04.18-11.49.19:419][843]LogModuleManager: Shutting down and abandoning module ViewportInteraction (534)
[2019.04.18-11.49.19:419][843]LogModuleManager: Shutting down and abandoning module ClothPainter (532)
[2019.04.18-11.49.19:420][843]LogModuleManager: Shutting down and abandoning module SkeletalMeshEditor (531)
[2019.04.18-11.49.19:421][843]LogModuleManager: Shutting down and abandoning module LogVisualizer (528)
[2019.04.18-11.49.19:423][843]LogModuleManager: Shutting down and abandoning module IntroTutorials (526)
[2019.04.18-11.49.19:425][843]LogModuleManager: Shutting down and abandoning module GameProjectGeneration (525)
[2019.04.18-11.49.19:426][843]LogModuleManager: Shutting down and abandoning module LuminPlatformEditor (522)
[2019.04.18-11.49.19:426][843]LogModuleManager: Shutting down and abandoning module IOSPlatformEditor (520)
[2019.04.18-11.49.19:426][843]LogModuleManager: Shutting down and abandoning module HTML5PlatformEditor (518)
[2019.04.18-11.49.19:426][843]LogModuleManager: Shutting down and abandoning module AndroidPlatformEditor (516)
[2019.04.18-11.49.19:426][843]LogModuleManager: Shutting down and abandoning module AndroidDeviceDetection (515)
[2019.04.18-11.49.20:378][843]LogModuleManager: Shutting down and abandoning module WindowsPlatformEditor (512)
[2019.04.18-11.49.20:378][843]LogModuleManager: Shutting down and abandoning module LuminRuntimeSettings (510)
[2019.04.18-11.49.20:378][843]LogModuleManager: Shutting down and abandoning module IOSRuntimeSettings (508)
[2019.04.18-11.49.20:378][843]LogModuleManager: Shutting down and abandoning module AndroidRuntimeSettings (506)
[2019.04.18-11.49.20:378][843]LogModuleManager: Shutting down and abandoning module TimeManagementEditor (504)
[2019.04.18-11.49.20:379][843]LogModuleManager: Shutting down and abandoning module InputBindingEditor (502)
[2019.04.18-11.49.20:379][843]LogModuleManager: Shutting down and abandoning module MergeActors (500)
[2019.04.18-11.49.20:380][843]LogModuleManager: Shutting down and abandoning module LocalizationDashboard (498)
[2019.04.18-11.49.20:381][843]LogModuleManager: Shutting down and abandoning module LocalizationService (497)
[2019.04.18-11.49.20:382][843]LogModuleManager: Shutting down and abandoning module HardwareTargeting (494)
[2019.04.18-11.49.20:382][843]LogModuleManager: Shutting down and abandoning module DeviceProfileEditor (492)
[2019.04.18-11.49.20:382][843]LogModuleManager: Shutting down and abandoning module UndoHistory (490)
[2019.04.18-11.49.20:382][843]LogModuleManager: Shutting down and abandoning module XmlParser (488)
[2019.04.18-11.49.20:383][843]LogModuleManager: Shutting down and abandoning module Blutility (486)
[2019.04.18-11.49.20:383][843]LogModuleManager: Shutting down and abandoning module ProjectSettingsViewer (484)
[2019.04.18-11.49.20:383][843]LogModuleManager: Shutting down and abandoning module ProjectTargetPlatformEditor (483)
[2019.04.18-11.49.20:384][843]LogModuleManager: Shutting down and abandoning module EditorSettingsViewer (480)
[2019.04.18-11.49.20:384][843]LogModuleManager: Shutting down and abandoning module SettingsEditor (478)
[2019.04.18-11.49.20:385][843]LogModuleManager: Shutting down and abandoning module ProjectLauncher (476)
[2019.04.18-11.49.20:386][843]LogModuleManager: Shutting down and abandoning module SessionFrontend (474)
[2019.04.18-11.49.20:386][843]LogModuleManager: Shutting down and abandoning module ProfilerClient (472)
[2019.04.18-11.49.20:386][843]LogModuleManager: Shutting down and abandoning module DeviceManager (470)
[2019.04.18-11.49.20:387][843]LogModuleManager: Shutting down and abandoning module TargetDeviceServices (469)
[2019.04.18-11.49.20:443][843]LogModuleManager: Shutting down and abandoning module AutomationController (466)
[2019.04.18-11.49.20:444][843]LogModuleManager: Shutting down and abandoning module AutomationWindow (464)
[2019.04.18-11.49.20:445][843]LogModuleManager: Shutting down and abandoning module Layers (462)
[2019.04.18-11.49.20:447][843]LogModuleManager: Shutting down and abandoning module ComponentVisualizers (460)
[2019.04.18-11.49.20:447][843]LogModuleManager: Shutting down and abandoning module DetailCustomizations (458)
[2019.04.18-11.49.20:448][843]LogModuleManager: Shutting down and abandoning module PackagesDialog (456)
[2019.04.18-11.49.20:449][843]LogModuleManager: Shutting down and abandoning module Persona (454)
[2019.04.18-11.49.20:450][843]LogModuleManager: Shutting down and abandoning module AdvancedPreviewScene (453)
[2019.04.18-11.49.20:450][843]LogModuleManager: Shutting down and abandoning module AnimGraph (451)
[2019.04.18-11.49.20:450][843]LogModuleManager: Shutting down and abandoning module Kismet (448)
[2019.04.18-11.49.20:453][843]LogModuleManager: Shutting down and abandoning module GraphEditor (446)
[2019.04.18-11.49.20:455][843]LogModuleManager: Shutting down and abandoning module ClassViewer (444)
[2019.04.18-11.49.20:455][843]LogModuleManager: Shutting down and abandoning module Toolbox (442)
[2019.04.18-11.49.20:455][843]LogModuleManager: Shutting down and abandoning module DesktopPlatform (441)
[2019.04.18-11.49.20:456][843]LogModuleManager: Shutting down and abandoning module ModuleUI (438)
[2019.04.18-11.49.20:456][843]LogModuleManager: Shutting down and abandoning module MovieSceneTools (436)
[2019.04.18-11.49.20:457][843]LogModuleManager: Shutting down and abandoning module OutputLog (434)
[2019.04.18-11.49.20:457][843]LogModuleManager: Shutting down and abandoning module GammaUI (432)
[2019.04.18-11.49.20:457][843]LogModuleManager: Shutting down and abandoning module Documentation (430)
[2019.04.18-11.49.20:457][843]LogModuleManager: Shutting down and abandoning module MovieSceneTracks (428)
[2019.04.18-11.49.20:457][843]LogModuleManager: Shutting down and abandoning module MovieScene (426)
[2019.04.18-11.49.20:458][843]LogModuleManager: Shutting down and abandoning module StreamingPauseRendering (424)
[2019.04.18-11.49.20:458][843]LogModuleManager: Shutting down and abandoning module LauncherPlatform (422)
[2019.04.18-11.49.20:458][843]LogModuleManager: Shutting down and abandoning module AnalyticsET (420)
[2019.04.18-11.49.20:458][843]LogModuleManager: Shutting down and abandoning module PortalServices (418)
[2019.04.18-11.49.20:458][843]LogModuleManager: Shutting down and abandoning module PortalRpc (416)
[2019.04.18-11.49.20:458][843]LogModuleManager: Shutting down and abandoning module MessagingRpc (414)
[2019.04.18-11.49.20:458][843]LogModuleManager: Shutting down and abandoning module AIModule (412)
[2019.04.18-11.49.20:459][843]LogModuleManager: Shutting down and abandoning module GameplayDebugger (411)
[2019.04.18-11.49.20:459][843]LogModuleManager: Shutting down and abandoning module AITestSuite (409)
[2019.04.18-11.49.20:459][843]LogModuleManager: Shutting down and abandoning module NavigationSystem (407)
[2019.04.18-11.49.20:459][843]LogModuleManager: Shutting down and abandoning module ImageWriteQueue (404)
[2019.04.18-11.49.20:465][843]LogModuleManager: Shutting down and abandoning module ProfilerService (402)
[2019.04.18-11.49.20:505][843]LogModuleManager: Shutting down and abandoning module TaskGraph (400)
[2019.04.18-11.49.20:506][843]LogModuleManager: Shutting down and abandoning module SteamVRController (398)
[2019.04.18-11.49.20:506][843]LogModuleManager: Shutting down and abandoning module ProceduralMeshComponentEditor (396)
[2019.04.18-11.49.20:506][843]LogModuleManager: Shutting down and abandoning module ProceduralMeshComponent (394)
[2019.04.18-11.49.20:506][843]LogModuleManager: Shutting down and abandoning module OculusInput (392)
[2019.04.18-11.49.20:506][843]LogModuleManager: Shutting down and abandoning module MobilePatchingUtils (390)
[2019.04.18-11.49.20:506][843]LogModuleManager: Shutting down and abandoning module EditableMesh (388)
[2019.04.18-11.49.20:507][843]LogModuleManager: Shutting down and abandoning module CustomMeshComponent (386)
[2019.04.18-11.49.20:507][843]LogModuleManager: Shutting down and abandoning module CableComponent (384)
[2019.04.18-11.49.20:507][843]LogModuleManager: Shutting down and abandoning module AudioCapture (382)
[2019.04.18-11.49.20:507][843]LogModuleManager: Shutting down and abandoning module ArchVisCharacter (380)
[2019.04.18-11.49.20:507][843]LogModuleManager: Shutting down and abandoning module AndroidPermission (378)
[2019.04.18-11.49.20:507][843]LogModuleManager: Shutting down and abandoning module NUTUnrealEngine4 (376)
[2019.04.18-11.49.20:507][843]LogModuleManager: Shutting down and abandoning module NetcodeUnitTest (374)
[2019.04.18-11.49.20:509][843]LogModuleManager: Shutting down and abandoning module MediaCompositing (372)
[2019.04.18-11.49.20:509][843]LogModuleManager: Shutting down and abandoning module LinearTimecode (370)
[2019.04.18-11.49.20:509][843]LogModuleManager: Shutting down and abandoning module ImgMedia (368)
[2019.04.18-11.49.20:515][843]LogModuleManager: Shutting down and abandoning module HTML5Networking (366)
[2019.04.18-11.49.20:515][843]LogModuleManager: Shutting down and abandoning module GeometryCacheTracks (364)
[2019.04.18-11.49.20:515][843]LogModuleManager: Shutting down and abandoning module GeometryCacheSequencer (362)
[2019.04.18-11.49.20:515][843]LogModuleManager: Shutting down and abandoning module BackChannel (360)
[2019.04.18-11.49.20:515][843]LogModuleManager: Shutting down and abandoning module AppleVision (358)
[2019.04.18-11.49.20:515][843]LogModuleManager: Shutting down and abandoning module AppleImageUtilsBlueprintSupport (356)
[2019.04.18-11.49.20:515][843]LogModuleManager: Shutting down and abandoning module AppleImageUtils (354)
[2019.04.18-11.49.20:515][843]LogModuleManager: Shutting down and abandoning module AlembicImporter (352)
[2019.04.18-11.49.20:515][843]LogModuleManager: Shutting down and abandoning module AlembicLibrary (351)
[2019.04.18-11.49.20:515][843]LogModuleManager: Shutting down and abandoning module GeometryCache (350)
[2019.04.18-11.49.20:516][843]LogModuleManager: Shutting down and abandoning module GeometryCacheEd (349)
[2019.04.18-11.49.20:516][843]LogModuleManager: Shutting down and abandoning module VariantManagerContent (344)
[2019.04.18-11.49.20:516][843]LogModuleManager: Shutting down and abandoning module DatasmithContentEditor (342)
[2019.04.18-11.49.20:516][843]LogModuleManager: Shutting down and abandoning module SpeedTreeImporter (340)
[2019.04.18-11.49.20:516][843]LogModuleManager: Shutting down and abandoning module PluginBrowser (338)
[2019.04.18-11.49.20:518][843]LogModuleManager: Shutting down and abandoning module MobileLauncherProfileWizard (336)
[2019.04.18-11.49.20:519][843]LogModuleManager: Shutting down and abandoning module PolygonModeling (334)
[2019.04.18-11.49.20:519][843]LogModuleManager: Shutting down and abandoning module MeshEditor (332)
[2019.04.18-11.49.20:519][843]LogModuleManager: Shutting down and abandoning module CryptoKeysOpenSSL (330)
[2019.04.18-11.49.20:519][843]LogModuleManager: Shutting down and abandoning module CryptoKeys (328)
[2019.04.18-11.49.20:519][843]LogModuleManager: Shutting down and abandoning module VisualStudioSourceCodeAccess (326)
[2019.04.18-11.49.20:520][843]LogModuleManager: Shutting down and abandoning module VisualStudioCodeSourceCodeAccess (324)
[2019.04.18-11.49.20:520][843]LogModuleManager: Shutting down and abandoning module UObjectPlugin (322)
[2019.04.18-11.49.20:520][843]LogModuleManager: Shutting down and abandoning module SubversionSourceControl (320)
[2019.04.18-11.49.20:521][843]LogModuleManager: Shutting down and abandoning module PerforceSourceControl (318)
[2019.04.18-11.49.20:523][843]LogModuleManager: Shutting down and abandoning module GitSourceControl (316)
[2019.04.18-11.49.20:524][843]LogModuleManager: Shutting down and abandoning module SourceControl (315)
[2019.04.18-11.49.20:525][843]LogModuleManager: Shutting down and abandoning module CLionSourceCodeAccess (312)
[2019.04.18-11.49.20:525][843]LogModuleManager: Shutting down and abandoning module ActorLayerUtilitiesEditor (310)
[2019.04.18-11.49.20:525][843]LogModuleManager: Shutting down and abandoning module ActorLayerUtilities (308)
[2019.04.18-11.49.20:525][843]LogModuleManager: Shutting down and abandoning module LightPropagationVolumeEditor (306)
[2019.04.18-11.49.20:525][843]LogModuleManager: Shutting down and abandoning module PaperTiledImporter (304)
[2019.04.18-11.49.20:525][843]LogModuleManager: Shutting down and abandoning module PaperSpriteSheetImporter (302)
[2019.04.18-11.49.20:526][843]LogModuleManager: Shutting down and abandoning module Paper2DEditor (300)
[2019.04.18-11.49.20:527][843]LogModuleManager: Shutting down and abandoning module MeshPaint (299)
[2019.04.18-11.49.20:527][843]LogModuleManager: Shutting down and abandoning module UEPrototype (296)
[2019.04.18-11.49.20:527][843]LogModuleManager: Shutting down and abandoning module RuntimePhysXCooking (294)
[2019.04.18-11.49.20:527][843]LogModuleManager: Shutting down and abandoning module PhysXVehiclesEditor (292)
[2019.04.18-11.49.20:527][843]LogModuleManager: Shutting down and abandoning module PhysXVehicles (290)
[2019.04.18-11.49.20:527][843]LogModuleManager: Shutting down and abandoning module OculusEditor (288)
[2019.04.18-11.49.20:527][843]LogModuleManager: Shutting down and abandoning module LocationServicesBPLibrary (286)
[2019.04.18-11.49.20:527][843]LogModuleManager: Shutting down and abandoning module ActorSequence (284)
[2019.04.18-11.49.20:527][843]LogModuleManager: Shutting down and abandoning module UdpMessaging (282)
[2019.04.18-11.49.20:628][843]LogModuleManager: Shutting down and abandoning module TcpMessaging (280)
[2019.04.18-11.49.20:730][843]LogModuleManager: Shutting down and abandoning module MagicLeapAudio (278)
[2019.04.18-11.49.20:730][843]LogModuleManager: Shutting down and abandoning module GameplayTagsEditor (276)
[2019.04.18-11.49.20:730][843]LogModuleManager: Shutting down and abandoning module FacialAnimationEditor (274)
[2019.04.18-11.49.20:731][843]LogModuleManager: Shutting down and abandoning module FacialAnimation (272)
[2019.04.18-11.49.20:731][843]LogModuleManager: Shutting down and abandoning module DataValidation (270)
[2019.04.18-11.49.20:731][843]LogModuleManager: Shutting down and abandoning module AssetManagerEditor (268)
[2019.04.18-11.49.20:731][843]LogModuleManager: Shutting down and abandoning module LevelEditor (267)
[2019.04.18-11.49.20:738][843]LogModuleManager: Shutting down and abandoning module PixelInspectorModule (266)
[2019.04.18-11.49.20:739][843]LogModuleManager: Shutting down and abandoning module CommonMenuExtensions (264)
[2019.04.18-11.49.20:739][843]LogModuleManager: Shutting down and abandoning module MainFrame (262)
[2019.04.18-11.49.20:740][843]LogModuleManager: Shutting down and abandoning module HotReload (261)
[2019.04.18-11.49.20:741][843]LogModuleManager: Shutting down and abandoning module ContentBrowser (257)
[2019.04.18-11.49.20:744][843]LogModuleManager: Shutting down and abandoning module TreeMap (255)
[2019.04.18-11.49.20:745][843]LogModuleManager: Shutting down and abandoning module LightPropagationVolumeRuntime (252)
[2019.04.18-11.49.20:745][843]LogModuleManager: Shutting down and abandoning module AISupportModule (250)
[2019.04.18-11.49.20:745][843]LogModuleManager: Shutting down and abandoning module Paper2D (248)
[2019.04.18-11.49.20:745][843]LogModuleManager: Shutting down and abandoning module WindowsMoviePlayer (246)
[2019.04.18-11.49.20:746][843]LogModuleManager: Shutting down and abandoning module WebMMoviePlayer (244)
[2019.04.18-11.49.20:746][843]LogModuleManager: Shutting down and abandoning module WmfMedia (242)
[2019.04.18-11.49.20:748][843]LogModuleManager: Shutting down and abandoning module Media (241)
[2019.04.18-11.49.20:754][843]LogModuleManager: Shutting down and abandoning module PacketHandler (238)
[2019.04.18-11.49.20:754][843]LogModuleManager: Shutting down and abandoning module ClothingSystemEditor (236)
[2019.04.18-11.49.20:754][843]LogModuleManager: Shutting down and abandoning module ClothingSystemRuntime (234)
[2019.04.18-11.49.20:756][843]LogModuleManager: Shutting down and abandoning module MediaAssets (232)
[2019.04.18-11.49.20:756][843]LogModuleManager: Shutting down and abandoning module Overlay (230)
[2019.04.18-11.49.20:756][843]LogModuleManager: Shutting down and abandoning module OverlayEditor (229)
[2019.04.18-11.49.20:756][843]LogModuleManager: Shutting down and abandoning module VREditor (226)
[2019.04.18-11.49.20:757][843]LogModuleManager: Shutting down and abandoning module StringTableEditor (224)
[2019.04.18-11.49.20:757][843]LogModuleManager: Shutting down and abandoning module GameplayTasksEditor (222)
[2019.04.18-11.49.20:757][843]LogModuleManager: Shutting down and abandoning module BehaviorTreeEditor (220)
[2019.04.18-11.49.20:758][843]LogModuleManager: Shutting down and abandoning module FunctionalTesting (218)
[2019.04.18-11.49.20:759][843]LogModuleManager: Shutting down and abandoning module CollisionAnalyzer (216)
[2019.04.18-11.49.20:760][843]LogModuleManager: Shutting down and abandoning module WorkspaceMenuStructure (215)
[2019.04.18-11.49.20:762][843]LogModuleManager: Shutting down and abandoning module UMG (212)
[2019.04.18-11.49.20:762][843]LogModuleManager: Shutting down and abandoning module UMGEditor (211)
[2019.04.18-11.49.20:763][843]LogModuleManager: Shutting down and abandoning module Sequencer (210)
[2019.04.18-11.49.20:765][843]LogModuleManager: Shutting down and abandoning module MessageLog (207)
[2019.04.18-11.49.20:766][843]LogModuleManager: Shutting down and abandoning module SlateReflector (202)
[2019.04.18-11.49.20:768][843]LogModuleManager: Shutting down and abandoning module Slate (200)
[2019.04.18-11.49.20:768][843]LogModuleManager: Shutting down and abandoning module EditorStyle (198)
[2019.04.18-11.49.20:776][843]LogModuleManager: Shutting down and abandoning module MRMesh (196)
[2019.04.18-11.49.20:776][843]LogModuleManager: Shutting down and abandoning module SourceCodeAccess (194)
[2019.04.18-11.49.20:776][843]LogModuleManager: Shutting down and abandoning module HeadMountedDisplay (192)
[2019.04.18-11.49.20:776][843]LogModuleManager: Shutting down and abandoning module XAudio2 (190)
[2019.04.18-11.49.20:776][843]LogModuleManager: Shutting down and abandoning module Networking (188)
[2019.04.18-11.49.20:776][843]LogModuleManager: Shutting down and abandoning module Core (186)
[2019.04.18-11.49.20:776][843]LogModuleManager: Shutting down and abandoning module LevelSequence (184)
[2019.04.18-11.49.20:776][843]LogModuleManager: Shutting down and abandoning module KismetCompiler (182)
[2019.04.18-11.49.20:777][843]LogModuleManager: Shutting down and abandoning module MeshUtilities (180)
[2019.04.18-11.49.20:778][843]LogModuleManager: Shutting down and abandoning module MeshMergeUtilities (179)
[2019.04.18-11.49.20:779][843]LogModuleManager: Shutting down and abandoning module MeshReductionInterface (178)
[2019.04.18-11.49.20:779][843]LogModuleManager: Shutting down and abandoning module SimplygonSwarm (177)
[2019.04.18-11.49.20:779][843]LogModuleManager: Shutting down and abandoning module ProxyLODMeshReduction (175)
[2019.04.18-11.49.20:781][843]LogModuleManager: Shutting down and abandoning module SimplygonMeshReduction (173)
[2019.04.18-11.49.20:782][843]LogModuleManager: Shutting down and abandoning module QuadricMeshReduction (171)
[2019.04.18-11.49.20:782][843]LogModuleManager: Shutting down and abandoning module MaterialBaking (167)
[2019.04.18-11.49.20:782][843]LogModuleManager: Shutting down and abandoning module DirectoryWatcher (163)
[2019.04.18-11.49.20:786][843]LogModuleManager: Shutting down and abandoning module DerivedDataCache (160)
[2019.04.18-11.49.20:814][843]LogDerivedDataCache: Shutdown
[2019.04.18-11.49.20:814][843]LogModuleManager: Shutting down and abandoning module XGEController (158)
[2019.04.18-11.49.20:814][843]LogXGEController: Cleaning working directory: C:/Users/Utsuho/AppData/Local/Temp/UnrealXGEWorkingDir/
[2019.04.18-11.49.20:815][843]LogModuleManager: Shutting down and abandoning module TargetPlatform (156)
[2019.04.18-11.49.20:817][843]LogModuleManager: Shutting down and abandoning module VulkanShaderFormat (155)
[2019.04.18-11.49.20:818][843]LogModuleManager: Shutting down and abandoning module ShaderFormatVectorVM (153)
[2019.04.18-11.49.20:818][843]LogModuleManager: Shutting down and abandoning module ShaderFormatOpenGL (151)
[2019.04.18-11.49.20:818][843]LogModuleManager: Shutting down and abandoning module ShaderFormatD3D (149)
[2019.04.18-11.49.20:818][843]LogModuleManager: Shutting down and abandoning module MetalShaderFormat (147)
[2019.04.18-11.49.20:819][843]LogModuleManager: Shutting down and abandoning module TextureFormatUncompressed (145)
[2019.04.18-11.49.20:819][843]LogModuleManager: Shutting down and abandoning module TextureFormatPVR (143)
[2019.04.18-11.49.20:819][843]LogModuleManager: Shutting down and abandoning module TextureFormatDXT (141)
[2019.04.18-11.49.20:819][843]LogModuleManager: Shutting down and abandoning module TextureFormatIntelISPCTexComp (139)
[2019.04.18-11.49.20:820][843]LogModuleManager: Shutting down and abandoning module TextureFormatASTC (137)
[2019.04.18-11.49.20:820][843]LogModuleManager: Shutting down and abandoning module ImageWrapper (136)
[2019.04.18-11.49.20:820][843]LogModuleManager: Shutting down and abandoning module TextureFormatAndroid (133)
[2019.04.18-11.49.20:820][843]LogModuleManager: Shutting down and abandoning module AudioFormatOpus (131)
[2019.04.18-11.49.20:820][843]LogModuleManager: Shutting down and abandoning module AudioFormatOgg (129)
[2019.04.18-11.49.20:820][843]LogModuleManager: Shutting down and abandoning module AudioFormatADPCM (127)
[2019.04.18-11.49.20:820][843]LogModuleManager: Shutting down and abandoning module LuminTargetPlatform (125)
[2019.04.18-11.49.20:852][843]LogModuleManager: Shutting down and abandoning module LinuxTargetPlatform (123)
[2019.04.18-11.49.20:852][843]LogModuleManager: Shutting down and abandoning module LinuxServerTargetPlatform (121)
[2019.04.18-11.49.20:852][843]LogModuleManager: Shutting down and abandoning module LinuxNoEditorTargetPlatform (119)
[2019.04.18-11.49.20:852][843]LogModuleManager: Shutting down and abandoning module LinuxClientTargetPlatform (117)
[2019.04.18-11.49.20:853][843]LogModuleManager: Shutting down and abandoning module TVOSTargetPlatform (115)
[2019.04.18-11.49.20:872][843]LogModuleManager: Shutting down and abandoning module Messaging (113)
[2019.04.18-11.49.20:872][843]LogModuleManager: Shutting down and abandoning module IOSTargetPlatform (111)
[2019.04.18-11.49.20:886][843]LogModuleManager: Shutting down and abandoning module HTML5TargetPlatform (109)
[2019.04.18-11.49.20:886][843]LogModuleManager: Shutting down and abandoning module AndroidTargetPlatform (107)
[2019.04.18-11.49.20:961][843]LogModuleManager: Shutting down and abandoning module WindowsTargetPlatform (105)
[2019.04.18-11.49.20:962][843]LogModuleManager: Shutting down and abandoning module WindowsServerTargetPlatform (103)
[2019.04.18-11.49.20:962][843]LogModuleManager: Shutting down and abandoning module WindowsNoEditorTargetPlatform (101)
[2019.04.18-11.49.20:962][843]LogModuleManager: Shutting down and abandoning module WindowsClientTargetPlatform (99)
[2019.04.18-11.49.20:963][843]LogModuleManager: Shutting down and abandoning module MacTargetPlatform (97)
[2019.04.18-11.49.20:963][843]LogModuleManager: Shutting down and abandoning module MacServerTargetPlatform (95)
[2019.04.18-11.49.20:963][843]LogModuleManager: Shutting down and abandoning module MacNoEditorTargetPlatform (93)
[2019.04.18-11.49.20:963][843]LogModuleManager: Shutting down and abandoning module MacClientTargetPlatform (91)
[2019.04.18-11.49.20:964][843]LogModuleManager: Shutting down and abandoning module AllDesktopTargetPlatform (89)
[2019.04.18-11.49.20:964][843]LogModuleManager: Shutting down and abandoning module InputCore (86)
[2019.04.18-11.49.20:964][843]LogModuleManager: Shutting down and abandoning module Settings (84)
[2019.04.18-11.49.20:965][843]LogModuleManager: Shutting down and abandoning module PhysXCooking (82)
[2019.04.18-11.49.20:965][843]LogModuleManager: Shutting down and abandoning module SteamVR (80)
[2019.04.18-11.49.20:965][843]LogHMD: Freeing OpenVRDLLHandle.
[2019.04.18-11.49.20:965][843]LogModuleManager: Shutting down and abandoning module OculusHMD (78)
[2019.04.18-11.49.20:965][843]LogModuleManager: Shutting down and abandoning module ExampleDeviceProfileSelector (76)
[2019.04.18-11.49.20:965][843]LogModuleManager: Shutting down and abandoning module LauncherChunkInstaller (74)
[2019.04.18-11.49.20:965][843]LogModuleManager: Shutting down and abandoning module OnlineBlueprintSupport (72)
[2019.04.18-11.49.20:965][843]LogModuleManager: Shutting down and abandoning module OnlineSubsystem (68)
[2019.04.18-11.49.20:970][843]LogModuleManager: Shutting down and abandoning module XMPP (63)
[2019.04.18-11.49.20:973][843]LogModuleManager: Shutting down and abandoning module WebSockets (62)
[2019.04.18-11.49.21:011][843]LogModuleManager: Shutting down and abandoning module HTTP (59)
[2019.04.18-11.49.21:012][843]LogHttp: Display: Http module shutting down, but needs to wait on 1 outstanding Http requests:
[2019.04.18-11.49.21:012][843]LogHttp: Display: 	verb=[POST] url=[https://datarouter.ol.epicgames.com/datarouter/api/v1/public/data?SessionID=%7BFDF0C04A-4DBC-E62C-C638-58B9466E415E%7D&AppID=UEEditor.Rocket.Release&AppVersion=4.21.2-4753647%2B%2B%2BUE4%2BRelease-4.21&UserID=1e51e6584cfdab19cc033a923e4d2e37%7Cf20972f491e24565a030c6afa01aa409%7C36b8a828-7a73-4478-a859-aadf467041c6&AppEnvironment=datacollector-binary&UploadType=eteventstream] status=Processing
[2019.04.18-11.49.21:025][843]LogModuleManager: Shutting down and abandoning module SSL (58)
[2019.04.18-11.49.21:030][843]LogModuleManager: Shutting down and abandoning module MagicLeapIdentity (54)
[2019.04.18-11.49.21:030][843]LogModuleManager: Shutting down and abandoning module MagicLeapHelperVulkan (52)
[2019.04.18-11.49.21:030][843]LogModuleManager: Shutting down and abandoning module MagicLeapHelperOpenGL (50)
[2019.04.18-11.49.21:030][843]LogModuleManager: Shutting down and abandoning module MagicLeapSecureStorage (48)
[2019.04.18-11.49.21:030][843]LogModuleManager: Shutting down and abandoning module MagicLeapHandTracking (46)
[2019.04.18-11.49.21:030][843]LogModuleManager: Shutting down and abandoning module MagicLeapEyeTracker (44)
[2019.04.18-11.49.21:030][843]LogModuleManager: Shutting down and abandoning module MagicLeapController (42)
[2019.04.18-11.49.21:032][843]LogSlate: Slate User Destroyed.  User Index 0, Is Virtual User: 0
[2019.04.18-11.49.21:032][843]LogModuleManager: Shutting down and abandoning module MagicLeap (40)
[2019.04.18-11.49.21:033][843]LogModuleManager: Shutting down and abandoning module DatasmithContent (38)
[2019.04.18-11.49.21:034][843]LogModuleManager: Shutting down and abandoning module AnimationModifiers (36)
[2019.04.18-11.49.21:035][843]LogModuleManager: Shutting down and abandoning module PropertyEditor (35)
[2019.04.18-11.49.21:036][843]LogModuleManager: Shutting down and abandoning module AudioEditor (32)
[2019.04.18-11.49.21:037][843]LogModuleManager: Shutting down and abandoning module TextureCompressor (30)
[2019.04.18-11.49.21:038][843]LogModuleManager: Shutting down and abandoning module ShaderCore (28)
[2019.04.18-11.49.21:038][843]LogModuleManager: Shutting down and abandoning module Landscape (26)
[2019.04.18-11.49.21:038][843]LogModuleManager: Shutting down and abandoning module SlateRHIRenderer (24)
[2019.04.18-11.49.21:046][843]LogModuleManager: Shutting down and abandoning module OpenGLDrv (22)
[2019.04.18-11.49.21:046][843]LogModuleManager: Shutting down and abandoning module D3D11RHI (20)
[2019.04.18-11.49.21:046][843]LogModuleManager: Shutting down and abandoning module AnimGraphRuntime (18)
[2019.04.18-11.49.21:046][843]LogModuleManager: Shutting down and abandoning module Renderer (16)
[2019.04.18-11.49.21:046][843]LogModuleManager: Shutting down and abandoning module Engine (14)
[2019.04.18-11.49.21:046][843]LogModuleManager: Shutting down and abandoning module CoreUObject (12)
[2019.04.18-11.49.21:046][843]LogModuleManager: Shutting down and abandoning module NetworkFile (10)
[2019.04.18-11.49.21:046][843]LogModuleManager: Shutting down and abandoning module CookedIterativeFile (8)
[2019.04.18-11.49.21:046][843]LogModuleManager: Shutting down and abandoning module StreamingFile (6)
[2019.04.18-11.49.21:046][843]LogModuleManager: Shutting down and abandoning module SandboxFile (4)
[2019.04.18-11.49.21:047][843]LogModuleManager: Shutting down and abandoning module PakFile (2)
[2019.04.18-11.49.21:057][843]LogExit: Exiting.
[2019.04.18-11.49.21:074][843]Log file closed, 04/18/19 20:49:21
