Log file open, 04/24/19 01:13:41
LogWindows: Failed to load 'aqProf.dll' (GetLastError=126)
LogWindows: File 'aqProf.dll' does not exist
LogWindows: Failed to load 'VtuneApi.dll' (GetLastError=126)
LogWindows: File 'VtuneApi.dll' does not exist
LogWindows: Failed to load 'VtuneApi32e.dll' (GetLastError=126)
LogWindows: File 'VtuneApi32e.dll' does not exist
LogConsoleResponse: Display: Failed to find resolution value strings in scalability ini. Falling back to default.
LogInit: Display: Running engine for game: UEPrototype
LogPakFile: Registered encryption key '00000000000000000000000000000000': 0 pak files mounted, 0 remain pending
LogPlatformFile: Not using cached read wrapper
LogTaskGraph: Started task graph with 5 named threads and 23 total threads with 3 sets of task threads.
LogStats: Stats thread started at 1.065393
LogD3D11RHI: Loaded GFSDK_Aftermath_Lib.x64.dll
LogICUInternationalization: ICU TimeZone Detection - Raw Offset: +9:00, Platform Override: ''
LogPluginManager: Mounting plugin Paper2D
LogPluginManager: Mounting plugin AISupport
LogPluginManager: Mounting plugin LightPropagationVolume
LogPluginManager: Mounting plugin ActorLayerUtilities
LogPluginManager: Mounting plugin CLionSourceCodeAccess
LogPluginManager: Mounting plugin CodeLiteSourceCodeAccess
LogPluginManager: Mounting plugin GitSourceControl
LogPluginManager: Mounting plugin KDevelopSourceCodeAccess
LogPluginManager: Mounting plugin NullSourceCodeAccess
LogPluginManager: Mounting plugin PerforceSourceControl
LogPluginManager: Mounting plugin SubversionSourceControl
LogPluginManager: Mounting plugin UObjectPlugin
LogPluginManager: Mounting plugin VisualStudioCodeSourceCodeAccess
LogPluginManager: Mounting plugin VisualStudioSourceCodeAccess
LogPluginManager: Mounting plugin XCodeSourceCodeAccess
LogPluginManager: Mounting plugin AssetManagerEditor
LogPluginManager: Mounting plugin CryptoKeys
LogPluginManager: Mounting plugin DataValidation
LogPluginManager: Mounting plugin FacialAnimation
LogPluginManager: Mounting plugin GameplayTagsEditor
LogPluginManager: Mounting plugin MacGraphicsSwitching
LogPluginManager: Mounting plugin MeshEditor
LogPluginManager: Mounting plugin MobileLauncherProfileWizard
LogPluginManager: Mounting plugin PluginBrowser
LogPluginManager: Mounting plugin SpeedTreeImporter
LogPluginManager: Mounting plugin DatasmithContent
LogPluginManager: Mounting plugin VariantManagerContent
LogPluginManager: Mounting plugin AlembicImporter
LogPluginManager: Mounting plugin AppleImageUtils
LogPluginManager: Mounting plugin AppleVision
LogPluginManager: Mounting plugin BackChannel
LogPluginManager: Mounting plugin CharacterAI
LogPluginManager: Mounting plugin GeometryCache
LogPluginManager: Mounting plugin HTML5Networking
LogPluginManager: Mounting plugin ProxyLODPlugin
LogPluginManager: Mounting plugin MagicLeap
LogPluginManager: Mounting plugin MagicLeapMedia
LogPluginManager: Mounting plugin AndroidMedia
LogPluginManager: Mounting plugin AvfMedia
LogPluginManager: Mounting plugin ImgMedia
LogPluginManager: Mounting plugin LinearTimecode
LogPluginManager: Mounting plugin MediaCompositing
LogPluginManager: Mounting plugin MediaPlayerEditor
LogPluginManager: Mounting plugin WebMMedia
LogPluginManager: Mounting plugin WmfMedia
LogPluginManager: Mounting plugin TcpMessaging
LogPluginManager: Mounting plugin UdpMessaging
LogPluginManager: Mounting plugin ActorSequence
LogPluginManager: Mounting plugin LevelSequenceEditor
LogPluginManager: Mounting plugin MatineeToLevelSequence
LogPluginManager: Mounting plugin NetcodeUnitTest
LogPluginManager: Mounting plugin NUTUnrealEngine4
LogPluginManager: Mounting plugin OnlineSubsystemGooglePlay
LogPluginManager: Mounting plugin OnlineSubsystemIOS
LogPluginManager: Mounting plugin OnlineSubsystem
LogPluginManager: Mounting plugin OnlineSubsystemNull
LogPluginManager: Mounting plugin OnlineSubsystemUtils
LogPluginManager: Mounting plugin LauncherChunkInstaller
LogPluginManager: Mounting plugin AndroidDeviceProfileSelector
LogPluginManager: Mounting plugin AndroidMoviePlayer
LogPluginManager: Mounting plugin AndroidPermission
LogPluginManager: Mounting plugin AppleMoviePlayer
LogPluginManager: Mounting plugin ArchVisCharacter
LogPluginManager: Mounting plugin AudioCapture
LogPluginManager: Mounting plugin CableComponent
LogPluginManager: Mounting plugin CustomMeshComponent
LogPluginManager: Mounting plugin EditableMesh
LogPluginManager: Mounting plugin ExampleDeviceProfileSelector
LogPluginManager: Mounting plugin Firebase
LogPluginManager: Mounting plugin GoogleCloudMessaging
LogPluginManager: Mounting plugin IOSDeviceProfileSelector
LogPluginManager: Mounting plugin LinuxDeviceProfileSelector
LogPluginManager: Mounting plugin LocationServicesBPLibrary
LogPluginManager: Mounting plugin MobilePatchingUtils
LogPluginManager: Mounting plugin OculusVR
LogPluginManager: Mounting plugin PhysXVehicles
LogPluginManager: Mounting plugin ProceduralMeshComponent
LogPluginManager: Mounting plugin RuntimePhysXCooking
LogPluginManager: Mounting plugin SteamVR
LogPluginManager: Mounting plugin WebMMoviePlayer
LogPluginManager: Mounting plugin WindowsMoviePlayer
LogStreaming: Display: Took  0.368s to configure plugins.
LogInit: Using libcurl 7.55.1-DEV
LogInit:  - built for x86_64-pc-win32
LogInit:  - supports SSL with OpenSSL/1.0.2h
LogInit:  - supports HTTP deflate (compression) using libz 1.2.8
LogInit:  - other features:
LogInit:      CURL_VERSION_SSL
LogInit:      CURL_VERSION_LIBZ
LogInit:      CURL_VERSION_IPV6
LogInit:      CURL_VERSION_ASYNCHDNS
LogInit:      CURL_VERSION_LARGEFILE
LogInit:      CURL_VERSION_IDN
LogInit:  CurlRequestOptions (configurable via config and command line):
LogInit:  - bVerifyPeer = true  - Libcurl will verify peer certificate
LogInit:  - bUseHttpProxy = false  - Libcurl will NOT use HTTP proxy
LogInit:  - bDontReuseConnections = false  - Libcurl will reuse connections
LogInit:  - MaxHostConnections = 16  - Libcurl will limit the number of connections to a host
LogInit:  - LocalHostAddr = Default
LogInit:  - BufferSize = 65536
LogInit: WinSock: version 1.1 (2.2), MaxSocks=32767, MaxUdp=65467
LogInit: Build: ++UE4+Release-4.21-CL-4753647
LogInit: Engine Version: 4.21.2-4753647+++UE4+Release-4.21
LogInit: Compatible Engine Version: 4.21.0-4541578+++UE4+Release-4.21
LogInit: Net CL: 4541578
LogInit: OS: Windows 10 (), CPU: Intel(R) Core(TM) i7-6700HQ CPU @ 2.60GHz, GPU: Intel(R) HD Graphics 530
LogInit: Compiled (64-bit): Jan 19 2019 02:07:31
LogInit: Compiled with Visual C++: 19.13.26129.00
LogInit: Build Configuration: Development
LogInit: Branch Name: ++UE4+Release-4.21
LogInit: Command Line: 
LogInit: Base Directory: C:/Program Files (x86)/~Game/Epic Games/UE_4.21/Engine/Binaries/Win64/
LogInit: Installed Engine Build: 1
LogDevObjectVersion: Number of dev versions registered: 22
LogDevObjectVersion:   Dev-Blueprints (B0D832E4-1F89-4F0D-ACCF-7EB736FD4AA2): 10
LogDevObjectVersion:   Dev-Build (E1C64328-A22C-4D53-A36C-8E866417BD8C): 0
LogDevObjectVersion:   Dev-Core (375EC13C-06E4-48FB-B500-84F0262A717E): 2
LogDevObjectVersion:   Dev-Editor (E4B068ED-F494-42E9-A231-DA0B2E46BB41): 26
LogDevObjectVersion:   Dev-Framework (CFFC743F-43B0-4480-9391-14DF171D2073): 34
LogDevObjectVersion:   Dev-Mobile (B02B49B5-BB20-44E9-A304-32B752E40360): 2
LogDevObjectVersion:   Dev-Networking (A4E4105C-59A1-49B5-A7C5-40C4547EDFEE): 0
LogDevObjectVersion:   Dev-Online (39C831C9-5AE6-47DC-9A44-9C173E1C8E7C): 0
LogDevObjectVersion:   Dev-Physics (78F01B33-EBEA-4F98-B9B4-84EACCB95AA2): 0
LogDevObjectVersion:   Dev-Platform (6631380F-2D4D-43E0-8009-CF276956A95A): 0
LogDevObjectVersion:   Dev-Rendering (12F88B9F-8875-4AFC-A67C-D90C383ABD29): 27
LogDevObjectVersion:   Dev-Sequencer (7B5AE74C-D270-4C10-A958-57980B212A5A): 9
LogDevObjectVersion:   Dev-VR (D7296918-1DD6-4BDD-9DE2-64A83CC13884): 2
LogDevObjectVersion:   Dev-LoadTimes (C2A15278-BFE7-4AFE-6C17-90FF531DF755): 1
LogDevObjectVersion:   Private-Geometry (6EACA3D4-40EC-4CC1-B786-8BED09428FC5): 3
LogDevObjectVersion:   Dev-AnimPhys (29E575DD-E0A3-4627-9D10-D276232CDCEA): 17
LogDevObjectVersion:   Dev-Anim (AF43A65D-7FD3-4947-9873-3E8ED9C1BB05): 2
LogDevObjectVersion:   Dev-ReflectionCapture (6B266CEC-1EC7-4B8F-A30B-E4D90942FC07): 1
LogDevObjectVersion:   Dev-Automation (0DF73D61-A23F-47EA-B727-89E90C41499A): 1
LogDevObjectVersion:   FortniteMain (601D1886-AC64-4F84-AA16-D3DE0DEAC7D6): 17
LogDevObjectVersion:   Dev-Enterprise (9DFFBCD6-494F-0158-E221-12823C92A888): 4
LogDevObjectVersion:   Dev-Niagara (F2AED0AC-9AFE-416F-8664-AA7FFA26D6FC): 1
LogStreaming: Display: Took  0.013s to delete old logs.
LogInit: Presizing for max 8388607 objects, including 0 objects not considered by GC, pre-allocating 0 bytes for permanent pool.
LogInit: Object subsystem initialized
LogConfig: Setting CVar [[con.DebugEarlyDefault:1]]
LogConfig: Setting CVar [[r.setres:1280x720]]
[2019.04.23-16.13.43:877][  0]LogConfig: Setting CVar [[r.VSync:0]]
[2019.04.23-16.13.43:877][  0]LogConfig: Setting CVar [[r.RHICmdBypass:0]]
[2019.04.23-16.13.43:878][  0]LogConfig: Applying CVar settings from Section [/Script/Engine.RendererSettings] File [C:/Users/Utsuho/Desktop/General/Project/Prototype/UEPrototype/Saved/Config/Windows/Engine.ini]
[2019.04.23-16.13.43:878][  0]LogConfig: Setting CVar [[r.GPUCrashDebugging:0]]
[2019.04.23-16.13.43:878][  0]LogConfig: Setting CVar [[r.MobileHDR:0]]
[2019.04.23-16.13.43:878][  0]LogConfig: Setting CVar [[r.Mobile.DisableVertexFog:1]]
[2019.04.23-16.13.43:878][  0]LogConfig: Setting CVar [[r.Shadow.CSM.MaxMobileCascades:2]]
[2019.04.23-16.13.43:878][  0]LogConfig: Setting CVar [[r.MobileMSAA:1]]
[2019.04.23-16.13.43:878][  0]LogConfig: Setting CVar [[r.Mobile.UseLegacyShadingModel:0]]
[2019.04.23-16.13.43:878][  0]LogConfig: Setting CVar [[r.Mobile.AllowDitheredLODTransition:0]]
[2019.04.23-16.13.43:878][  0]LogConfig: Setting CVar [[r.Mobile.AllowSoftwareOcclusion:0]]
[2019.04.23-16.13.43:878][  0]LogConfig: Setting CVar [[r.DiscardUnusedQuality:0]]
[2019.04.23-16.13.43:878][  0]LogConfig: Setting CVar [[r.AllowOcclusionQueries:1]]
[2019.04.23-16.13.43:878][  0]LogConfig: Setting CVar [[r.MinScreenRadiusForLights:0.030000]]
[2019.04.23-16.13.43:878][  0]LogConfig: Setting CVar [[r.MinScreenRadiusForDepthPrepass:0.030000]]
[2019.04.23-16.13.43:878][  0]LogConfig: Setting CVar [[r.MinScreenRadiusForCSMDepth:0.010000]]
[2019.04.23-16.13.43:878][  0]LogConfig: Setting CVar [[r.PrecomputedVisibilityWarning:0]]
[2019.04.23-16.13.43:878][  0]LogConfig: Setting CVar [[r.TextureStreaming:1]]
[2019.04.23-16.13.43:878][  0]LogConfig: Setting CVar [[Compat.UseDXT5NormalMaps:0]]
[2019.04.23-16.13.43:878][  0]LogConfig: Setting CVar [[r.ClearCoatNormal:0]]
[2019.04.23-16.13.43:878][  0]LogConfig: Setting CVar [[r.ReflectionCaptureResolution:128]]
[2019.04.23-16.13.43:878][  0]LogConfig: Setting CVar [[r.ReflectionEnvironmentLightmapMixBasedOnRoughness:1]]
[2019.04.23-16.13.43:878][  0]LogConfig: Setting CVar [[r.ForwardShading:0]]
[2019.04.23-16.13.43:878][  0]LogConfig: Setting CVar [[r.VertexFoggingForOpaque:1]]
[2019.04.23-16.13.43:878][  0]LogConfig: Setting CVar [[r.AllowStaticLighting:1]]
[2019.04.23-16.13.43:878][  0]LogConfig: Setting CVar [[r.NormalMapsForStaticLighting:0]]
[2019.04.23-16.13.43:878][  0]LogConfig: Setting CVar [[r.GenerateMeshDistanceFields:0]]
[2019.04.23-16.13.43:878][  0]LogConfig: Setting CVar [[r.DistanceFieldBuild.EightBit:0]]
[2019.04.23-16.13.43:878][  0]LogConfig: Setting CVar [[r.GenerateLandscapeGIData:0]]
[2019.04.23-16.13.43:878][  0]LogConfig: Setting CVar [[r.DistanceFieldBuild.Compress:0]]
[2019.04.23-16.13.43:878][  0]LogConfig: Setting CVar [[r.TessellationAdaptivePixelsPerTriangle:48.000000]]
[2019.04.23-16.13.43:878][  0]LogConfig: Setting CVar [[r.SeparateTranslucency:0]]
[2019.04.23-16.13.43:878][  0]LogConfig: Setting CVar [[r.TranslucentSortPolicy:0]]
[2019.04.23-16.13.43:878][  0]LogConfig: Setting CVar [[r.CustomDepth:1]]
[2019.04.23-16.13.43:878][  0]LogConfig: Setting CVar [[r.CustomDepthTemporalAAJitter:1]]
[2019.04.23-16.13.43:878][  0]LogConfig: Setting CVar [[r.PostProcessing.PropagateAlpha:0]]
[2019.04.23-16.13.43:878][  0]LogConfig: Setting CVar [[r.DOF.Algorithm:1]]
[2019.04.23-16.13.43:878][  0]LogConfig: Setting CVar [[r.DefaultFeature.Bloom:0]]
[2019.04.23-16.13.43:878][  0]LogConfig: Setting CVar [[r.DefaultFeature.AmbientOcclusion:0]]
[2019.04.23-16.13.43:878][  0]LogConfig: Setting CVar [[r.DefaultFeature.AmbientOcclusionStaticFraction:1]]
[2019.04.23-16.13.43:878][  0]LogConfig: Setting CVar [[r.DefaultFeature.AutoExposure:0]]
[2019.04.23-16.13.43:878][  0]LogConfig: Setting CVar [[r.DefaultFeature.AutoExposure.Method:0]]
[2019.04.23-16.13.43:878][  0]LogConfig: Setting CVar [[r.DefaultFeature.AutoExposure.ExtendDefaultLuminanceRange:0]]
[2019.04.23-16.13.43:878][  0]LogConfig: Setting CVar [[r.UsePreExposure:0]]
[2019.04.23-16.13.43:878][  0]LogConfig: Setting CVar [[r.DefaultFeature.MotionBlur:0]]
[2019.04.23-16.13.43:878][  0]LogConfig: Setting CVar [[r.DefaultFeature.LensFlare:0]]
[2019.04.23-16.13.43:878][  0]LogConfig: Setting CVar [[r.TemporalAA.Upsampling:0]]
[2019.04.23-16.13.43:879][  0]LogConfig: Setting CVar [[r.DefaultFeature.AntiAliasing:0]]
[2019.04.23-16.13.43:879][  0]LogConfig: Setting CVar [[r.DefaultFeature.LightUnits:1]]
[2019.04.23-16.13.43:879][  0]LogConfig: Setting CVar [[r.DefaultBackBufferPixelFormat:4]]
[2019.04.23-16.13.43:879][  0]LogConfig: Setting CVar [[r.Shadow.UnbuiltPreviewInGame:1]]
[2019.04.23-16.13.43:879][  0]LogConfig: Setting CVar [[r.StencilForLODDither:0]]
[2019.04.23-16.13.43:879][  0]LogConfig: Setting CVar [[r.EarlyZPass:3]]
[2019.04.23-16.13.43:879][  0]LogConfig: Setting CVar [[r.EarlyZPassMovable:1]]
[2019.04.23-16.13.43:879][  0]LogConfig: Setting CVar [[r.EarlyZPassOnlyMaterialMasking:0]]
[2019.04.23-16.13.43:879][  0]LogConfig: Setting CVar [[r.DBuffer:1]]
[2019.04.23-16.13.43:879][  0]LogConfig: Setting CVar [[r.ClearSceneMethod:1]]
[2019.04.23-16.13.43:879][  0]LogConfig: Setting CVar [[r.BasePassOutputsVelocity:0]]
[2019.04.23-16.13.43:879][  0]LogConfig: Setting CVar [[r.SelectiveBasePassOutputs:0]]
[2019.04.23-16.13.43:879][  0]LogConfig: Setting CVar [[fx.GPUSimulationTextureSizeX:1024]]
[2019.04.23-16.13.43:879][  0]LogConfig: Setting CVar [[fx.GPUSimulationTextureSizeY:1024]]
[2019.04.23-16.13.43:879][  0]LogConfig: Setting CVar [[r.AllowGlobalClipPlane:0]]
[2019.04.23-16.13.43:879][  0]LogConfig: Setting CVar [[r.GBufferFormat:1]]
[2019.04.23-16.13.43:879][  0]LogConfig: Setting CVar [[r.MorphTarget.Mode:1]]
[2019.04.23-16.13.43:879][  0]LogConfig: Setting CVar [[vr.InstancedStereo:0]]
[2019.04.23-16.13.43:879][  0]LogConfig: Setting CVar [[vr.MultiView:0]]
[2019.04.23-16.13.43:879][  0]LogConfig: Setting CVar [[vr.MobileMultiView:0]]
[2019.04.23-16.13.43:879][  0]LogConfig: Setting CVar [[vr.MobileMultiView.Direct:0]]
[2019.04.23-16.13.43:879][  0]LogConfig: Setting CVar [[vr.MonoscopicFarField:0]]
[2019.04.23-16.13.43:879][  0]LogConfig: Setting CVar [[vr.RoundRobinOcclusion:0]]
[2019.04.23-16.13.43:879][  0]LogConfig: Setting CVar [[vr.ODSCapture:0]]
[2019.04.23-16.13.43:879][  0]LogConfig: Setting CVar [[r.WireframeCullThreshold:5.000000]]
[2019.04.23-16.13.43:879][  0]LogConfig: Setting CVar [[r.SupportStationarySkylight:1]]
[2019.04.23-16.13.43:879][  0]LogConfig: Setting CVar [[r.SupportLowQualityLightmaps:1]]
[2019.04.23-16.13.43:879][  0]LogConfig: Setting CVar [[r.SupportPointLightWholeSceneShadows:1]]
[2019.04.23-16.13.43:879][  0]LogConfig: Setting CVar [[r.SupportAtmosphericFog:1]]
[2019.04.23-16.13.43:879][  0]LogConfig: Setting CVar [[r.SkinCache.CompileShaders:0]]
[2019.04.23-16.13.43:879][  0]LogConfig: Setting CVar [[r.Mobile.EnableStaticAndCSMShadowReceivers:1]]
[2019.04.23-16.13.43:879][  0]LogConfig: Setting CVar [[r.Mobile.EnableMovableLightCSMShaderCulling:1]]
[2019.04.23-16.13.43:879][  0]LogConfig: Setting CVar [[r.Mobile.AllowDistanceFieldShadows:1]]
[2019.04.23-16.13.43:879][  0]LogConfig: Setting CVar [[r.Mobile.AllowMovableDirectionalLights:1]]
[2019.04.23-16.13.43:880][  0]LogConfig: Setting CVar [[r.MobileNumDynamicPointLights:4]]
[2019.04.23-16.13.43:880][  0]LogConfig: Setting CVar [[r.MobileDynamicPointLightsUseStaticBranch:1]]
[2019.04.23-16.13.43:880][  0]LogConfig: Setting CVar [[r.SkinCache.SceneMemoryLimitInMB:128.000000]]
[2019.04.23-16.13.43:880][  0]LogConfig: Setting CVar [[r.GPUSkin.Limit2BoneInfluences:0]]
[2019.04.23-16.13.43:880][  0]LogConfig: Setting CVar [[r.SupportDepthOnlyIndexBuffers:1]]
[2019.04.23-16.13.43:880][  0]LogConfig: Setting CVar [[r.SupportReversedIndexBuffers:1]]
[2019.04.23-16.13.43:880][  0]LogConfig: Setting CVar [[r.SupportMaterialLayers:0]]
[2019.04.23-16.13.43:880][  0]LogConfig: Applying CVar settings from Section [/Script/Engine.RendererOverrideSettings] File [C:/Users/Utsuho/Desktop/General/Project/Prototype/UEPrototype/Saved/Config/Windows/Engine.ini]
[2019.04.23-16.13.43:880][  0]LogConfig: Applying CVar settings from Section [/Script/Engine.StreamingSettings] File [C:/Users/Utsuho/Desktop/General/Project/Prototype/UEPrototype/Saved/Config/Windows/Engine.ini]
[2019.04.23-16.13.43:880][  0]LogConfig: Setting CVar [[s.MinBulkDataSizeForAsyncLoading:131072]]
[2019.04.23-16.13.43:880][  0]LogConfig: Setting CVar [[s.AsyncLoadingThreadEnabled:0]]
[2019.04.23-16.13.43:880][  0]LogConfig: Setting CVar [[s.EventDrivenLoaderEnabled:1]]
[2019.04.23-16.13.43:880][  0]LogConfig: Setting CVar [[s.WarnIfTimeLimitExceeded:0]]
[2019.04.23-16.13.43:880][  0]LogConfig: Setting CVar [[s.TimeLimitExceededMultiplier:1.5]]
[2019.04.23-16.13.43:880][  0]LogConfig: Setting CVar [[s.TimeLimitExceededMinTime:0.005]]
[2019.04.23-16.13.43:880][  0]LogConfig: Setting CVar [[s.UseBackgroundLevelStreaming:1]]
[2019.04.23-16.13.43:880][  0]LogConfig: Setting CVar [[s.PriorityAsyncLoadingExtraTime:15.0]]
[2019.04.23-16.13.43:880][  0]LogConfig: Setting CVar [[s.LevelStreamingActorsUpdateTimeLimit:5.0]]
[2019.04.23-16.13.43:880][  0]LogConfig: Setting CVar [[s.PriorityLevelStreamingActorsUpdateExtraTime:5.0]]
[2019.04.23-16.13.43:880][  0]LogConfig: Setting CVar [[s.LevelStreamingComponentsRegistrationGranularity:10]]
[2019.04.23-16.13.43:880][  0]LogConfig: Setting CVar [[s.UnregisterComponentsTimeLimit:1.0]]
[2019.04.23-16.13.43:880][  0]LogConfig: Setting CVar [[s.LevelStreamingComponentsUnregistrationGranularity:5]]
[2019.04.23-16.13.43:880][  0]LogConfig: Applying CVar settings from Section [/Script/Engine.GarbageCollectionSettings] File [C:/Users/Utsuho/Desktop/General/Project/Prototype/UEPrototype/Saved/Config/Windows/Engine.ini]
[2019.04.23-16.13.43:880][  0]LogConfig: Setting CVar [[gc.MaxObjectsNotConsideredByGC:1]]
[2019.04.23-16.13.43:880][  0]LogConfig: Setting CVar [[gc.SizeOfPermanentObjectPool:0]]
[2019.04.23-16.13.43:880][  0]LogConfig: Setting CVar [[gc.FlushStreamingOnGC:0]]
[2019.04.23-16.13.43:880][  0]LogConfig: Setting CVar [[gc.NumRetriesBeforeForcingGC:10]]
[2019.04.23-16.13.43:880][  0]LogConfig: Setting CVar [[gc.AllowParallelGC:1]]
[2019.04.23-16.13.43:881][  0]LogConfig: Setting CVar [[gc.TimeBetweenPurgingPendingKillObjects:61.1]]
[2019.04.23-16.13.43:881][  0]LogConfig: Setting CVar [[gc.MaxObjectsInEditor:8388607]]
[2019.04.23-16.13.43:881][  0]LogConfig: Setting CVar [[gc.IncrementalBeginDestroyEnabled:1]]
[2019.04.23-16.13.43:881][  0]LogConfig: Setting CVar [[gc.CreateGCClusters:1]]
[2019.04.23-16.13.43:881][  0]LogConfig: Setting CVar [[gc.MergeGCClusters:0]]
[2019.04.23-16.13.43:881][  0]LogConfig: Setting CVar [[gc.MinGCClusterSize:5]]
[2019.04.23-16.13.43:881][  0]LogConfig: Setting CVar [[gc.ActorClusteringEnabled:0]]
[2019.04.23-16.13.43:881][  0]LogConfig: Setting CVar [[gc.BlueprintClusteringEnabled:0]]
[2019.04.23-16.13.43:881][  0]LogConfig: Setting CVar [[gc.UseDisregardForGCOnDedicatedServers:0]]
[2019.04.23-16.13.43:881][  0]LogConfig: Applying CVar settings from Section [/Script/Engine.NetworkSettings] File [C:/Users/Utsuho/Desktop/General/Project/Prototype/UEPrototype/Saved/Config/Windows/Engine.ini]
[2019.04.23-16.13.43:881][  0]LogConfig: Applying CVar settings from Section [/Script/UnrealEd.CookerSettings] File [C:/Users/Utsuho/Desktop/General/Project/Prototype/UEPrototype/Saved/Config/Windows/Engine.ini]
[2019.04.23-16.13.43:897][  0]LogConfig: Applying CVar settings from Section [ViewDistanceQuality@3] File [C:/Users/Utsuho/Desktop/General/Project/Prototype/UEPrototype/Saved/Config/Windows/Scalability.ini]
[2019.04.23-16.13.43:897][  0]LogConfig: Setting CVar [[r.SkeletalMeshLODBias:0]]
[2019.04.23-16.13.43:897][  0]LogConfig: Setting CVar [[r.ViewDistanceScale:1.0]]
[2019.04.23-16.13.43:897][  0]LogConfig: Applying CVar settings from Section [AntiAliasingQuality@3] File [C:/Users/Utsuho/Desktop/General/Project/Prototype/UEPrototype/Saved/Config/Windows/Scalability.ini]
[2019.04.23-16.13.43:897][  0]LogConfig: Setting CVar [[r.PostProcessAAQuality:4]]
[2019.04.23-16.13.43:897][  0]LogConfig: Applying CVar settings from Section [ShadowQuality@3] File [C:/Users/Utsuho/Desktop/General/Project/Prototype/UEPrototype/Saved/Config/Windows/Scalability.ini]
[2019.04.23-16.13.43:897][  0]LogConfig: Setting CVar [[r.LightFunctionQuality:1]]
[2019.04.23-16.13.43:897][  0]LogConfig: Setting CVar [[r.ShadowQuality:5]]
[2019.04.23-16.13.43:897][  0]LogConfig: Setting CVar [[r.Shadow.CSM.MaxCascades:10]]
[2019.04.23-16.13.43:897][  0]LogConfig: Setting CVar [[r.Shadow.MaxResolution:2048]]
[2019.04.23-16.13.43:897][  0]LogConfig: Setting CVar [[r.Shadow.MaxCSMResolution:2048]]
[2019.04.23-16.13.43:897][  0]LogConfig: Setting CVar [[r.Shadow.RadiusThreshold:0.01]]
[2019.04.23-16.13.43:897][  0]LogConfig: Setting CVar [[r.Shadow.DistanceScale:1.0]]
[2019.04.23-16.13.43:897][  0]LogConfig: Setting CVar [[r.Shadow.CSM.TransitionScale:1.0]]
[2019.04.23-16.13.43:897][  0]LogConfig: Setting CVar [[r.Shadow.PreShadowResolutionFactor:1.0]]
[2019.04.23-16.13.43:897][  0]LogConfig: Setting CVar [[r.DistanceFieldShadowing:1]]
[2019.04.23-16.13.43:897][  0]LogConfig: Setting CVar [[r.DistanceFieldAO:1]]
[2019.04.23-16.13.43:897][  0]LogConfig: Setting CVar [[r.AOQuality:2]]
[2019.04.23-16.13.43:897][  0]LogConfig: Setting CVar [[r.VolumetricFog:1]]
[2019.04.23-16.13.43:897][  0]LogConfig: Setting CVar [[r.VolumetricFog.GridPixelSize:8]]
[2019.04.23-16.13.43:897][  0]LogConfig: Setting CVar [[r.VolumetricFog.GridSizeZ:128]]
[2019.04.23-16.13.43:897][  0]LogConfig: Setting CVar [[r.VolumetricFog.HistoryMissSupersampleCount:4]]
[2019.04.23-16.13.43:897][  0]LogConfig: Setting CVar [[r.LightMaxDrawDistanceScale:1]]
[2019.04.23-16.13.43:897][  0]LogConfig: Setting CVar [[r.CapsuleShadows:1]]
[2019.04.23-16.13.43:897][  0]LogConfig: Applying CVar settings from Section [PostProcessQuality@3] File [C:/Users/Utsuho/Desktop/General/Project/Prototype/UEPrototype/Saved/Config/Windows/Scalability.ini]
[2019.04.23-16.13.43:898][  0]LogConfig: Setting CVar [[r.MotionBlurQuality:4]]
[2019.04.23-16.13.43:898][  0]LogConfig: Setting CVar [[r.AmbientOcclusionMipLevelFactor:0.4]]
[2019.04.23-16.13.43:898][  0]LogConfig: Setting CVar [[r.AmbientOcclusionMaxQuality:100]]
[2019.04.23-16.13.43:898][  0]LogConfig: Setting CVar [[r.AmbientOcclusionLevels:-1]]
[2019.04.23-16.13.43:898][  0]LogConfig: Setting CVar [[r.AmbientOcclusionRadiusScale:1.0]]
[2019.04.23-16.13.43:898][  0]LogConfig: Setting CVar [[r.DepthOfFieldQuality:2]]
[2019.04.23-16.13.43:898][  0]LogConfig: Setting CVar [[r.RenderTargetPoolMin:400]]
[2019.04.23-16.13.43:898][  0]LogConfig: Setting CVar [[r.LensFlareQuality:2]]
[2019.04.23-16.13.43:898][  0]LogConfig: Setting CVar [[r.SceneColorFringeQuality:1]]
[2019.04.23-16.13.43:898][  0]LogConfig: Setting CVar [[r.EyeAdaptationQuality:2]]
[2019.04.23-16.13.43:898][  0]LogConfig: Setting CVar [[r.BloomQuality:5]]
[2019.04.23-16.13.43:898][  0]LogConfig: Setting CVar [[r.FastBlurThreshold:100]]
[2019.04.23-16.13.43:898][  0]LogConfig: Setting CVar [[r.Upscale.Quality:3]]
[2019.04.23-16.13.43:899][  0]LogConfig: Setting CVar [[r.Tonemapper.GrainQuantization:1]]
[2019.04.23-16.13.43:899][  0]LogConfig: Setting CVar [[r.LightShaftQuality:1]]
[2019.04.23-16.13.43:899][  0]LogConfig: Setting CVar [[r.Filter.SizeScale:1]]
[2019.04.23-16.13.43:899][  0]LogConfig: Setting CVar [[r.Tonemapper.Quality:5]]
[2019.04.23-16.13.43:899][  0]LogConfig: Setting CVar [[r.DOF.Gather.AccumulatorQuality:1        ; higher gathering accumulator quality]]
[2019.04.23-16.13.43:899][  0]LogConfig: Setting CVar [[r.DOF.Gather.PostfilterMethod:1          ; Median3x3 postfilering method]]
[2019.04.23-16.13.43:899][  0]LogConfig: Setting CVar [[r.DOF.Gather.EnableBokehSettings:0       ; no bokeh simulation when gathering]]
[2019.04.23-16.13.43:899][  0]LogConfig: Setting CVar [[r.DOF.Gather.RingCount:4                 ; medium number of samples when gathering]]
[2019.04.23-16.13.43:899][  0]LogConfig: Setting CVar [[r.DOF.Scatter.ForegroundCompositing:1    ; additive foreground scattering]]
[2019.04.23-16.13.43:899][  0]LogConfig: Setting CVar [[r.DOF.Scatter.BackgroundCompositing:2    ; additive background scattering]]
[2019.04.23-16.13.43:899][  0]LogConfig: Setting CVar [[r.DOF.Scatter.EnableBokehSettings:1      ; bokeh simulation when scattering]]
[2019.04.23-16.13.43:899][  0]LogConfig: Setting CVar [[r.DOF.Scatter.MaxSpriteRatio:0.1         ; only a maximum of 10% of scattered bokeh]]
[2019.04.23-16.13.43:899][  0]LogConfig: Setting CVar [[r.DOF.Recombine.Quality:1                ; cheap slight out of focus]]
[2019.04.23-16.13.43:899][  0]LogConfig: Setting CVar [[r.DOF.Recombine.EnableBokehSettings:0    ; no bokeh simulation on slight out of focus]]
[2019.04.23-16.13.43:899][  0]LogConfig: Setting CVar [[r.DOF.TemporalAAQuality:1                ; more stable temporal accumulation]]
[2019.04.23-16.13.43:899][  0]LogConfig: Setting CVar [[r.DOF.Kernel.MaxForegroundRadius:0.025]]
[2019.04.23-16.13.43:899][  0]LogConfig: Setting CVar [[r.DOF.Kernel.MaxBackgroundRadius:0.025]]
[2019.04.23-16.13.43:899][  0]LogConfig: Applying CVar settings from Section [TextureQuality@3] File [C:/Users/Utsuho/Desktop/General/Project/Prototype/UEPrototype/Saved/Config/Windows/Scalability.ini]
[2019.04.23-16.13.43:899][  0]LogConfig: Setting CVar [[r.Streaming.MipBias:0]]
[2019.04.23-16.13.43:899][  0]LogConfig: Setting CVar [[r.Streaming.AmortizeCPUToGPUCopy:0]]
[2019.04.23-16.13.43:899][  0]LogConfig: Setting CVar [[r.Streaming.MaxNumTexturesToStreamPerFrame:0]]
[2019.04.23-16.13.43:899][  0]LogConfig: Setting CVar [[r.Streaming.Boost:1]]
[2019.04.23-16.13.43:899][  0]LogConfig: Setting CVar [[r.MaxAnisotropy:8]]
[2019.04.23-16.13.43:900][  0]LogConfig: Setting CVar [[r.Streaming.LimitPoolSizeToVRAM:0]]
[2019.04.23-16.13.43:900][  0]LogConfig: Setting CVar [[r.Streaming.PoolSize:1000]]
[2019.04.23-16.13.43:900][  0]LogConfig: Setting CVar [[r.Streaming.MaxEffectiveScreenSize:0]]
[2019.04.23-16.13.43:900][  0]LogConfig: Applying CVar settings from Section [EffectsQuality@3] File [C:/Users/Utsuho/Desktop/General/Project/Prototype/UEPrototype/Saved/Config/Windows/Scalability.ini]
[2019.04.23-16.13.43:900][  0]LogConfig: Setting CVar [[r.TranslucencyLightingVolumeDim:64]]
[2019.04.23-16.13.43:900][  0]LogConfig: Setting CVar [[r.RefractionQuality:2]]
[2019.04.23-16.13.43:900][  0]LogConfig: Setting CVar [[r.SSR.Quality:3]]
[2019.04.23-16.13.43:900][  0]LogConfig: Setting CVar [[r.SceneColorFormat:4]]
[2019.04.23-16.13.43:900][  0]LogConfig: Setting CVar [[r.DetailMode:2]]
[2019.04.23-16.13.43:900][  0]LogConfig: Setting CVar [[r.TranslucencyVolumeBlur:1]]
[2019.04.23-16.13.43:900][  0]LogConfig: Setting CVar [[r.MaterialQualityLevel:1 ; High quality]]
[2019.04.23-16.13.43:900][  0]LogConfig: Setting CVar [[r.SSS.Scale:1]]
[2019.04.23-16.13.43:900][  0]LogConfig: Setting CVar [[r.SSS.SampleSet:2]]
[2019.04.23-16.13.43:900][  0]LogConfig: Setting CVar [[r.SSS.Quality:1]]
[2019.04.23-16.13.43:900][  0]LogConfig: Setting CVar [[r.SSS.HalfRes:1]]
[2019.04.23-16.13.43:900][  0]LogConfig: Setting CVar [[r.EmitterSpawnRateScale:1.0]]
[2019.04.23-16.13.43:900][  0]LogConfig: Setting CVar [[r.ParticleLightQuality:2]]
[2019.04.23-16.13.43:900][  0]LogConfig: Applying CVar settings from Section [FoliageQuality@3] File [C:/Users/Utsuho/Desktop/General/Project/Prototype/UEPrototype/Saved/Config/Windows/Scalability.ini]
[2019.04.23-16.13.43:900][  0]LogConfig: Setting CVar [[foliage.DensityScale:1.0]]
[2019.04.23-16.13.43:900][  0]LogConfig: Setting CVar [[grass.DensityScale:1.0]]
[2019.04.23-16.13.43:901][  0]LogInit: Selected Device Profile: [Windows]
[2019.04.23-16.13.43:901][  0]LogInit: Applying CVar settings loaded from the selected device profile: [Windows]
[2019.04.23-16.13.43:954][  0]LogHAL: Display: Platform has ~ 8 GB [8393322496 / 8589934592 / 8], which maps to Default [LargestMinGB=32, LargerMinGB=12, DefaultMinGB=8, SmallerMinGB=6, SmallestMinGB=0)
[2019.04.23-16.13.43:954][  0]LogConfig: Setting CVar [[r.Vulkan.UseRealUBs:1]]
[2019.04.23-16.13.43:954][  0]LogInit: Going up to parent DeviceProfile []
[2019.04.23-16.13.43:954][  0]LogConfig: Applying CVar settings from Section [ViewDistanceQuality@3] File [C:/Users/Utsuho/Desktop/General/Project/Prototype/UEPrototype/Saved/Config/Windows/Scalability.ini]
[2019.04.23-16.13.43:954][  0]LogConfig: Setting CVar [[r.SkeletalMeshLODBias:0]]
[2019.04.23-16.13.43:954][  0]LogConfig: Setting CVar [[r.ViewDistanceScale:1.0]]
[2019.04.23-16.13.43:954][  0]LogConfig: Applying CVar settings from Section [AntiAliasingQuality@3] File [C:/Users/Utsuho/Desktop/General/Project/Prototype/UEPrototype/Saved/Config/Windows/Scalability.ini]
[2019.04.23-16.13.43:955][  0]LogConfig: Setting CVar [[r.PostProcessAAQuality:4]]
[2019.04.23-16.13.43:955][  0]LogConfig: Applying CVar settings from Section [ShadowQuality@3] File [C:/Users/Utsuho/Desktop/General/Project/Prototype/UEPrototype/Saved/Config/Windows/Scalability.ini]
[2019.04.23-16.13.43:955][  0]LogConfig: Setting CVar [[r.LightFunctionQuality:1]]
[2019.04.23-16.13.43:955][  0]LogConfig: Setting CVar [[r.ShadowQuality:5]]
[2019.04.23-16.13.43:955][  0]LogConfig: Setting CVar [[r.Shadow.CSM.MaxCascades:10]]
[2019.04.23-16.13.43:955][  0]LogConfig: Setting CVar [[r.Shadow.MaxResolution:2048]]
[2019.04.23-16.13.43:955][  0]LogConfig: Setting CVar [[r.Shadow.MaxCSMResolution:2048]]
[2019.04.23-16.13.43:955][  0]LogConfig: Setting CVar [[r.Shadow.RadiusThreshold:0.01]]
[2019.04.23-16.13.43:955][  0]LogConfig: Setting CVar [[r.Shadow.DistanceScale:1.0]]
[2019.04.23-16.13.43:955][  0]LogConfig: Setting CVar [[r.Shadow.CSM.TransitionScale:1.0]]
[2019.04.23-16.13.43:955][  0]LogConfig: Setting CVar [[r.Shadow.PreShadowResolutionFactor:1.0]]
[2019.04.23-16.13.43:955][  0]LogConfig: Setting CVar [[r.DistanceFieldShadowing:1]]
[2019.04.23-16.13.43:955][  0]LogConfig: Setting CVar [[r.DistanceFieldAO:1]]
[2019.04.23-16.13.43:955][  0]LogConfig: Setting CVar [[r.AOQuality:2]]
[2019.04.23-16.13.43:955][  0]LogConfig: Setting CVar [[r.VolumetricFog:1]]
[2019.04.23-16.13.43:955][  0]LogConfig: Setting CVar [[r.VolumetricFog.GridPixelSize:8]]
[2019.04.23-16.13.43:955][  0]LogConfig: Setting CVar [[r.VolumetricFog.GridSizeZ:128]]
[2019.04.23-16.13.43:955][  0]LogConfig: Setting CVar [[r.VolumetricFog.HistoryMissSupersampleCount:4]]
[2019.04.23-16.13.43:955][  0]LogConfig: Setting CVar [[r.LightMaxDrawDistanceScale:1]]
[2019.04.23-16.13.43:955][  0]LogConfig: Setting CVar [[r.CapsuleShadows:1]]
[2019.04.23-16.13.43:955][  0]LogConfig: Applying CVar settings from Section [PostProcessQuality@3] File [C:/Users/Utsuho/Desktop/General/Project/Prototype/UEPrototype/Saved/Config/Windows/Scalability.ini]
[2019.04.23-16.13.43:955][  0]LogConfig: Setting CVar [[r.MotionBlurQuality:4]]
[2019.04.23-16.13.43:955][  0]LogConfig: Setting CVar [[r.AmbientOcclusionMipLevelFactor:0.4]]
[2019.04.23-16.13.43:955][  0]LogConfig: Setting CVar [[r.AmbientOcclusionMaxQuality:100]]
[2019.04.23-16.13.43:955][  0]LogConfig: Setting CVar [[r.AmbientOcclusionLevels:-1]]
[2019.04.23-16.13.43:955][  0]LogConfig: Setting CVar [[r.AmbientOcclusionRadiusScale:1.0]]
[2019.04.23-16.13.43:955][  0]LogConfig: Setting CVar [[r.DepthOfFieldQuality:2]]
[2019.04.23-16.13.43:955][  0]LogConfig: Setting CVar [[r.RenderTargetPoolMin:400]]
[2019.04.23-16.13.43:955][  0]LogConfig: Setting CVar [[r.LensFlareQuality:2]]
[2019.04.23-16.13.43:955][  0]LogConfig: Setting CVar [[r.SceneColorFringeQuality:1]]
[2019.04.23-16.13.43:955][  0]LogConfig: Setting CVar [[r.EyeAdaptationQuality:2]]
[2019.04.23-16.13.43:955][  0]LogConfig: Setting CVar [[r.BloomQuality:5]]
[2019.04.23-16.13.43:955][  0]LogConfig: Setting CVar [[r.FastBlurThreshold:100]]
[2019.04.23-16.13.43:955][  0]LogConfig: Setting CVar [[r.Upscale.Quality:3]]
[2019.04.23-16.13.43:955][  0]LogConfig: Setting CVar [[r.Tonemapper.GrainQuantization:1]]
[2019.04.23-16.13.43:955][  0]LogConfig: Setting CVar [[r.LightShaftQuality:1]]
[2019.04.23-16.13.43:955][  0]LogConfig: Setting CVar [[r.Filter.SizeScale:1]]
[2019.04.23-16.13.43:955][  0]LogConfig: Setting CVar [[r.Tonemapper.Quality:5]]
[2019.04.23-16.13.43:955][  0]LogConfig: Setting CVar [[r.DOF.Gather.AccumulatorQuality:1        ; higher gathering accumulator quality]]
[2019.04.23-16.13.43:955][  0]LogConfig: Setting CVar [[r.DOF.Gather.PostfilterMethod:1          ; Median3x3 postfilering method]]
[2019.04.23-16.13.43:955][  0]LogConfig: Setting CVar [[r.DOF.Gather.EnableBokehSettings:0       ; no bokeh simulation when gathering]]
[2019.04.23-16.13.43:955][  0]LogConfig: Setting CVar [[r.DOF.Gather.RingCount:4                 ; medium number of samples when gathering]]
[2019.04.23-16.13.43:955][  0]LogConfig: Setting CVar [[r.DOF.Scatter.ForegroundCompositing:1    ; additive foreground scattering]]
[2019.04.23-16.13.43:955][  0]LogConfig: Setting CVar [[r.DOF.Scatter.BackgroundCompositing:2    ; additive background scattering]]
[2019.04.23-16.13.43:955][  0]LogConfig: Setting CVar [[r.DOF.Scatter.EnableBokehSettings:1      ; bokeh simulation when scattering]]
[2019.04.23-16.13.43:955][  0]LogConfig: Setting CVar [[r.DOF.Scatter.MaxSpriteRatio:0.1         ; only a maximum of 10% of scattered bokeh]]
[2019.04.23-16.13.43:955][  0]LogConfig: Setting CVar [[r.DOF.Recombine.Quality:1                ; cheap slight out of focus]]
[2019.04.23-16.13.43:955][  0]LogConfig: Setting CVar [[r.DOF.Recombine.EnableBokehSettings:0    ; no bokeh simulation on slight out of focus]]
[2019.04.23-16.13.43:955][  0]LogConfig: Setting CVar [[r.DOF.TemporalAAQuality:1                ; more stable temporal accumulation]]
[2019.04.23-16.13.43:955][  0]LogConfig: Setting CVar [[r.DOF.Kernel.MaxForegroundRadius:0.025]]
[2019.04.23-16.13.43:955][  0]LogConfig: Setting CVar [[r.DOF.Kernel.MaxBackgroundRadius:0.025]]
[2019.04.23-16.13.43:955][  0]LogConfig: Applying CVar settings from Section [TextureQuality@3] File [C:/Users/Utsuho/Desktop/General/Project/Prototype/UEPrototype/Saved/Config/Windows/Scalability.ini]
[2019.04.23-16.13.43:955][  0]LogConfig: Setting CVar [[r.Streaming.MipBias:0]]
[2019.04.23-16.13.43:955][  0]LogConfig: Setting CVar [[r.Streaming.AmortizeCPUToGPUCopy:0]]
[2019.04.23-16.13.43:956][  0]LogConfig: Setting CVar [[r.Streaming.MaxNumTexturesToStreamPerFrame:0]]
[2019.04.23-16.13.43:956][  0]LogConfig: Setting CVar [[r.Streaming.Boost:1]]
[2019.04.23-16.13.43:956][  0]LogConfig: Setting CVar [[r.MaxAnisotropy:8]]
[2019.04.23-16.13.43:956][  0]LogConfig: Setting CVar [[r.Streaming.LimitPoolSizeToVRAM:0]]
[2019.04.23-16.13.43:956][  0]LogConfig: Setting CVar [[r.Streaming.PoolSize:1000]]
[2019.04.23-16.13.43:956][  0]LogConfig: Setting CVar [[r.Streaming.MaxEffectiveScreenSize:0]]
[2019.04.23-16.13.43:956][  0]LogConfig: Applying CVar settings from Section [EffectsQuality@3] File [C:/Users/Utsuho/Desktop/General/Project/Prototype/UEPrototype/Saved/Config/Windows/Scalability.ini]
[2019.04.23-16.13.43:956][  0]LogConfig: Setting CVar [[r.TranslucencyLightingVolumeDim:64]]
[2019.04.23-16.13.43:956][  0]LogConfig: Setting CVar [[r.RefractionQuality:2]]
[2019.04.23-16.13.43:956][  0]LogConfig: Setting CVar [[r.SSR.Quality:3]]
[2019.04.23-16.13.43:956][  0]LogConfig: Setting CVar [[r.SceneColorFormat:4]]
[2019.04.23-16.13.43:956][  0]LogConfig: Setting CVar [[r.DetailMode:2]]
[2019.04.23-16.13.43:956][  0]LogConfig: Setting CVar [[r.TranslucencyVolumeBlur:1]]
[2019.04.23-16.13.43:956][  0]LogConfig: Setting CVar [[r.MaterialQualityLevel:1 ; High quality]]
[2019.04.23-16.13.43:956][  0]LogConfig: Setting CVar [[r.SSS.Scale:1]]
[2019.04.23-16.13.43:956][  0]LogConfig: Setting CVar [[r.SSS.SampleSet:2]]
[2019.04.23-16.13.43:956][  0]LogConfig: Setting CVar [[r.SSS.Quality:1]]
[2019.04.23-16.13.43:956][  0]LogConfig: Setting CVar [[r.SSS.HalfRes:1]]
[2019.04.23-16.13.43:956][  0]LogConfig: Setting CVar [[r.EmitterSpawnRateScale:1.0]]
[2019.04.23-16.13.43:956][  0]LogConfig: Setting CVar [[r.ParticleLightQuality:2]]
[2019.04.23-16.13.43:956][  0]LogConfig: Applying CVar settings from Section [FoliageQuality@3] File [C:/Users/Utsuho/Desktop/General/Project/Prototype/UEPrototype/Saved/Config/Windows/Scalability.ini]
[2019.04.23-16.13.43:956][  0]LogConfig: Setting CVar [[foliage.DensityScale:1.0]]
[2019.04.23-16.13.43:956][  0]LogConfig: Setting CVar [[grass.DensityScale:1.0]]
[2019.04.23-16.13.43:956][  0]LogConfig: Applying CVar settings from Section [Startup] File [../../../Engine/Config/ConsoleVariables.ini]
[2019.04.23-16.13.43:967][  0]LogConfig: Setting CVar [[net.UseAdaptiveNetUpdateFrequency:0]]
[2019.04.23-16.13.43:967][  0]LogConfig: Applying CVar settings from Section [ConsoleVariables] File [C:/Users/Utsuho/Desktop/General/Project/Prototype/UEPrototype/Saved/Config/Windows/Engine.ini]
[2019.04.23-16.13.43:968][  0]LogInit: Computer: DESKTOP-33J3PSK
[2019.04.23-16.13.43:968][  0]LogInit: User: Utsuho
[2019.04.23-16.13.43:968][  0]LogInit: CPU Page size=4096, Cores=4
[2019.04.23-16.13.43:968][  0]LogInit: High frequency timer resolution =2.531250 MHz
[2019.04.23-16.13.43:969][  0]LogMemory: Memory total: Physical=7.8GB (8GB approx)
[2019.04.23-16.13.43:969][  0]LogMemory: Platform Memory Stats for Windows
[2019.04.23-16.13.43:969][  0]LogMemory: Process Physical Memory: 102.73 MB used, 102.73 MB peak
[2019.04.23-16.13.43:969][  0]LogMemory: Process Virtual Memory: 91.51 MB used, 91.51 MB peak
[2019.04.23-16.13.43:969][  0]LogMemory: Physical Memory: 5850.89 MB used,  2153.60 MB free, 8004.50 MB total
[2019.04.23-16.13.43:969][  0]LogMemory: Virtual Memory: 4653.90 MB used,  134213072.00 MB free, 134217728.00 MB total
[2019.04.23-16.13.44:139][  0]LogInit: Using OS detected language (ko-KR).
[2019.04.23-16.13.44:139][  0]LogInit: Using OS detected locale (ko-KR).
[2019.04.23-16.13.44:144][  0]LogTextLocalizationManager: No specific localization for 'ko-KR' exists, so the 'ko' localization will be used.
[2019.04.23-16.13.45:256][  0]LogStreaming: Display: Took  1.117s to InitEngineTextLocalization.
[2019.04.23-16.13.45:256][  0]LogInit: Setting process to per monitor DPI aware
[2019.04.23-16.13.45:510][  0]LogSlate: New Slate User Created.  User Index 0, Is Virtual User: 0
[2019.04.23-16.13.45:510][  0]LogSlate: Slate User Registered.  User Index 0, Is Virtual User: 0
[2019.04.23-16.13.52:363][  0]LogHMD: Failed to initialize OpenVR with code 110
[2019.04.23-16.13.52:363][  0]LogD3D11RHI: D3D11 adapters:
[2019.04.23-16.13.52:558][  0]LogD3D11RHI:    0. 'NVIDIA GeForce GTX 960M' (Feature Level 11_0)
[2019.04.23-16.13.52:558][  0]LogD3D11RHI:       2017/0/4002 MB DedicatedVideo/DedicatedSystem/SharedSystem, Outputs:2, VendorId:0x10de
[2019.04.23-16.13.52:590][  0]LogD3D11RHI:    1. 'Intel(R) HD Graphics 530' (Feature Level 11_0)
[2019.04.23-16.13.52:590][  0]LogD3D11RHI:       128/0/4002 MB DedicatedVideo/DedicatedSystem/SharedSystem, Outputs:0, VendorId:0x8086
[2019.04.23-16.13.52:602][  0]LogD3D11RHI:    2. 'Microsoft Basic Render Driver' (Feature Level 11_0)
[2019.04.23-16.13.52:602][  0]LogD3D11RHI:       0/0/4002 MB DedicatedVideo/DedicatedSystem/SharedSystem, Outputs:0, VendorId:0x1414
[2019.04.23-16.13.52:602][  0]LogD3D11RHI: Chosen D3D11 Adapter: 0
[2019.04.23-16.13.52:730][  0]LogD3D11RHI: Creating new Direct3DDevice
[2019.04.23-16.13.52:730][  0]LogD3D11RHI:     GPU DeviceId: 0x139b (for the marketing name, search the web for "GPU Device Id")
[2019.04.23-16.13.52:730][  0]LogWindows: EnumDisplayDevices:
[2019.04.23-16.13.52:731][  0]LogWindows:    0. 'Intel(R) HD Graphics 530' (P:1 D:1)
[2019.04.23-16.13.52:736][  0]LogWindows:    1. 'Intel(R) HD Graphics 530' (P:0 D:0)
[2019.04.23-16.13.52:737][  0]LogWindows:    2. 'Intel(R) HD Graphics 530' (P:0 D:0)
[2019.04.23-16.13.52:738][  0]LogWindows:    3. 'NVIDIA GeForce GTX 960M' (P:0 D:1)
[2019.04.23-16.13.52:740][  0]LogWindows:    4. 'NVIDIA GeForce GTX 960M' (P:0 D:0)
[2019.04.23-16.13.52:741][  0]LogWindows:    5. 'NVIDIA GeForce GTX 960M' (P:0 D:0)
[2019.04.23-16.13.52:744][  0]LogWindows:    6. 'NVIDIA GeForce GTX 960M' (P:0 D:0)
[2019.04.23-16.13.52:746][  0]LogWindows:    7. 'Mirage Driver' (P:0 D:0)
[2019.04.23-16.13.52:746][  0]LogWindows: DebugString: PrimaryIsNotTheChoosenAdapter PrimaryIsNotTheChoosenAdapter PrimaryIsNotTheChoosenAdapter GetVideoDriverDetailsInvalid PrimaryIsNotTheChoosenAdapter FoundDriverCount:4 
[2019.04.23-16.13.52:746][  0]LogD3D11RHI:     Adapter Name: NVIDIA GeForce GTX 960M
[2019.04.23-16.13.52:747][  0]LogD3D11RHI:   Driver Version: 389.27 (internal:23.21.13.8927, unified:389.27)
[2019.04.23-16.13.52:747][  0]LogD3D11RHI:      Driver Date: 4-17-2018
[2019.04.23-16.13.52:747][  0]LogRHI: Texture pool is 1412 MB (70% of 2017 MB)
[2019.04.23-16.13.52:837][  0]LogD3D11RHI: Async texture creation enabled
[2019.04.23-16.13.52:995][  0]LogD3D11RHI: GPU Timing Frequency: 1000.000000 (Debug: 2 1)
[2019.04.23-16.13.54:529][  0]LogTemp: Display: Loaded TP AllDesktopTargetPlatform
[2019.04.23-16.13.54:563][  0]LogTemp: Display: Loaded TP MacClientTargetPlatform
[2019.04.23-16.13.54:604][  0]LogTemp: Display: Loaded TP MacNoEditorTargetPlatform
[2019.04.23-16.13.54:647][  0]LogTemp: Display: Loaded TP MacServerTargetPlatform
[2019.04.23-16.13.54:701][  0]LogTemp: Display: Loaded TP MacTargetPlatform
[2019.04.23-16.13.54:740][  0]LogTemp: Display: Loaded TP WindowsClientTargetPlatform
[2019.04.23-16.13.54:780][  0]LogTemp: Display: Loaded TP WindowsNoEditorTargetPlatform
[2019.04.23-16.13.54:820][  0]LogTemp: Display: Loaded TP WindowsServerTargetPlatform
[2019.04.23-16.13.54:838][  0]LogTemp: Display: Loaded TP WindowsTargetPlatform
[2019.04.23-16.13.55:082][  0]LogTemp: Display: Loaded TP AndroidTargetPlatform
[2019.04.23-16.13.55:082][  0]LogTemp: Display: Loaded TP AndroidTargetPlatform
[2019.04.23-16.13.55:082][  0]LogTemp: Display: Loaded TP AndroidTargetPlatform
[2019.04.23-16.13.55:082][  0]LogTemp: Display: Loaded TP AndroidTargetPlatform
[2019.04.23-16.13.55:082][  0]LogTemp: Display: Loaded TP AndroidTargetPlatform
[2019.04.23-16.13.55:082][  0]LogTemp: Display: Loaded TP AndroidTargetPlatform
[2019.04.23-16.13.55:082][  0]LogTemp: Display: Loaded TP AndroidTargetPlatform
[2019.04.23-16.13.55:082][  0]LogTemp: Display: Loaded TP AndroidTargetPlatform
[2019.04.23-16.13.55:082][  0]LogTemp: Display: Loaded TP AndroidTargetPlatform
[2019.04.23-16.13.55:082][  0]LogTemp: Display: Loaded TP AndroidTargetPlatform
[2019.04.23-16.13.55:082][  0]LogTemp: Display: Loaded TP AndroidTargetPlatform
[2019.04.23-16.13.55:083][  0]LogTemp: Display: Loaded TP AndroidTargetPlatform
[2019.04.23-16.13.55:083][  0]LogTemp: Display: Loaded TP AndroidTargetPlatform
[2019.04.23-16.13.55:083][  0]LogTemp: Display: Loaded TP AndroidTargetPlatform
[2019.04.23-16.13.55:083][  0]LogTemp: Display: Loaded TP AndroidTargetPlatform
[2019.04.23-16.13.55:083][  0]LogTemp: Display: Loaded TP AndroidTargetPlatform
[2019.04.23-16.13.55:083][  0]LogTemp: Display: Loaded TP AndroidTargetPlatform
[2019.04.23-16.13.55:083][  0]LogTemp: Display: Loaded TP AndroidTargetPlatform
[2019.04.23-16.13.55:088][  0]LogTemp: Display: Loaded TP HTML5TargetPlatform
[2019.04.23-16.13.55:234][  0]LogTemp: Display: Loaded TP IOSTargetPlatform
[2019.04.23-16.13.55:234][  0]LogTemp: Display: Loaded TP IOSTargetPlatform
[2019.04.23-16.13.55:286][  0]LogTemp: Display: Loaded TP TVOSTargetPlatform
[2019.04.23-16.13.55:286][  0]LogTemp: Display: Loaded TP TVOSTargetPlatform
[2019.04.23-16.13.55:317][  0]LogTemp: Display: Loaded TP LinuxClientTargetPlatform
[2019.04.23-16.13.55:343][  0]LogTemp: Display: Loaded TP LinuxNoEditorTargetPlatform
[2019.04.23-16.13.55:372][  0]LogTemp: Display: Loaded TP LinuxServerTargetPlatform
[2019.04.23-16.13.55:419][  0]LogTemp: Display: Loaded TP LinuxTargetPlatform
[2019.04.23-16.13.55:547][  0]LogTemp: Display: Loaded TP LuminTargetPlatform
[2019.04.23-16.13.55:547][  0]LogTemp: Display: Loaded TP LuminTargetPlatform
[2019.04.23-16.13.55:548][  0]LogTargetPlatformManager: Display: Building Assets For Windows
[2019.04.23-16.13.55:856][  0]LogShaderCompilers: Guid format shader working directory is -33 characters bigger than the processId version (../../../../../../../Users/Utsuho/Desktop/General/Project/Prototype/UEPrototype/Intermediate/Shaders/WorkingDirectory/91052/).
[2019.04.23-16.13.55:856][  0]LogShaderCompilers: Cleaned the shader compiler working directory 'C:/Users/Utsuho/AppData/Local/Temp/UnrealShaderWorkingDir/D1CC5C094DF9997497DD1A8CB5292F69/'.
[2019.04.23-16.13.55:868][  0]LogXGEController: Cleaning working directory: C:/Users/Utsuho/AppData/Local/Temp/UnrealXGEWorkingDir/
[2019.04.23-16.13.55:869][  0]LogXGEController: Cannot use XGE Controller as Incredibuild is not installed on this machine.
[2019.04.23-16.13.55:869][  0]LogShaderCompilers: Cannot use XGE Shader Compiler as Incredibuild is not installed on this machine.
[2019.04.23-16.13.55:869][  0]LogShaderCompilers: Display: Using Local Shader Compiler.
[2019.04.23-16.14.00:631][  0]LogDerivedDataCache: Display: Max Cache Size: 512 MB
[2019.04.23-16.14.01:131][  0]LogDerivedDataCache: Loaded boot cache 0.50s 71MB C:/Users/Utsuho/AppData/Local/UnrealEngine/4.21/DerivedDataCache/Boot.ddc.
[2019.04.23-16.14.01:132][  0]LogDerivedDataCache: Display: Loaded Boot cache: C:/Users/Utsuho/AppData/Local/UnrealEngine/4.21/DerivedDataCache/Boot.ddc
[2019.04.23-16.14.01:133][  0]LogDerivedDataCache: FDerivedDataBackendGraph:  Pak pak cache file ../../../../../../../Users/Utsuho/Desktop/General/Project/Prototype/UEPrototype/DerivedDataCache/DDC.ddp not found, will not use a pak cache.
[2019.04.23-16.14.01:133][  0]LogDerivedDataCache: Unable to find inner node Pak for hierarchical cache Hierarchy.
[2019.04.23-16.14.01:133][  0]LogDerivedDataCache: FDerivedDataBackendGraph:  CompressedPak pak cache file ../../../../../../../Users/Utsuho/Desktop/General/Project/Prototype/UEPrototype/DerivedDataCache/Compressed.ddp not found, will not use a pak cache.
[2019.04.23-16.14.01:133][  0]LogDerivedDataCache: Unable to find inner node CompressedPak for hierarchical cache Hierarchy.
[2019.04.23-16.14.01:166][  0]LogDerivedDataCache: Display: Pak cache opened for reading ../../../Engine/DerivedDataCache/Compressed.ddp.
[2019.04.23-16.14.01:166][  0]LogDerivedDataCache: FDerivedDataBackendGraph:  EnterprisePak pak cache file ../../../Enterprise/DerivedDataCache/Compressed.ddp not found, will not use a pak cache.
[2019.04.23-16.14.01:166][  0]LogDerivedDataCache: Unable to find inner node EnterprisePak for hierarchical cache Hierarchy.
[2019.04.23-16.14.01:180][  0]LogDerivedDataCache: Using Local data cache path C:/Users/Utsuho/AppData/Local/UnrealEngine/Common/DerivedDataCache: Writable
[2019.04.23-16.14.01:180][  0]LogDerivedDataCache: Shared data cache path not found in *engine.ini, will not use an Shared cache.
[2019.04.23-16.14.01:180][  0]LogDerivedDataCache: Unable to find inner node Shared for hierarchical cache Hierarchy.
[2019.04.23-16.14.01:234][  0]LogMaterial: Verifying Global Shaders for PCD3D_SM5
[2019.04.23-16.14.01:240][  0]LogSlate: Using FreeType 2.6.0
[2019.04.23-16.14.01:262][  0]LogSlate: SlateFontServices - WITH_FREETYPE: 1, WITH_HARFBUZZ: 1
[2019.04.23-16.14.02:323][  0]LogAssetRegistry: FAssetRegistry took 0.0601 seconds to start up
[2019.04.23-16.14.03:274][  0]LogInit: Selected Device Profile: [Windows]
[2019.04.23-16.14.03:877][  0]LogSimplygon: Simplygon DLL not present - disabling.
[2019.04.23-16.14.03:909][  0]LogMeshReduction: Using SimplygonSwarm for distributed automatic mesh merging
[2019.04.23-16.14.03:909][  0]LogMeshReduction: Using ProxyLODMeshReduction for automatic mesh merging
[2019.04.23-16.14.03:910][  0]LogMeshReduction: Using QuadricMeshReduction for automatic static mesh reduction
[2019.04.23-16.14.03:910][  0]LogMeshReduction: No automatic skeletal mesh reduction module available
[2019.04.23-16.14.04:023][  0]LogNetVersion: UEPrototype 1.0.0, NetCL: 4541578, EngineNetVer: 5, GameNetVer: 0 (Checksum: 3686934511)
[2019.04.23-16.14.07:065][  0]LogPackageLocalizationCache: Processed 11 localized package path(s) for 2 prioritized culture(s) in 0.435430 seconds
[2019.04.23-16.14.07:082][  0]LogUObjectArray: 39775 objects as part of root set at end of initial load.
[2019.04.23-16.14.07:082][  0]LogUObjectAllocator: 6914664 out of 0 bytes used by permanent object pool.
[2019.04.23-16.14.07:082][  0]LogUObjectArray: CloseDisregardForGC: 0/0 objects in disregard for GC pool
[2019.04.23-16.14.18:719][  0]LogTcpMessaging: Initializing TcpMessaging bridge
[2019.04.23-16.14.18:744][  0]LogUdpMessaging: Initializing bridge on interface 0.0.0.0:0 to multicast group 230.0.0.1:6666.
[2019.04.23-16.14.20:708][  0]VRPrototype: AGridVisualizer::AGridVisualizer(11) 생성자 초기화 시작
[2019.04.23-16.14.20:855][  0]VRPrototype: AVPDirectorPawn::AVPDirectorPawn(9) 생성자 초기화 시작
[2019.04.23-16.14.20:855][  0]VRPrototype: AVPPlayerController::AVPPlayerController(8) 생성자 초기화 시작
[2019.04.23-16.14.21:234][  0]SourceControl: 소스 컨트롤이 꺼졌습니다.
[2019.04.23-16.14.23:683][  0]LogAndroidPermission: UAndroidPermissionCallbackProxy::GetInstance
[2019.04.23-16.14.24:291][  0]LogOcInput: OculusInput pre-init called
[2019.04.23-16.14.24:702][  0]LogEngine: Initializing Engine...
[2019.04.23-16.14.24:710][  0]LogHMD: Failed to initialize OpenVR with code 110
[2019.04.23-16.14.24:715][  0]LogStats: UGameplayTagsManager::ConstructGameplayTagTree: ImportINI prefixes -  0.000 s
[2019.04.23-16.14.24:715][  0]LogStats: UGameplayTagsManager::ConstructGameplayTagTree: Construct from data asset -  0.000 s
[2019.04.23-16.14.24:716][  0]LogStats: UGameplayTagsManager::ConstructGameplayTagTree: ImportINI -  0.000 s
[2019.04.23-16.14.24:716][  0]LogStats: UGameplayTagsManager::ConstructGameplayTagTree: GameplayTagTreeChangedEvent.Broadcast -  0.000 s
[2019.04.23-16.14.25:877][  0]LogInit: Initializing FReadOnlyCVARCache
[2019.04.23-16.14.25:961][  0]LogAIModule: Creating AISystem for world Untitled
[2019.04.23-16.14.26:199][  0]LogInit: XAudio2 using '스피커(Realtek High Definition Audio)' : 2 channels at 48 kHz using 16 bits per sample (channel mask 0x3)
[2019.04.23-16.14.26:385][  0]LogInit: FAudioDevice initialized.
[2019.04.23-16.14.26:388][  0]LogNetVersion: Set ProjectVersion to 1.0.0.0. Version Checksum will be recalculated on next use.
[2019.04.23-16.14.26:692][  0]LogDerivedDataCache: Saved boot cache 0.30s 71MB C:/Users/Utsuho/AppData/Local/UnrealEngine/4.21/DerivedDataCache/Boot.ddc.
[2019.04.23-16.14.26:718][  0]LogInit: Texture streaming: Enabled
[2019.04.23-16.14.26:801][  0]LogEngineSessionManager: EngineSessionManager initialized
[2019.04.23-16.14.26:801][  0]LogEngineSessionManager: EngineSessionManager sent abnormal shutdown report. Type=AbnormalShutdown, SessionId={55F4AC14-4329-6659-B272-D296909CBA37}
[2019.04.23-16.14.26:938][  0]LogInit: Transaction tracking system initialized
[2019.04.23-16.14.27:068][  0]BlueprintLog: New page: 에디터 로드
[2019.04.23-16.14.27:448][  0]LocalizationService: 현지화 서비스가 비활성화되었습니다.
[2019.04.23-16.14.30:833][  0]LogFileCache: Scanning file cache for directory 'C:/Users/Utsuho/Desktop/General/Project/Prototype/UEPrototype/Content/' took 0.03s
[2019.04.23-16.14.30:833][  0]LogCook: Display: Max memory allowance for cook 16384mb min free memory 0mb
[2019.04.23-16.14.30:833][  0]LogCook: Display: Mobile HDR setting 0
[2019.04.23-16.14.30:833][  0]LogGameplayTags: Display: UGameplayTagsManager::DoneAddingNativeTags. DelegateIsBound: 0
[2019.04.23-16.14.30:833][  0]LogStats: UGameplayTagsManager::ConstructGameplayTagTree: ImportINI prefixes -  0.000 s
[2019.04.23-16.14.30:833][  0]LogStats: UGameplayTagsManager::ConstructGameplayTagTree: Construct from data asset -  0.000 s
[2019.04.23-16.14.30:833][  0]LogStats: UGameplayTagsManager::ConstructGameplayTagTree: ImportINI -  0.000 s
[2019.04.23-16.14.30:833][  0]LogStats: UGameplayTagsManager::ConstructGameplayTagTree: GameplayTagTreeChangedEvent.Broadcast -  0.000 s
[2019.04.23-16.14.32:200][  0]LogSlate: Took 0.018409 seconds to synchronously load lazily loaded font '../../../Engine/Content/Editor/Slate/Fonts/NanumGothic.ttf' (4243K)
[2019.04.23-16.14.32:215][  0]LogSlate: Took 0.014684 seconds to synchronously load lazily loaded font '../../../Engine/Content/Slate/Fonts/Roboto-Regular.ttf' (155K)
[2019.04.23-16.14.38:958][  0]LogSlate: Window '패키지 복원' being destroyed
[2019.04.23-16.14.38:971][  0]LogWindowsTextInputMethodSystem: Display: IME system now activated using TSF (Microsoft 입력기).
[2019.04.23-16.14.39:103][  0]LogWindowsTextInputMethodSystem: Display: IME system now activated using TSF (Microsoft 입력기).
[2019.04.23-16.14.39:112][  0]Cmd: MAP LOAD FILE="../../../../../../../Users/Utsuho/Desktop/General/Project/Prototype/UEPrototype/Content/Map/Map_MainMenu.umap" TEMPLATE=0 SHOWPROGRESS=1 FEATURELEVEL=3
[2019.04.23-16.14.39:152][  0]LightingResults: New page: 라이팅 빌드
[2019.04.23-16.14.39:167][  0]MapCheck: New page: 맵 체크
[2019.04.23-16.14.39:167][  0]LightingResults: New page: 라이팅 빌드
[2019.04.23-16.14.39:587][  0]VRPrototype: AGridVisualizer::AGridVisualizer(11) 생성자 초기화 시작
[2019.04.23-16.14.39:594][  0]VRPrototype: AGridVisualizer::AGridVisualizer(11) 생성자 초기화 시작
[2019.04.23-16.14.39:667][  0]VRPrototype: AGridVisualizer::AGridVisualizer(11) 생성자 초기화 시작
[2019.04.23-16.14.39:974][  0]LogAIModule: Creating AISystem for world Map_MainMenu
[2019.04.23-16.14.40:025][  0]LogEditorServer: Finished looking for orphan Actors (0.000 secs)
[2019.04.23-16.14.40:077][  0]Cmd: MAP CHECKDEP NOCLEARLOG
[2019.04.23-16.14.40:079][  0]MapCheck: 맵 체크 완료: 오류 0 회, 경고 0 회, 소요 시간 0.615ms.
[2019.04.23-16.14.40:079][  0]LogFileHelpers: Loading map 'Map_MainMenu' took 0.967
[2019.04.23-16.14.40:391][  0]LogSlate: Updating window title bar state: overlay mode, drag disabled, window buttons hidden, title bar hidden
[2019.04.23-16.14.40:419][  0]LogSlate: Updating window title bar state: overlay mode, drag disabled, window buttons hidden, title bar hidden
[2019.04.23-16.14.40:451][  0]LogSlate: Updating window title bar state: overlay mode, drag disabled, window buttons hidden, title bar hidden
[2019.04.23-16.14.40:476][  0]LogSlate: Updating window title bar state: overlay mode, drag disabled, window buttons hidden, title bar hidden
[2019.04.23-16.14.40:509][  0]LogCollectionManager: Loaded 0 collections in 0.002932 seconds
[2019.04.23-16.14.40:534][  0]LogFileCache: Scanning file cache for directory 'C:/Users/Utsuho/Desktop/General/Project/Prototype/UEPrototype/Saved/Collections/' took 0.01s
[2019.04.23-16.14.40:535][  0]LogFileCache: Scanning file cache for directory 'C:/Users/Utsuho/Desktop/General/Project/Prototype/UEPrototype/Content/Developers/Utsuho/Collections/' took 0.00s
[2019.04.23-16.14.40:535][  0]LogFileCache: Scanning file cache for directory 'C:/Users/Utsuho/Desktop/General/Project/Prototype/UEPrototype/Content/Collections/' took 0.00s
[2019.04.23-16.14.40:535][  0]LogCollectionManager: Rebuilt the GUID cache for 0 collections in 0.000004 seconds
[2019.04.23-16.14.40:569][  0]LogContentBrowser: Native class hierarchy populated in 0.0331 seconds. Added 2660 classes and 627 folders.
[2019.04.23-16.14.40:592][  0]LogContentBrowser: Native class hierarchy updated for 'WidgetCarousel' in 0.0009 seconds. Added 0 classes and 0 folders.
[2019.04.23-16.14.40:621][  0]LogPakFile: Registered encryption key '00000000000000000000000000000000': 0 pak files mounted, 0 remain pending
[2019.04.23-16.14.40:637][  0]LogPakFile: Registered encryption key '00000000000000000000000000000000': 0 pak files mounted, 0 remain pending
[2019.04.23-16.14.40:676][  0]LogPakFile: Registered encryption key '00000000000000000000000000000000': 0 pak files mounted, 0 remain pending
[2019.04.23-16.14.40:688][  0]LogPakFile: Registered encryption key '00000000000000000000000000000000': 0 pak files mounted, 0 remain pending
[2019.04.23-16.14.40:712][  0]LogPakFile: Registered encryption key '00000000000000000000000000000000': 0 pak files mounted, 0 remain pending
[2019.04.23-16.14.40:730][  0]LogPakFile: Registered encryption key '00000000000000000000000000000000': 0 pak files mounted, 0 remain pending
[2019.04.23-16.14.40:738][  0]LogPakFile: Registered encryption key '00000000000000000000000000000000': 0 pak files mounted, 0 remain pending
[2019.04.23-16.14.40:745][  0]LogPakFile: Registered encryption key '00000000000000000000000000000000': 0 pak files mounted, 0 remain pending
[2019.04.23-16.14.40:759][  0]LogPakFile: Registered encryption key '00000000000000000000000000000000': 0 pak files mounted, 0 remain pending
[2019.04.23-16.14.40:778][  0]LogPakFile: Registered encryption key '00000000000000000000000000000000': 0 pak files mounted, 0 remain pending
[2019.04.23-16.14.40:794][  0]LogPakFile: Registered encryption key '00000000000000000000000000000000': 0 pak files mounted, 0 remain pending
[2019.04.23-16.14.40:807][  0]LogPakFile: Registered encryption key '00000000000000000000000000000000': 0 pak files mounted, 0 remain pending
[2019.04.23-16.14.40:820][  0]LogPakFile: Registered encryption key '00000000000000000000000000000000': 0 pak files mounted, 0 remain pending
[2019.04.23-16.14.40:827][  0]LogPakFile: Registered encryption key '00000000000000000000000000000000': 0 pak files mounted, 0 remain pending
[2019.04.23-16.14.40:834][  0]LogPakFile: Registered encryption key '00000000000000000000000000000000': 0 pak files mounted, 0 remain pending
[2019.04.23-16.14.40:848][  0]LogPakFile: Registered encryption key '00000000000000000000000000000000': 0 pak files mounted, 0 remain pending
[2019.04.23-16.14.40:895][  0]LogPakFile: Registered encryption key '00000000000000000000000000000000': 0 pak files mounted, 0 remain pending
[2019.04.23-16.14.40:908][  0]LogPakFile: Registered encryption key '00000000000000000000000000000000': 0 pak files mounted, 0 remain pending
[2019.04.23-16.14.40:926][  0]LogPakFile: Registered encryption key '00000000000000000000000000000000': 0 pak files mounted, 0 remain pending
[2019.04.23-16.14.40:945][  0]LogPakFile: Registered encryption key '00000000000000000000000000000000': 0 pak files mounted, 0 remain pending
[2019.04.23-16.14.40:995][  0]LogPakFile: Registered encryption key '00000000000000000000000000000000': 0 pak files mounted, 0 remain pending
[2019.04.23-16.14.41:012][  0]LogPakFile: Registered encryption key '00000000000000000000000000000000': 0 pak files mounted, 0 remain pending
[2019.04.23-16.14.41:021][  0]LogPakFile: Registered encryption key '00000000000000000000000000000000': 0 pak files mounted, 0 remain pending
[2019.04.23-16.14.41:029][  0]LogPakFile: Registered encryption key '00000000000000000000000000000000': 0 pak files mounted, 0 remain pending
[2019.04.23-16.14.41:042][  0]LogPakFile: Registered encryption key '00000000000000000000000000000000': 0 pak files mounted, 0 remain pending
[2019.04.23-16.14.41:055][  0]LogPakFile: Registered encryption key '00000000000000000000000000000000': 0 pak files mounted, 0 remain pending
[2019.04.23-16.14.41:542][  0]LogContentBrowser: Native class hierarchy updated for 'AddContentDialog' in 0.0027 seconds. Added 0 classes and 0 folders.
[2019.04.23-16.14.41:555][  0]LogContentBrowser: Native class hierarchy updated for 'SceneOutliner' in 0.0008 seconds. Added 1 classes and 2 folders.
[2019.04.23-16.14.41:779][  0]LogSlate: Took 0.019074 seconds to synchronously load lazily loaded font '../../../Engine/Content/Editor/Slate/Fonts/NanumGothicBold.ttf' (4188K)
[2019.04.23-16.14.41:787][  0]LogSlate: Took 0.007140 seconds to synchronously load lazily loaded font '../../../Engine/Content/Slate/Fonts/Roboto-Bold.ttf' (160K)
[2019.04.23-16.14.41:801][  0]LogSlate: Took 0.008232 seconds to synchronously load lazily loaded font '../../../Engine/Content/Editor/Slate/Fonts/FontAwesome.ttf' (139K)
[2019.04.23-16.14.42:152][  0]LogRenderer: Reallocating scene render targets to support 1068x500 Format 10 NumSamples 1 (Frame:1).
[2019.04.23-16.14.42:403][  0]LogContentBrowser: Native class hierarchy updated for 'HierarchicalLODOutliner' in 0.0036 seconds. Added 0 classes and 0 folders.
[2019.04.23-16.14.42:404][  0]LogLoad: (Engine Initialization) Total time: 69.82 seconds
[2019.04.23-16.14.42:404][  0]LogLoad: (Engine Initialization) Total Blueprint compile time: 0.00 seconds
[2019.04.23-16.14.42:513][  0]LogContentStreaming: Texture pool size now 1000 MB
[2019.04.23-16.14.42:709][  2]LogAssetRegistry: Asset discovery search completed in 40.4138 seconds
[2019.04.23-16.14.42:711][  2]LogCollectionManager: Rebuilt the object cache for 0 collections in 0.000000 seconds (found 0 objects)
[2019.04.23-16.14.42:711][  2]LogCollectionManager: Fixed up redirectors for 0 collections in 0.000082 seconds (updated 0 objects)
[2019.04.23-16.14.43:530][ 30]LogSlate: Took 0.014826 seconds to synchronously load lazily loaded font '../../../Engine/Content/Slate/Fonts/Roboto-Light.ttf' (167K)
[2019.04.23-16.14.46:619][163]LogSlate: Took 0.001687 seconds to synchronously load lazily loaded font '../../../Engine/Content/Slate/Fonts/Roboto-Light.ttf' (167K)
[2019.04.23-16.14.47:445][197]LogSlate: FSceneViewport::OnFocusLost() reason 0
[2019.04.23-16.15.14:005][298]LogSlate: Window 'UEPrototype - 언리얼 에디터' being destroyed
[2019.04.23-16.15.14:009][298]LogWindowsTextInputMethodSystem: Display: IME system now activated using TSF (Microsoft 입력기).
[2019.04.23-16.15.14:473][299]Cmd: QUIT_EDITOR
[2019.04.23-16.15.14:609][299]LogExit: Preparing to exit.
[2019.04.23-16.15.15:151][299]LogExit: Editor shut down
[2019.04.23-16.15.15:159][299]LogExit: Transaction tracking system shut down
[2019.04.23-16.15.16:031][299]LogExit: Object subsystem successfully closed.
[2019.04.23-16.15.16:117][299]LogShaderCompilers: Display: Shaders left to compile 0
[2019.04.23-16.15.16:126][299]LogD3D11RHI: Shutdown
[2019.04.23-16.15.16:126][299]LogD3D11RHI: CleanupD3DDevice
[2019.04.23-16.15.16:142][299]LogD3D11RHI: ~FD3D11DynamicRHI
[2019.04.23-16.15.16:278][299]LogModuleManager: Shutting down and abandoning module HierarchicalLODOutliner (624)
[2019.04.23-16.15.16:278][299]LogModuleManager: Shutting down and abandoning module SceneOutliner (622)
[2019.04.23-16.15.16:279][299]LogModuleManager: Shutting down and abandoning module AddContentDialog (620)
[2019.04.23-16.15.16:280][299]LogModuleManager: Shutting down and abandoning module WidgetCarousel (619)
[2019.04.23-16.15.16:280][299]LogModuleManager: Shutting down and abandoning module EditorWidgets (616)
[2019.04.23-16.15.16:280][299]LogModuleManager: Shutting down and abandoning module CollectionManager (614)
[2019.04.23-16.15.16:282][299]LogModuleManager: Shutting down and abandoning module StatsViewer (612)
[2019.04.23-16.15.16:282][299]LogModuleManager: Shutting down and abandoning module FoliageEdit (610)
[2019.04.23-16.15.16:283][299]LogModuleManager: Shutting down and abandoning module LandscapeEditor (608)
[2019.04.23-16.15.16:284][299]LogModuleManager: Shutting down and abandoning module MeshPaintMode (606)
[2019.04.23-16.15.16:285][299]LogModuleManager: Shutting down and abandoning module SceneDepthPickerMode (604)
[2019.04.23-16.15.16:285][299]LogModuleManager: Shutting down and abandoning module ActorPickerMode (602)
[2019.04.23-16.15.16:285][299]LogModuleManager: Shutting down and abandoning module GeometryMode (600)
[2019.04.23-16.15.16:285][299]LogModuleManager: Shutting down and abandoning module TextureAlignMode (598)
[2019.04.23-16.15.16:285][299]LogModuleManager: Shutting down and abandoning module BspMode (596)
[2019.04.23-16.15.16:285][299]LogModuleManager: Shutting down and abandoning module PIEPreviewDeviceProfileSelector (594)
[2019.04.23-16.15.16:285][299]LogModuleManager: Shutting down and abandoning module SequenceRecorderSections (592)
[2019.04.23-16.15.16:286][299]LogModuleManager: Shutting down and abandoning module AutomationWorker (590)
[2019.04.23-16.15.16:286][299]LogModuleManager: Shutting down and abandoning module AudioCaptureEditor (588)
[2019.04.23-16.15.16:286][299]LogModuleManager: Shutting down and abandoning module MatineeToLevelSequence (586)
[2019.04.23-16.15.16:286][299]LogModuleManager: Shutting down and abandoning module LevelSequenceEditor (584)
[2019.04.23-16.15.16:289][299]LogModuleManager: Shutting down and abandoning module PlacementMode (583)
[2019.04.23-16.15.16:289][299]LogModuleManager: Shutting down and abandoning module MaterialEditor (582)
[2019.04.23-16.15.16:290][299]LogModuleManager: Shutting down and abandoning module WmfMediaFactory (578)
[2019.04.23-16.15.16:290][299]LogModuleManager: Shutting down and abandoning module WmfMediaEditor (576)
[2019.04.23-16.15.16:290][299]LogModuleManager: Shutting down and abandoning module WebMMediaFactory (574)
[2019.04.23-16.15.16:290][299]LogModuleManager: Shutting down and abandoning module WebMMediaEditor (572)
[2019.04.23-16.15.16:290][299]LogModuleManager: Shutting down and abandoning module WebMMedia (570)
[2019.04.23-16.15.16:291][299]LogModuleManager: Shutting down and abandoning module MediaPlayerEditor (568)
[2019.04.23-16.15.16:292][299]LogModuleManager: Shutting down and abandoning module MediaCompositingEditor (566)
[2019.04.23-16.15.16:292][299]LogModuleManager: Shutting down and abandoning module SequenceRecorder (565)
[2019.04.23-16.15.16:293][299]LogModuleManager: Shutting down and abandoning module OpenExrWrapper (562)
[2019.04.23-16.15.16:293][299]LogModuleManager: Shutting down and abandoning module ImgMediaFactory (560)
[2019.04.23-16.15.16:293][299]LogModuleManager: Shutting down and abandoning module ImgMediaEditor (558)
[2019.04.23-16.15.16:293][299]LogModuleManager: Shutting down and abandoning module AvfMediaFactory (556)
[2019.04.23-16.15.16:293][299]LogModuleManager: Shutting down and abandoning module AvfMediaEditor (554)
[2019.04.23-16.15.16:293][299]LogModuleManager: Shutting down and abandoning module AndroidMediaFactory (552)
[2019.04.23-16.15.16:293][299]LogModuleManager: Shutting down and abandoning module AndroidMediaEditor (550)
[2019.04.23-16.15.16:293][299]LogModuleManager: Shutting down and abandoning module MagicLeapCameraPreviewFactory (548)
[2019.04.23-16.15.16:293][299]LogModuleManager: Shutting down and abandoning module MagicLeapMediaFactory (546)
[2019.04.23-16.15.16:293][299]LogModuleManager: Shutting down and abandoning module MagicLeapMediaEditor (544)
[2019.04.23-16.15.16:293][299]LogModuleManager: Shutting down and abandoning module CharacterAI (542)
[2019.04.23-16.15.16:293][299]LogModuleManager: Shutting down and abandoning module SmartSnapping (540)
[2019.04.23-16.15.16:293][299]LogModuleManager: Shutting down and abandoning module SessionServices (538)
[2019.04.23-16.15.16:293][299]LogModuleManager: Shutting down and abandoning module ViewportSnapping (536)
[2019.04.23-16.15.16:293][299]LogModuleManager: Shutting down and abandoning module ViewportInteraction (534)
[2019.04.23-16.15.16:293][299]LogModuleManager: Shutting down and abandoning module ClothPainter (532)
[2019.04.23-16.15.16:294][299]LogModuleManager: Shutting down and abandoning module SkeletalMeshEditor (531)
[2019.04.23-16.15.16:295][299]LogModuleManager: Shutting down and abandoning module LogVisualizer (528)
[2019.04.23-16.15.16:298][299]LogModuleManager: Shutting down and abandoning module IntroTutorials (526)
[2019.04.23-16.15.16:300][299]LogModuleManager: Shutting down and abandoning module GameProjectGeneration (525)
[2019.04.23-16.15.16:300][299]LogModuleManager: Shutting down and abandoning module LuminPlatformEditor (522)
[2019.04.23-16.15.16:300][299]LogModuleManager: Shutting down and abandoning module IOSPlatformEditor (520)
[2019.04.23-16.15.16:300][299]LogModuleManager: Shutting down and abandoning module HTML5PlatformEditor (518)
[2019.04.23-16.15.16:301][299]LogModuleManager: Shutting down and abandoning module AndroidPlatformEditor (516)
[2019.04.23-16.15.16:301][299]LogModuleManager: Shutting down and abandoning module AndroidDeviceDetection (515)
[2019.04.23-16.15.17:332][299]LogModuleManager: Shutting down and abandoning module WindowsPlatformEditor (512)
[2019.04.23-16.15.17:332][299]LogModuleManager: Shutting down and abandoning module LuminRuntimeSettings (510)
[2019.04.23-16.15.17:332][299]LogModuleManager: Shutting down and abandoning module IOSRuntimeSettings (508)
[2019.04.23-16.15.17:332][299]LogModuleManager: Shutting down and abandoning module AndroidRuntimeSettings (506)
[2019.04.23-16.15.17:332][299]LogModuleManager: Shutting down and abandoning module TimeManagementEditor (504)
[2019.04.23-16.15.17:333][299]LogModuleManager: Shutting down and abandoning module InputBindingEditor (502)
[2019.04.23-16.15.17:338][299]LogModuleManager: Shutting down and abandoning module MergeActors (500)
[2019.04.23-16.15.17:339][299]LogModuleManager: Shutting down and abandoning module LocalizationDashboard (498)
[2019.04.23-16.15.17:340][299]LogModuleManager: Shutting down and abandoning module LocalizationService (497)
[2019.04.23-16.15.17:344][299]LogModuleManager: Shutting down and abandoning module HardwareTargeting (494)
[2019.04.23-16.15.17:344][299]LogModuleManager: Shutting down and abandoning module DeviceProfileEditor (492)
[2019.04.23-16.15.17:344][299]LogModuleManager: Shutting down and abandoning module UndoHistory (490)
[2019.04.23-16.15.17:345][299]LogModuleManager: Shutting down and abandoning module XmlParser (488)
[2019.04.23-16.15.17:345][299]LogModuleManager: Shutting down and abandoning module Blutility (486)
[2019.04.23-16.15.17:345][299]LogModuleManager: Shutting down and abandoning module ProjectSettingsViewer (484)
[2019.04.23-16.15.17:345][299]LogModuleManager: Shutting down and abandoning module ProjectTargetPlatformEditor (483)
[2019.04.23-16.15.17:345][299]LogModuleManager: Shutting down and abandoning module EditorSettingsViewer (480)
[2019.04.23-16.15.17:345][299]LogModuleManager: Shutting down and abandoning module SettingsEditor (478)
[2019.04.23-16.15.17:346][299]LogModuleManager: Shutting down and abandoning module ProjectLauncher (476)
[2019.04.23-16.15.17:346][299]LogModuleManager: Shutting down and abandoning module SessionFrontend (474)
[2019.04.23-16.15.17:347][299]LogModuleManager: Shutting down and abandoning module ProfilerClient (472)
[2019.04.23-16.15.17:347][299]LogModuleManager: Shutting down and abandoning module DeviceManager (470)
[2019.04.23-16.15.17:347][299]LogModuleManager: Shutting down and abandoning module TargetDeviceServices (469)
[2019.04.23-16.15.17:402][299]LogModuleManager: Shutting down and abandoning module AutomationController (466)
[2019.04.23-16.15.17:403][299]LogModuleManager: Shutting down and abandoning module AutomationWindow (464)
[2019.04.23-16.15.17:409][299]LogModuleManager: Shutting down and abandoning module Layers (462)
[2019.04.23-16.15.17:411][299]LogModuleManager: Shutting down and abandoning module ComponentVisualizers (460)
[2019.04.23-16.15.17:411][299]LogModuleManager: Shutting down and abandoning module DetailCustomizations (458)
[2019.04.23-16.15.17:412][299]LogModuleManager: Shutting down and abandoning module PackagesDialog (456)
[2019.04.23-16.15.17:413][299]LogModuleManager: Shutting down and abandoning module Persona (454)
[2019.04.23-16.15.17:414][299]LogModuleManager: Shutting down and abandoning module AdvancedPreviewScene (453)
[2019.04.23-16.15.17:414][299]LogModuleManager: Shutting down and abandoning module AnimGraph (451)
[2019.04.23-16.15.17:414][299]LogModuleManager: Shutting down and abandoning module Kismet (448)
[2019.04.23-16.15.17:415][299]LogModuleManager: Shutting down and abandoning module GraphEditor (446)
[2019.04.23-16.15.17:416][299]LogModuleManager: Shutting down and abandoning module ClassViewer (444)
[2019.04.23-16.15.17:416][299]LogModuleManager: Shutting down and abandoning module Toolbox (442)
[2019.04.23-16.15.17:416][299]LogModuleManager: Shutting down and abandoning module DesktopPlatform (441)
[2019.04.23-16.15.17:416][299]LogModuleManager: Shutting down and abandoning module ModuleUI (438)
[2019.04.23-16.15.17:416][299]LogModuleManager: Shutting down and abandoning module MovieSceneTools (436)
[2019.04.23-16.15.17:416][299]LogModuleManager: Shutting down and abandoning module OutputLog (434)
[2019.04.23-16.15.17:416][299]LogModuleManager: Shutting down and abandoning module GammaUI (432)
[2019.04.23-16.15.17:417][299]LogModuleManager: Shutting down and abandoning module Documentation (430)
[2019.04.23-16.15.17:417][299]LogModuleManager: Shutting down and abandoning module MovieSceneTracks (428)
[2019.04.23-16.15.17:417][299]LogModuleManager: Shutting down and abandoning module MovieScene (426)
[2019.04.23-16.15.17:417][299]LogModuleManager: Shutting down and abandoning module StreamingPauseRendering (424)
[2019.04.23-16.15.17:417][299]LogModuleManager: Shutting down and abandoning module LauncherPlatform (422)
[2019.04.23-16.15.17:418][299]LogModuleManager: Shutting down and abandoning module AnalyticsET (420)
[2019.04.23-16.15.17:418][299]LogModuleManager: Shutting down and abandoning module PortalServices (418)
[2019.04.23-16.15.17:418][299]LogModuleManager: Shutting down and abandoning module PortalRpc (416)
[2019.04.23-16.15.17:418][299]LogModuleManager: Shutting down and abandoning module MessagingRpc (414)
[2019.04.23-16.15.17:418][299]LogModuleManager: Shutting down and abandoning module AIModule (412)
[2019.04.23-16.15.17:419][299]LogModuleManager: Shutting down and abandoning module GameplayDebugger (411)
[2019.04.23-16.15.17:420][299]LogModuleManager: Shutting down and abandoning module AITestSuite (409)
[2019.04.23-16.15.17:421][299]LogModuleManager: Shutting down and abandoning module NavigationSystem (407)
[2019.04.23-16.15.17:421][299]LogModuleManager: Shutting down and abandoning module ImageWriteQueue (404)
[2019.04.23-16.15.17:441][299]LogModuleManager: Shutting down and abandoning module ProfilerService (402)
[2019.04.23-16.15.17:510][299]LogModuleManager: Shutting down and abandoning module TaskGraph (400)
[2019.04.23-16.15.17:512][299]LogModuleManager: Shutting down and abandoning module SteamVRController (398)
[2019.04.23-16.15.17:512][299]LogModuleManager: Shutting down and abandoning module ProceduralMeshComponentEditor (396)
[2019.04.23-16.15.17:512][299]LogModuleManager: Shutting down and abandoning module ProceduralMeshComponent (394)
[2019.04.23-16.15.17:513][299]LogModuleManager: Shutting down and abandoning module OculusInput (392)
[2019.04.23-16.15.17:513][299]LogModuleManager: Shutting down and abandoning module MobilePatchingUtils (390)
[2019.04.23-16.15.17:513][299]LogModuleManager: Shutting down and abandoning module EditableMesh (388)
[2019.04.23-16.15.17:513][299]LogModuleManager: Shutting down and abandoning module CustomMeshComponent (386)
[2019.04.23-16.15.17:513][299]LogModuleManager: Shutting down and abandoning module CableComponent (384)
[2019.04.23-16.15.17:516][299]LogModuleManager: Shutting down and abandoning module AudioCapture (382)
[2019.04.23-16.15.17:516][299]LogModuleManager: Shutting down and abandoning module ArchVisCharacter (380)
[2019.04.23-16.15.17:516][299]LogModuleManager: Shutting down and abandoning module AndroidPermission (378)
[2019.04.23-16.15.17:516][299]LogModuleManager: Shutting down and abandoning module NUTUnrealEngine4 (376)
[2019.04.23-16.15.17:517][299]LogModuleManager: Shutting down and abandoning module NetcodeUnitTest (374)
[2019.04.23-16.15.17:518][299]LogModuleManager: Shutting down and abandoning module MediaCompositing (372)
[2019.04.23-16.15.17:518][299]LogModuleManager: Shutting down and abandoning module LinearTimecode (370)
[2019.04.23-16.15.17:518][299]LogModuleManager: Shutting down and abandoning module ImgMedia (368)
[2019.04.23-16.15.17:544][299]LogModuleManager: Shutting down and abandoning module HTML5Networking (366)
[2019.04.23-16.15.17:545][299]LogModuleManager: Shutting down and abandoning module GeometryCacheTracks (364)
[2019.04.23-16.15.17:545][299]LogModuleManager: Shutting down and abandoning module GeometryCacheSequencer (362)
[2019.04.23-16.15.17:545][299]LogModuleManager: Shutting down and abandoning module BackChannel (360)
[2019.04.23-16.15.17:545][299]LogModuleManager: Shutting down and abandoning module AppleVision (358)
[2019.04.23-16.15.17:545][299]LogModuleManager: Shutting down and abandoning module AppleImageUtilsBlueprintSupport (356)
[2019.04.23-16.15.17:545][299]LogModuleManager: Shutting down and abandoning module AppleImageUtils (354)
[2019.04.23-16.15.17:545][299]LogModuleManager: Shutting down and abandoning module AlembicImporter (352)
[2019.04.23-16.15.17:546][299]LogModuleManager: Shutting down and abandoning module AlembicLibrary (351)
[2019.04.23-16.15.17:546][299]LogModuleManager: Shutting down and abandoning module GeometryCache (350)
[2019.04.23-16.15.17:546][299]LogModuleManager: Shutting down and abandoning module GeometryCacheEd (349)
[2019.04.23-16.15.17:546][299]LogModuleManager: Shutting down and abandoning module VariantManagerContent (344)
[2019.04.23-16.15.17:546][299]LogModuleManager: Shutting down and abandoning module DatasmithContentEditor (342)
[2019.04.23-16.15.17:547][299]LogModuleManager: Shutting down and abandoning module SpeedTreeImporter (340)
[2019.04.23-16.15.17:547][299]LogModuleManager: Shutting down and abandoning module PluginBrowser (338)
[2019.04.23-16.15.17:552][299]LogModuleManager: Shutting down and abandoning module MobileLauncherProfileWizard (336)
[2019.04.23-16.15.17:553][299]LogModuleManager: Shutting down and abandoning module PolygonModeling (334)
[2019.04.23-16.15.17:553][299]LogModuleManager: Shutting down and abandoning module MeshEditor (332)
[2019.04.23-16.15.17:554][299]LogModuleManager: Shutting down and abandoning module CryptoKeysOpenSSL (330)
[2019.04.23-16.15.17:555][299]LogModuleManager: Shutting down and abandoning module CryptoKeys (328)
[2019.04.23-16.15.17:556][299]LogModuleManager: Shutting down and abandoning module VisualStudioSourceCodeAccess (326)
[2019.04.23-16.15.17:556][299]LogModuleManager: Shutting down and abandoning module VisualStudioCodeSourceCodeAccess (324)
[2019.04.23-16.15.17:556][299]LogModuleManager: Shutting down and abandoning module UObjectPlugin (322)
[2019.04.23-16.15.17:556][299]LogModuleManager: Shutting down and abandoning module SubversionSourceControl (320)
[2019.04.23-16.15.17:558][299]LogModuleManager: Shutting down and abandoning module PerforceSourceControl (318)
[2019.04.23-16.15.17:559][299]LogModuleManager: Shutting down and abandoning module GitSourceControl (316)
[2019.04.23-16.15.17:559][299]LogModuleManager: Shutting down and abandoning module SourceControl (315)
[2019.04.23-16.15.17:559][299]LogModuleManager: Shutting down and abandoning module CLionSourceCodeAccess (312)
[2019.04.23-16.15.17:560][299]LogModuleManager: Shutting down and abandoning module ActorLayerUtilitiesEditor (310)
[2019.04.23-16.15.17:560][299]LogModuleManager: Shutting down and abandoning module ActorLayerUtilities (308)
[2019.04.23-16.15.17:560][299]LogModuleManager: Shutting down and abandoning module LightPropagationVolumeEditor (306)
[2019.04.23-16.15.17:560][299]LogModuleManager: Shutting down and abandoning module PaperTiledImporter (304)
[2019.04.23-16.15.17:560][299]LogModuleManager: Shutting down and abandoning module PaperSpriteSheetImporter (302)
[2019.04.23-16.15.17:560][299]LogModuleManager: Shutting down and abandoning module Paper2DEditor (300)
[2019.04.23-16.15.17:562][299]LogModuleManager: Shutting down and abandoning module MeshPaint (299)
[2019.04.23-16.15.17:562][299]LogModuleManager: Shutting down and abandoning module UEPrototype (296)
[2019.04.23-16.15.17:562][299]LogModuleManager: Shutting down and abandoning module RuntimePhysXCooking (294)
[2019.04.23-16.15.17:563][299]LogModuleManager: Shutting down and abandoning module PhysXVehiclesEditor (292)
[2019.04.23-16.15.17:563][299]LogModuleManager: Shutting down and abandoning module PhysXVehicles (290)
[2019.04.23-16.15.17:563][299]LogModuleManager: Shutting down and abandoning module OculusEditor (288)
[2019.04.23-16.15.17:564][299]LogModuleManager: Shutting down and abandoning module LocationServicesBPLibrary (286)
[2019.04.23-16.15.17:564][299]LogModuleManager: Shutting down and abandoning module ActorSequence (284)
[2019.04.23-16.15.17:564][299]LogModuleManager: Shutting down and abandoning module UdpMessaging (282)
[2019.04.23-16.15.17:666][299]LogModuleManager: Shutting down and abandoning module TcpMessaging (280)
[2019.04.23-16.15.17:767][299]LogModuleManager: Shutting down and abandoning module MagicLeapAudio (278)
[2019.04.23-16.15.17:771][299]LogModuleManager: Shutting down and abandoning module GameplayTagsEditor (276)
[2019.04.23-16.15.17:771][299]LogModuleManager: Shutting down and abandoning module FacialAnimationEditor (274)
[2019.04.23-16.15.17:771][299]LogModuleManager: Shutting down and abandoning module FacialAnimation (272)
[2019.04.23-16.15.17:772][299]LogModuleManager: Shutting down and abandoning module DataValidation (270)
[2019.04.23-16.15.17:772][299]LogModuleManager: Shutting down and abandoning module AssetManagerEditor (268)
[2019.04.23-16.15.17:774][299]LogModuleManager: Shutting down and abandoning module LevelEditor (267)
[2019.04.23-16.15.17:786][299]LogModuleManager: Shutting down and abandoning module PixelInspectorModule (266)
[2019.04.23-16.15.17:787][299]LogModuleManager: Shutting down and abandoning module CommonMenuExtensions (264)
[2019.04.23-16.15.17:789][299]LogModuleManager: Shutting down and abandoning module MainFrame (262)
[2019.04.23-16.15.17:790][299]LogModuleManager: Shutting down and abandoning module HotReload (261)
[2019.04.23-16.15.17:795][299]LogModuleManager: Shutting down and abandoning module ContentBrowser (257)
[2019.04.23-16.15.17:802][299]LogModuleManager: Shutting down and abandoning module TreeMap (255)
[2019.04.23-16.15.17:802][299]LogModuleManager: Shutting down and abandoning module LightPropagationVolumeRuntime (252)
[2019.04.23-16.15.17:803][299]LogModuleManager: Shutting down and abandoning module AISupportModule (250)
[2019.04.23-16.15.17:803][299]LogModuleManager: Shutting down and abandoning module Paper2D (248)
[2019.04.23-16.15.17:804][299]LogModuleManager: Shutting down and abandoning module WindowsMoviePlayer (246)
[2019.04.23-16.15.17:805][299]LogModuleManager: Shutting down and abandoning module WebMMoviePlayer (244)
[2019.04.23-16.15.17:805][299]LogModuleManager: Shutting down and abandoning module WmfMedia (242)
[2019.04.23-16.15.17:815][299]LogModuleManager: Shutting down and abandoning module Media (241)
[2019.04.23-16.15.17:825][299]LogModuleManager: Shutting down and abandoning module PacketHandler (238)
[2019.04.23-16.15.17:825][299]LogModuleManager: Shutting down and abandoning module ClothingSystemEditor (236)
[2019.04.23-16.15.17:825][299]LogModuleManager: Shutting down and abandoning module ClothingSystemRuntime (234)
[2019.04.23-16.15.17:826][299]LogModuleManager: Shutting down and abandoning module MediaAssets (232)
[2019.04.23-16.15.17:826][299]LogModuleManager: Shutting down and abandoning module Overlay (230)
[2019.04.23-16.15.17:826][299]LogModuleManager: Shutting down and abandoning module OverlayEditor (229)
[2019.04.23-16.15.17:826][299]LogModuleManager: Shutting down and abandoning module VREditor (226)
[2019.04.23-16.15.17:827][299]LogModuleManager: Shutting down and abandoning module StringTableEditor (224)
[2019.04.23-16.15.17:827][299]LogModuleManager: Shutting down and abandoning module GameplayTasksEditor (222)
[2019.04.23-16.15.17:827][299]LogModuleManager: Shutting down and abandoning module BehaviorTreeEditor (220)
[2019.04.23-16.15.17:829][299]LogModuleManager: Shutting down and abandoning module FunctionalTesting (218)
[2019.04.23-16.15.17:830][299]LogModuleManager: Shutting down and abandoning module CollisionAnalyzer (216)
[2019.04.23-16.15.17:830][299]LogModuleManager: Shutting down and abandoning module WorkspaceMenuStructure (215)
[2019.04.23-16.15.17:830][299]LogModuleManager: Shutting down and abandoning module UMG (212)
[2019.04.23-16.15.17:831][299]LogModuleManager: Shutting down and abandoning module UMGEditor (211)
[2019.04.23-16.15.17:832][299]LogModuleManager: Shutting down and abandoning module Sequencer (210)
[2019.04.23-16.15.17:835][299]LogModuleManager: Shutting down and abandoning module MessageLog (207)
[2019.04.23-16.15.17:835][299]LogModuleManager: Shutting down and abandoning module SlateReflector (202)
[2019.04.23-16.15.17:837][299]LogModuleManager: Shutting down and abandoning module Slate (200)
[2019.04.23-16.15.17:838][299]LogModuleManager: Shutting down and abandoning module EditorStyle (198)
[2019.04.23-16.15.17:843][299]LogModuleManager: Shutting down and abandoning module MRMesh (196)
[2019.04.23-16.15.17:844][299]LogModuleManager: Shutting down and abandoning module SourceCodeAccess (194)
[2019.04.23-16.15.17:844][299]LogModuleManager: Shutting down and abandoning module HeadMountedDisplay (192)
[2019.04.23-16.15.17:844][299]LogModuleManager: Shutting down and abandoning module XAudio2 (190)
[2019.04.23-16.15.17:844][299]LogModuleManager: Shutting down and abandoning module Networking (188)
[2019.04.23-16.15.17:844][299]LogModuleManager: Shutting down and abandoning module Core (186)
[2019.04.23-16.15.17:845][299]LogModuleManager: Shutting down and abandoning module LevelSequence (184)
[2019.04.23-16.15.17:845][299]LogModuleManager: Shutting down and abandoning module KismetCompiler (182)
[2019.04.23-16.15.17:845][299]LogModuleManager: Shutting down and abandoning module MeshUtilities (180)
[2019.04.23-16.15.17:846][299]LogModuleManager: Shutting down and abandoning module MeshMergeUtilities (179)
[2019.04.23-16.15.17:846][299]LogModuleManager: Shutting down and abandoning module MeshReductionInterface (178)
[2019.04.23-16.15.17:847][299]LogModuleManager: Shutting down and abandoning module SimplygonSwarm (177)
[2019.04.23-16.15.17:847][299]LogModuleManager: Shutting down and abandoning module ProxyLODMeshReduction (175)
[2019.04.23-16.15.17:849][299]LogModuleManager: Shutting down and abandoning module SimplygonMeshReduction (173)
[2019.04.23-16.15.17:850][299]LogModuleManager: Shutting down and abandoning module QuadricMeshReduction (171)
[2019.04.23-16.15.17:851][299]LogModuleManager: Shutting down and abandoning module MaterialBaking (167)
[2019.04.23-16.15.17:851][299]LogModuleManager: Shutting down and abandoning module DirectoryWatcher (163)
[2019.04.23-16.15.17:851][299]LogModuleManager: Shutting down and abandoning module DerivedDataCache (160)
[2019.04.23-16.15.17:966][299]LogDerivedDataCache: Shutdown
[2019.04.23-16.15.17:966][299]LogModuleManager: Shutting down and abandoning module XGEController (158)
[2019.04.23-16.15.17:967][299]LogXGEController: Cleaning working directory: C:/Users/Utsuho/AppData/Local/Temp/UnrealXGEWorkingDir/
[2019.04.23-16.15.17:968][299]LogModuleManager: Shutting down and abandoning module TargetPlatform (156)
[2019.04.23-16.15.17:968][299]LogModuleManager: Shutting down and abandoning module VulkanShaderFormat (155)
[2019.04.23-16.15.17:970][299]LogModuleManager: Shutting down and abandoning module ShaderFormatVectorVM (153)
[2019.04.23-16.15.17:971][299]LogModuleManager: Shutting down and abandoning module ShaderFormatOpenGL (151)
[2019.04.23-16.15.17:972][299]LogModuleManager: Shutting down and abandoning module ShaderFormatD3D (149)
[2019.04.23-16.15.17:972][299]LogModuleManager: Shutting down and abandoning module MetalShaderFormat (147)
[2019.04.23-16.15.17:972][299]LogModuleManager: Shutting down and abandoning module TextureFormatUncompressed (145)
[2019.04.23-16.15.17:973][299]LogModuleManager: Shutting down and abandoning module TextureFormatPVR (143)
[2019.04.23-16.15.17:973][299]LogModuleManager: Shutting down and abandoning module TextureFormatDXT (141)
[2019.04.23-16.15.17:974][299]LogModuleManager: Shutting down and abandoning module TextureFormatIntelISPCTexComp (139)
[2019.04.23-16.15.17:975][299]LogModuleManager: Shutting down and abandoning module TextureFormatASTC (137)
[2019.04.23-16.15.17:975][299]LogModuleManager: Shutting down and abandoning module ImageWrapper (136)
[2019.04.23-16.15.17:975][299]LogModuleManager: Shutting down and abandoning module TextureFormatAndroid (133)
[2019.04.23-16.15.17:975][299]LogModuleManager: Shutting down and abandoning module AudioFormatOpus (131)
[2019.04.23-16.15.17:975][299]LogModuleManager: Shutting down and abandoning module AudioFormatOgg (129)
[2019.04.23-16.15.17:975][299]LogModuleManager: Shutting down and abandoning module AudioFormatADPCM (127)
[2019.04.23-16.15.17:975][299]LogModuleManager: Shutting down and abandoning module LuminTargetPlatform (125)
[2019.04.23-16.15.17:977][299]LogModuleManager: Shutting down and abandoning module LinuxTargetPlatform (123)
[2019.04.23-16.15.17:977][299]LogModuleManager: Shutting down and abandoning module LinuxServerTargetPlatform (121)
[2019.04.23-16.15.17:977][299]LogModuleManager: Shutting down and abandoning module LinuxNoEditorTargetPlatform (119)
[2019.04.23-16.15.17:977][299]LogModuleManager: Shutting down and abandoning module LinuxClientTargetPlatform (117)
[2019.04.23-16.15.17:977][299]LogModuleManager: Shutting down and abandoning module TVOSTargetPlatform (115)
[2019.04.23-16.15.17:981][299]LogModuleManager: Shutting down and abandoning module Messaging (113)
[2019.04.23-16.15.17:981][299]LogModuleManager: Shutting down and abandoning module IOSTargetPlatform (111)
[2019.04.23-16.15.17:986][299]LogModuleManager: Shutting down and abandoning module HTML5TargetPlatform (109)
[2019.04.23-16.15.17:986][299]LogModuleManager: Shutting down and abandoning module AndroidTargetPlatform (107)
[2019.04.23-16.15.18:015][299]LogModuleManager: Shutting down and abandoning module WindowsTargetPlatform (105)
[2019.04.23-16.15.18:015][299]LogModuleManager: Shutting down and abandoning module WindowsServerTargetPlatform (103)
[2019.04.23-16.15.18:015][299]LogModuleManager: Shutting down and abandoning module WindowsNoEditorTargetPlatform (101)
[2019.04.23-16.15.18:015][299]LogModuleManager: Shutting down and abandoning module WindowsClientTargetPlatform (99)
[2019.04.23-16.15.18:015][299]LogModuleManager: Shutting down and abandoning module MacTargetPlatform (97)
[2019.04.23-16.15.18:015][299]LogModuleManager: Shutting down and abandoning module MacServerTargetPlatform (95)
[2019.04.23-16.15.18:015][299]LogModuleManager: Shutting down and abandoning module MacNoEditorTargetPlatform (93)
[2019.04.23-16.15.18:015][299]LogModuleManager: Shutting down and abandoning module MacClientTargetPlatform (91)
[2019.04.23-16.15.18:015][299]LogModuleManager: Shutting down and abandoning module AllDesktopTargetPlatform (89)
[2019.04.23-16.15.18:016][299]LogModuleManager: Shutting down and abandoning module InputCore (86)
[2019.04.23-16.15.18:016][299]LogModuleManager: Shutting down and abandoning module Settings (84)
[2019.04.23-16.15.18:016][299]LogModuleManager: Shutting down and abandoning module PhysXCooking (82)
[2019.04.23-16.15.18:016][299]LogModuleManager: Shutting down and abandoning module SteamVR (80)
[2019.04.23-16.15.18:020][299]LogHMD: Freeing OpenVRDLLHandle.
[2019.04.23-16.15.18:020][299]LogModuleManager: Shutting down and abandoning module OculusHMD (78)
[2019.04.23-16.15.18:021][299]LogModuleManager: Shutting down and abandoning module ExampleDeviceProfileSelector (76)
[2019.04.23-16.15.18:021][299]LogModuleManager: Shutting down and abandoning module LauncherChunkInstaller (74)
[2019.04.23-16.15.18:021][299]LogModuleManager: Shutting down and abandoning module OnlineBlueprintSupport (72)
[2019.04.23-16.15.18:022][299]LogModuleManager: Shutting down and abandoning module OnlineSubsystem (68)
[2019.04.23-16.15.18:026][299]LogModuleManager: Shutting down and abandoning module XMPP (63)
[2019.04.23-16.15.18:028][299]LogModuleManager: Shutting down and abandoning module WebSockets (62)
[2019.04.23-16.15.18:050][299]LogModuleManager: Shutting down and abandoning module HTTP (59)
[2019.04.23-16.15.18:051][299]LogHttp: Display: Http module shutting down, but needs to wait on 1 outstanding Http requests:
[2019.04.23-16.15.18:051][299]LogHttp: Display: 	verb=[POST] url=[https://datarouter.ol.epicgames.com/datarouter/api/v1/public/data?SessionID=%7BC5BA5D80-47AA-F399-E4CE-C187ED74B637%7D&AppID=UEEditor.Rocket.Release&AppVersion=4.21.2-4753647%2B%2B%2BUE4%2BRelease-4.21&UserID=1e51e6584cfdab19cc033a923e4d2e37%7Cf20972f491e24565a030c6afa01aa409%7C36b8a828-7a73-4478-a859-aadf467041c6&AppEnvironment=datacollector-binary&UploadType=eteventstream] status=Processing
[2019.04.23-16.15.18:080][299]LogModuleManager: Shutting down and abandoning module SSL (58)
[2019.04.23-16.15.18:086][299]LogModuleManager: Shutting down and abandoning module MagicLeapIdentity (54)
[2019.04.23-16.15.18:086][299]LogModuleManager: Shutting down and abandoning module MagicLeapHelperVulkan (52)
[2019.04.23-16.15.18:086][299]LogModuleManager: Shutting down and abandoning module MagicLeapHelperOpenGL (50)
[2019.04.23-16.15.18:086][299]LogModuleManager: Shutting down and abandoning module MagicLeapSecureStorage (48)
[2019.04.23-16.15.18:086][299]LogModuleManager: Shutting down and abandoning module MagicLeapHandTracking (46)
[2019.04.23-16.15.18:086][299]LogModuleManager: Shutting down and abandoning module MagicLeapEyeTracker (44)
[2019.04.23-16.15.18:086][299]LogModuleManager: Shutting down and abandoning module MagicLeapController (42)
[2019.04.23-16.15.18:087][299]LogSlate: Slate User Destroyed.  User Index 0, Is Virtual User: 0
[2019.04.23-16.15.18:087][299]LogModuleManager: Shutting down and abandoning module MagicLeap (40)
[2019.04.23-16.15.18:091][299]LogModuleManager: Shutting down and abandoning module DatasmithContent (38)
[2019.04.23-16.15.18:093][299]LogModuleManager: Shutting down and abandoning module AnimationModifiers (36)
[2019.04.23-16.15.18:094][299]LogModuleManager: Shutting down and abandoning module PropertyEditor (35)
[2019.04.23-16.15.18:094][299]LogModuleManager: Shutting down and abandoning module AudioEditor (32)
[2019.04.23-16.15.18:095][299]LogModuleManager: Shutting down and abandoning module TextureCompressor (30)
[2019.04.23-16.15.18:096][299]LogModuleManager: Shutting down and abandoning module ShaderCore (28)
[2019.04.23-16.15.18:097][299]LogModuleManager: Shutting down and abandoning module Landscape (26)
[2019.04.23-16.15.18:097][299]LogModuleManager: Shutting down and abandoning module SlateRHIRenderer (24)
[2019.04.23-16.15.18:103][299]LogModuleManager: Shutting down and abandoning module OpenGLDrv (22)
[2019.04.23-16.15.18:106][299]LogModuleManager: Shutting down and abandoning module D3D11RHI (20)
[2019.04.23-16.15.18:106][299]LogModuleManager: Shutting down and abandoning module AnimGraphRuntime (18)
[2019.04.23-16.15.18:107][299]LogModuleManager: Shutting down and abandoning module Renderer (16)
[2019.04.23-16.15.18:107][299]LogModuleManager: Shutting down and abandoning module Engine (14)
[2019.04.23-16.15.18:107][299]LogModuleManager: Shutting down and abandoning module CoreUObject (12)
[2019.04.23-16.15.18:107][299]LogModuleManager: Shutting down and abandoning module NetworkFile (10)
[2019.04.23-16.15.18:107][299]LogModuleManager: Shutting down and abandoning module CookedIterativeFile (8)
[2019.04.23-16.15.18:107][299]LogModuleManager: Shutting down and abandoning module StreamingFile (6)
[2019.04.23-16.15.18:107][299]LogModuleManager: Shutting down and abandoning module SandboxFile (4)
[2019.04.23-16.15.18:107][299]LogModuleManager: Shutting down and abandoning module PakFile (2)
[2019.04.23-16.15.18:142][299]LogExit: Exiting.
[2019.04.23-16.15.18:161][299]Log file closed, 04/24/19 01:15:18
