Log file open, 04/30/19 00:30:15
LogWindows: Failed to load 'aqProf.dll' (GetLastError=126)
LogWindows: File 'aqProf.dll' does not exist
LogWindows: Failed to load 'VtuneApi.dll' (GetLastError=126)
LogWindows: File 'VtuneApi.dll' does not exist
LogWindows: Failed to load 'VtuneApi32e.dll' (GetLastError=126)
LogWindows: File 'VtuneApi32e.dll' does not exist
LogConsoleResponse: Display: Failed to find resolution value strings in scalability ini. Falling back to default.
LogInit: Display: Running engine for game: UEPrototype
LogPakFile: Registered encryption key '00000000000000000000000000000000': 0 pak files mounted, 0 remain pending
LogPlatformFile: Not using cached read wrapper
LogTaskGraph: Started task graph with 5 named threads and 23 total threads with 3 sets of task threads.
LogStats: Stats thread started at 0.475978
LogD3D11RHI: Loaded GFSDK_Aftermath_Lib.x64.dll
LogICUInternationalization: ICU TimeZone Detection - Raw Offset: +9:00, Platform Override: ''
LogPluginManager: Mounting plugin Paper2D
LogPluginManager: Mounting plugin AISupport
LogPluginManager: Mounting plugin LightPropagationVolume
LogPluginManager: Mounting plugin ActorLayerUtilities
LogPluginManager: Mounting plugin CLionSourceCodeAccess
LogPluginManager: Mounting plugin CodeLiteSourceCodeAccess
LogPluginManager: Mounting plugin GitSourceControl
LogPluginManager: Mounting plugin KDevelopSourceCodeAccess
LogPluginManager: Mounting plugin NullSourceCodeAccess
LogPluginManager: Mounting plugin PerforceSourceControl
LogPluginManager: Mounting plugin SubversionSourceControl
LogPluginManager: Mounting plugin UObjectPlugin
LogPluginManager: Mounting plugin VisualStudioCodeSourceCodeAccess
LogPluginManager: Mounting plugin VisualStudioSourceCodeAccess
LogPluginManager: Mounting plugin XCodeSourceCodeAccess
LogPluginManager: Mounting plugin AssetManagerEditor
LogPluginManager: Mounting plugin CryptoKeys
LogPluginManager: Mounting plugin DataValidation
LogPluginManager: Mounting plugin FacialAnimation
LogPluginManager: Mounting plugin GameplayTagsEditor
LogPluginManager: Mounting plugin MacGraphicsSwitching
LogPluginManager: Mounting plugin MeshEditor
LogPluginManager: Mounting plugin MobileLauncherProfileWizard
LogPluginManager: Mounting plugin PluginBrowser
LogPluginManager: Mounting plugin SpeedTreeImporter
LogPluginManager: Mounting plugin DatasmithContent
LogPluginManager: Mounting plugin VariantManagerContent
LogPluginManager: Mounting plugin AlembicImporter
LogPluginManager: Mounting plugin AppleImageUtils
LogPluginManager: Mounting plugin AppleVision
LogPluginManager: Mounting plugin BackChannel
LogPluginManager: Mounting plugin CharacterAI
LogPluginManager: Mounting plugin GeometryCache
LogPluginManager: Mounting plugin HTML5Networking
LogPluginManager: Mounting plugin ProxyLODPlugin
LogPluginManager: Mounting plugin MagicLeap
LogPluginManager: Mounting plugin MagicLeapMedia
LogPluginManager: Mounting plugin AndroidMedia
LogPluginManager: Mounting plugin AvfMedia
LogPluginManager: Mounting plugin ImgMedia
LogPluginManager: Mounting plugin LinearTimecode
LogPluginManager: Mounting plugin MediaCompositing
LogPluginManager: Mounting plugin MediaPlayerEditor
LogPluginManager: Mounting plugin WebMMedia
LogPluginManager: Mounting plugin WmfMedia
LogPluginManager: Mounting plugin TcpMessaging
LogPluginManager: Mounting plugin UdpMessaging
LogPluginManager: Mounting plugin ActorSequence
LogPluginManager: Mounting plugin LevelSequenceEditor
LogPluginManager: Mounting plugin MatineeToLevelSequence
LogPluginManager: Mounting plugin NetcodeUnitTest
LogPluginManager: Mounting plugin NUTUnrealEngine4
LogPluginManager: Mounting plugin OnlineSubsystemGooglePlay
LogPluginManager: Mounting plugin OnlineSubsystemIOS
LogPluginManager: Mounting plugin OnlineSubsystem
LogPluginManager: Mounting plugin OnlineSubsystemNull
LogPluginManager: Mounting plugin OnlineSubsystemUtils
LogPluginManager: Mounting plugin LauncherChunkInstaller
LogPluginManager: Mounting plugin AndroidDeviceProfileSelector
LogPluginManager: Mounting plugin AndroidMoviePlayer
LogPluginManager: Mounting plugin AndroidPermission
LogPluginManager: Mounting plugin AppleMoviePlayer
LogPluginManager: Mounting plugin ArchVisCharacter
LogPluginManager: Mounting plugin AudioCapture
LogPluginManager: Mounting plugin CableComponent
LogPluginManager: Mounting plugin CustomMeshComponent
LogPluginManager: Mounting plugin EditableMesh
LogPluginManager: Mounting plugin ExampleDeviceProfileSelector
LogPluginManager: Mounting plugin Firebase
LogPluginManager: Mounting plugin GoogleCloudMessaging
LogPluginManager: Mounting plugin IOSDeviceProfileSelector
LogPluginManager: Mounting plugin LinuxDeviceProfileSelector
LogPluginManager: Mounting plugin LocationServicesBPLibrary
LogPluginManager: Mounting plugin MobilePatchingUtils
LogPluginManager: Mounting plugin OculusVR
LogPluginManager: Mounting plugin PhysXVehicles
LogPluginManager: Mounting plugin ProceduralMeshComponent
LogPluginManager: Mounting plugin RuntimePhysXCooking
LogPluginManager: Mounting plugin SteamVR
LogPluginManager: Mounting plugin WebMMoviePlayer
LogPluginManager: Mounting plugin WindowsMoviePlayer
LogStreaming: Display: Took  0.183s to configure plugins.
LogInit: Using libcurl 7.55.1-DEV
LogInit:  - built for x86_64-pc-win32
LogInit:  - supports SSL with OpenSSL/1.0.2h
LogInit:  - supports HTTP deflate (compression) using libz 1.2.8
LogInit:  - other features:
LogInit:      CURL_VERSION_SSL
LogInit:      CURL_VERSION_LIBZ
LogInit:      CURL_VERSION_IPV6
LogInit:      CURL_VERSION_ASYNCHDNS
LogInit:      CURL_VERSION_LARGEFILE
LogInit:      CURL_VERSION_IDN
LogInit:  CurlRequestOptions (configurable via config and command line):
LogInit:  - bVerifyPeer = true  - Libcurl will verify peer certificate
LogInit:  - bUseHttpProxy = false  - Libcurl will NOT use HTTP proxy
LogInit:  - bDontReuseConnections = false  - Libcurl will reuse connections
LogInit:  - MaxHostConnections = 16  - Libcurl will limit the number of connections to a host
LogInit:  - LocalHostAddr = Default
LogInit:  - BufferSize = 65536
LogInit: WinSock: version 1.1 (2.2), MaxSocks=32767, MaxUdp=65467
LogInit: Build: ++UE4+Release-4.21-CL-4753647
LogInit: Engine Version: 4.21.2-4753647+++UE4+Release-4.21
LogInit: Compatible Engine Version: 4.21.0-4541578+++UE4+Release-4.21
LogInit: Net CL: 4541578
LogInit: OS: Windows 10 (), CPU: Intel(R) Core(TM) i7-6700HQ CPU @ 2.60GHz, GPU: Intel(R) HD Graphics 530
LogInit: Compiled (64-bit): Jan 19 2019 02:07:31
LogInit: Compiled with Visual C++: 19.13.26129.00
LogInit: Build Configuration: Development
LogInit: Branch Name: ++UE4+Release-4.21
LogInit: Command Line: 
LogInit: Base Directory: C:/Program Files (x86)/~Game/Epic Games/UE_4.21/Engine/Binaries/Win64/
LogInit: Installed Engine Build: 1
LogDevObjectVersion: Number of dev versions registered: 22
LogDevObjectVersion:   Dev-Blueprints (B0D832E4-1F89-4F0D-ACCF-7EB736FD4AA2): 10
LogDevObjectVersion:   Dev-Build (E1C64328-A22C-4D53-A36C-8E866417BD8C): 0
LogDevObjectVersion:   Dev-Core (375EC13C-06E4-48FB-B500-84F0262A717E): 2
LogDevObjectVersion:   Dev-Editor (E4B068ED-F494-42E9-A231-DA0B2E46BB41): 26
LogDevObjectVersion:   Dev-Framework (CFFC743F-43B0-4480-9391-14DF171D2073): 34
LogDevObjectVersion:   Dev-Mobile (B02B49B5-BB20-44E9-A304-32B752E40360): 2
LogDevObjectVersion:   Dev-Networking (A4E4105C-59A1-49B5-A7C5-40C4547EDFEE): 0
LogDevObjectVersion:   Dev-Online (39C831C9-5AE6-47DC-9A44-9C173E1C8E7C): 0
LogDevObjectVersion:   Dev-Physics (78F01B33-EBEA-4F98-B9B4-84EACCB95AA2): 0
LogDevObjectVersion:   Dev-Platform (6631380F-2D4D-43E0-8009-CF276956A95A): 0
LogDevObjectVersion:   Dev-Rendering (12F88B9F-8875-4AFC-A67C-D90C383ABD29): 27
LogDevObjectVersion:   Dev-Sequencer (7B5AE74C-D270-4C10-A958-57980B212A5A): 9
LogDevObjectVersion:   Dev-VR (D7296918-1DD6-4BDD-9DE2-64A83CC13884): 2
LogDevObjectVersion:   Dev-LoadTimes (C2A15278-BFE7-4AFE-6C17-90FF531DF755): 1
LogDevObjectVersion:   Private-Geometry (6EACA3D4-40EC-4CC1-B786-8BED09428FC5): 3
LogDevObjectVersion:   Dev-AnimPhys (29E575DD-E0A3-4627-9D10-D276232CDCEA): 17
LogDevObjectVersion:   Dev-Anim (AF43A65D-7FD3-4947-9873-3E8ED9C1BB05): 2
LogDevObjectVersion:   Dev-ReflectionCapture (6B266CEC-1EC7-4B8F-A30B-E4D90942FC07): 1
LogDevObjectVersion:   Dev-Automation (0DF73D61-A23F-47EA-B727-89E90C41499A): 1
LogDevObjectVersion:   FortniteMain (601D1886-AC64-4F84-AA16-D3DE0DEAC7D6): 17
LogDevObjectVersion:   Dev-Enterprise (9DFFBCD6-494F-0158-E221-12823C92A888): 4
LogDevObjectVersion:   Dev-Niagara (F2AED0AC-9AFE-416F-8664-AA7FFA26D6FC): 1
LogStreaming: Display: Took  0.002s to delete old logs.
LogInit: Presizing for max 8388607 objects, including 0 objects not considered by GC, pre-allocating 0 bytes for permanent pool.
LogInit: Object subsystem initialized
LogConfig: Setting CVar [[con.DebugEarlyDefault:1]]
LogConfig: Setting CVar [[r.setres:1280x720]]
[2019.04.29-15.30.15:959][  0]LogConfig: Setting CVar [[r.VSync:0]]
[2019.04.29-15.30.15:959][  0]LogConfig: Setting CVar [[r.RHICmdBypass:0]]
[2019.04.29-15.30.15:959][  0]LogConfig: Applying CVar settings from Section [/Script/Engine.RendererSettings] File [C:/Users/Utsuho/Desktop/General/Project/Prototype/UEPrototype/Saved/Config/Windows/Engine.ini]
[2019.04.29-15.30.15:959][  0]LogConfig: Setting CVar [[r.GPUCrashDebugging:0]]
[2019.04.29-15.30.15:959][  0]LogConfig: Setting CVar [[r.MobileHDR:0]]
[2019.04.29-15.30.15:959][  0]LogConfig: Setting CVar [[r.Mobile.DisableVertexFog:1]]
[2019.04.29-15.30.15:959][  0]LogConfig: Setting CVar [[r.Shadow.CSM.MaxMobileCascades:2]]
[2019.04.29-15.30.15:959][  0]LogConfig: Setting CVar [[r.MobileMSAA:1]]
[2019.04.29-15.30.15:959][  0]LogConfig: Setting CVar [[r.Mobile.UseLegacyShadingModel:0]]
[2019.04.29-15.30.15:959][  0]LogConfig: Setting CVar [[r.Mobile.AllowDitheredLODTransition:0]]
[2019.04.29-15.30.15:959][  0]LogConfig: Setting CVar [[r.Mobile.AllowSoftwareOcclusion:0]]
[2019.04.29-15.30.15:959][  0]LogConfig: Setting CVar [[r.DiscardUnusedQuality:0]]
[2019.04.29-15.30.15:959][  0]LogConfig: Setting CVar [[r.AllowOcclusionQueries:1]]
[2019.04.29-15.30.15:959][  0]LogConfig: Setting CVar [[r.MinScreenRadiusForLights:0.030000]]
[2019.04.29-15.30.15:959][  0]LogConfig: Setting CVar [[r.MinScreenRadiusForDepthPrepass:0.030000]]
[2019.04.29-15.30.15:959][  0]LogConfig: Setting CVar [[r.MinScreenRadiusForCSMDepth:0.010000]]
[2019.04.29-15.30.15:959][  0]LogConfig: Setting CVar [[r.PrecomputedVisibilityWarning:0]]
[2019.04.29-15.30.15:959][  0]LogConfig: Setting CVar [[r.TextureStreaming:1]]
[2019.04.29-15.30.15:959][  0]LogConfig: Setting CVar [[Compat.UseDXT5NormalMaps:0]]
[2019.04.29-15.30.15:959][  0]LogConfig: Setting CVar [[r.ClearCoatNormal:0]]
[2019.04.29-15.30.15:959][  0]LogConfig: Setting CVar [[r.ReflectionCaptureResolution:128]]
[2019.04.29-15.30.15:959][  0]LogConfig: Setting CVar [[r.ReflectionEnvironmentLightmapMixBasedOnRoughness:1]]
[2019.04.29-15.30.15:959][  0]LogConfig: Setting CVar [[r.ForwardShading:0]]
[2019.04.29-15.30.15:959][  0]LogConfig: Setting CVar [[r.VertexFoggingForOpaque:1]]
[2019.04.29-15.30.15:959][  0]LogConfig: Setting CVar [[r.AllowStaticLighting:1]]
[2019.04.29-15.30.15:959][  0]LogConfig: Setting CVar [[r.NormalMapsForStaticLighting:0]]
[2019.04.29-15.30.15:959][  0]LogConfig: Setting CVar [[r.GenerateMeshDistanceFields:0]]
[2019.04.29-15.30.15:959][  0]LogConfig: Setting CVar [[r.DistanceFieldBuild.EightBit:0]]
[2019.04.29-15.30.15:959][  0]LogConfig: Setting CVar [[r.GenerateLandscapeGIData:0]]
[2019.04.29-15.30.15:959][  0]LogConfig: Setting CVar [[r.DistanceFieldBuild.Compress:0]]
[2019.04.29-15.30.15:959][  0]LogConfig: Setting CVar [[r.TessellationAdaptivePixelsPerTriangle:48.000000]]
[2019.04.29-15.30.15:959][  0]LogConfig: Setting CVar [[r.SeparateTranslucency:0]]
[2019.04.29-15.30.15:959][  0]LogConfig: Setting CVar [[r.TranslucentSortPolicy:0]]
[2019.04.29-15.30.15:959][  0]LogConfig: Setting CVar [[r.CustomDepth:1]]
[2019.04.29-15.30.15:959][  0]LogConfig: Setting CVar [[r.CustomDepthTemporalAAJitter:1]]
[2019.04.29-15.30.15:959][  0]LogConfig: Setting CVar [[r.PostProcessing.PropagateAlpha:0]]
[2019.04.29-15.30.15:959][  0]LogConfig: Setting CVar [[r.DOF.Algorithm:1]]
[2019.04.29-15.30.15:960][  0]LogConfig: Setting CVar [[r.DefaultFeature.Bloom:0]]
[2019.04.29-15.30.15:960][  0]LogConfig: Setting CVar [[r.DefaultFeature.AmbientOcclusion:0]]
[2019.04.29-15.30.15:960][  0]LogConfig: Setting CVar [[r.DefaultFeature.AmbientOcclusionStaticFraction:1]]
[2019.04.29-15.30.15:960][  0]LogConfig: Setting CVar [[r.DefaultFeature.AutoExposure:0]]
[2019.04.29-15.30.15:960][  0]LogConfig: Setting CVar [[r.DefaultFeature.AutoExposure.Method:0]]
[2019.04.29-15.30.15:960][  0]LogConfig: Setting CVar [[r.DefaultFeature.AutoExposure.ExtendDefaultLuminanceRange:0]]
[2019.04.29-15.30.15:960][  0]LogConfig: Setting CVar [[r.UsePreExposure:0]]
[2019.04.29-15.30.15:960][  0]LogConfig: Setting CVar [[r.DefaultFeature.MotionBlur:0]]
[2019.04.29-15.30.15:960][  0]LogConfig: Setting CVar [[r.DefaultFeature.LensFlare:0]]
[2019.04.29-15.30.15:960][  0]LogConfig: Setting CVar [[r.TemporalAA.Upsampling:0]]
[2019.04.29-15.30.15:960][  0]LogConfig: Setting CVar [[r.DefaultFeature.AntiAliasing:0]]
[2019.04.29-15.30.15:960][  0]LogConfig: Setting CVar [[r.DefaultFeature.LightUnits:1]]
[2019.04.29-15.30.15:960][  0]LogConfig: Setting CVar [[r.DefaultBackBufferPixelFormat:4]]
[2019.04.29-15.30.15:960][  0]LogConfig: Setting CVar [[r.Shadow.UnbuiltPreviewInGame:1]]
[2019.04.29-15.30.15:960][  0]LogConfig: Setting CVar [[r.StencilForLODDither:0]]
[2019.04.29-15.30.15:960][  0]LogConfig: Setting CVar [[r.EarlyZPass:3]]
[2019.04.29-15.30.15:960][  0]LogConfig: Setting CVar [[r.EarlyZPassMovable:1]]
[2019.04.29-15.30.15:960][  0]LogConfig: Setting CVar [[r.EarlyZPassOnlyMaterialMasking:0]]
[2019.04.29-15.30.15:960][  0]LogConfig: Setting CVar [[r.DBuffer:1]]
[2019.04.29-15.30.15:960][  0]LogConfig: Setting CVar [[r.ClearSceneMethod:1]]
[2019.04.29-15.30.15:960][  0]LogConfig: Setting CVar [[r.BasePassOutputsVelocity:0]]
[2019.04.29-15.30.15:960][  0]LogConfig: Setting CVar [[r.SelectiveBasePassOutputs:0]]
[2019.04.29-15.30.15:960][  0]LogConfig: Setting CVar [[fx.GPUSimulationTextureSizeX:1024]]
[2019.04.29-15.30.15:960][  0]LogConfig: Setting CVar [[fx.GPUSimulationTextureSizeY:1024]]
[2019.04.29-15.30.15:960][  0]LogConfig: Setting CVar [[r.AllowGlobalClipPlane:0]]
[2019.04.29-15.30.15:960][  0]LogConfig: Setting CVar [[r.GBufferFormat:1]]
[2019.04.29-15.30.15:960][  0]LogConfig: Setting CVar [[r.MorphTarget.Mode:1]]
[2019.04.29-15.30.15:960][  0]LogConfig: Setting CVar [[vr.InstancedStereo:0]]
[2019.04.29-15.30.15:960][  0]LogConfig: Setting CVar [[vr.MultiView:0]]
[2019.04.29-15.30.15:960][  0]LogConfig: Setting CVar [[vr.MobileMultiView:0]]
[2019.04.29-15.30.15:960][  0]LogConfig: Setting CVar [[vr.MobileMultiView.Direct:0]]
[2019.04.29-15.30.15:960][  0]LogConfig: Setting CVar [[vr.MonoscopicFarField:0]]
[2019.04.29-15.30.15:960][  0]LogConfig: Setting CVar [[vr.RoundRobinOcclusion:0]]
[2019.04.29-15.30.15:960][  0]LogConfig: Setting CVar [[vr.ODSCapture:0]]
[2019.04.29-15.30.15:960][  0]LogConfig: Setting CVar [[r.WireframeCullThreshold:5.000000]]
[2019.04.29-15.30.15:960][  0]LogConfig: Setting CVar [[r.SupportStationarySkylight:1]]
[2019.04.29-15.30.15:960][  0]LogConfig: Setting CVar [[r.SupportLowQualityLightmaps:1]]
[2019.04.29-15.30.15:960][  0]LogConfig: Setting CVar [[r.SupportPointLightWholeSceneShadows:1]]
[2019.04.29-15.30.15:960][  0]LogConfig: Setting CVar [[r.SupportAtmosphericFog:1]]
[2019.04.29-15.30.15:960][  0]LogConfig: Setting CVar [[r.SkinCache.CompileShaders:0]]
[2019.04.29-15.30.15:960][  0]LogConfig: Setting CVar [[r.Mobile.EnableStaticAndCSMShadowReceivers:1]]
[2019.04.29-15.30.15:960][  0]LogConfig: Setting CVar [[r.Mobile.EnableMovableLightCSMShaderCulling:1]]
[2019.04.29-15.30.15:960][  0]LogConfig: Setting CVar [[r.Mobile.AllowDistanceFieldShadows:1]]
[2019.04.29-15.30.15:960][  0]LogConfig: Setting CVar [[r.Mobile.AllowMovableDirectionalLights:1]]
[2019.04.29-15.30.15:960][  0]LogConfig: Setting CVar [[r.MobileNumDynamicPointLights:4]]
[2019.04.29-15.30.15:960][  0]LogConfig: Setting CVar [[r.MobileDynamicPointLightsUseStaticBranch:1]]
[2019.04.29-15.30.15:960][  0]LogConfig: Setting CVar [[r.SkinCache.SceneMemoryLimitInMB:128.000000]]
[2019.04.29-15.30.15:960][  0]LogConfig: Setting CVar [[r.GPUSkin.Limit2BoneInfluences:0]]
[2019.04.29-15.30.15:960][  0]LogConfig: Setting CVar [[r.SupportDepthOnlyIndexBuffers:1]]
[2019.04.29-15.30.15:960][  0]LogConfig: Setting CVar [[r.SupportReversedIndexBuffers:1]]
[2019.04.29-15.30.15:960][  0]LogConfig: Setting CVar [[r.SupportMaterialLayers:0]]
[2019.04.29-15.30.15:960][  0]LogConfig: Applying CVar settings from Section [/Script/Engine.RendererOverrideSettings] File [C:/Users/Utsuho/Desktop/General/Project/Prototype/UEPrototype/Saved/Config/Windows/Engine.ini]
[2019.04.29-15.30.15:960][  0]LogConfig: Applying CVar settings from Section [/Script/Engine.StreamingSettings] File [C:/Users/Utsuho/Desktop/General/Project/Prototype/UEPrototype/Saved/Config/Windows/Engine.ini]
[2019.04.29-15.30.15:960][  0]LogConfig: Setting CVar [[s.MinBulkDataSizeForAsyncLoading:131072]]
[2019.04.29-15.30.15:960][  0]LogConfig: Setting CVar [[s.AsyncLoadingThreadEnabled:0]]
[2019.04.29-15.30.15:960][  0]LogConfig: Setting CVar [[s.EventDrivenLoaderEnabled:1]]
[2019.04.29-15.30.15:960][  0]LogConfig: Setting CVar [[s.WarnIfTimeLimitExceeded:0]]
[2019.04.29-15.30.15:960][  0]LogConfig: Setting CVar [[s.TimeLimitExceededMultiplier:1.5]]
[2019.04.29-15.30.15:960][  0]LogConfig: Setting CVar [[s.TimeLimitExceededMinTime:0.005]]
[2019.04.29-15.30.15:961][  0]LogConfig: Setting CVar [[s.UseBackgroundLevelStreaming:1]]
[2019.04.29-15.30.15:961][  0]LogConfig: Setting CVar [[s.PriorityAsyncLoadingExtraTime:15.0]]
[2019.04.29-15.30.15:961][  0]LogConfig: Setting CVar [[s.LevelStreamingActorsUpdateTimeLimit:5.0]]
[2019.04.29-15.30.15:961][  0]LogConfig: Setting CVar [[s.PriorityLevelStreamingActorsUpdateExtraTime:5.0]]
[2019.04.29-15.30.15:961][  0]LogConfig: Setting CVar [[s.LevelStreamingComponentsRegistrationGranularity:10]]
[2019.04.29-15.30.15:961][  0]LogConfig: Setting CVar [[s.UnregisterComponentsTimeLimit:1.0]]
[2019.04.29-15.30.15:961][  0]LogConfig: Setting CVar [[s.LevelStreamingComponentsUnregistrationGranularity:5]]
[2019.04.29-15.30.15:961][  0]LogConfig: Applying CVar settings from Section [/Script/Engine.GarbageCollectionSettings] File [C:/Users/Utsuho/Desktop/General/Project/Prototype/UEPrototype/Saved/Config/Windows/Engine.ini]
[2019.04.29-15.30.15:961][  0]LogConfig: Setting CVar [[gc.MaxObjectsNotConsideredByGC:1]]
[2019.04.29-15.30.15:961][  0]LogConfig: Setting CVar [[gc.SizeOfPermanentObjectPool:0]]
[2019.04.29-15.30.15:961][  0]LogConfig: Setting CVar [[gc.FlushStreamingOnGC:0]]
[2019.04.29-15.30.15:961][  0]LogConfig: Setting CVar [[gc.NumRetriesBeforeForcingGC:10]]
[2019.04.29-15.30.15:961][  0]LogConfig: Setting CVar [[gc.AllowParallelGC:1]]
[2019.04.29-15.30.15:961][  0]LogConfig: Setting CVar [[gc.TimeBetweenPurgingPendingKillObjects:61.1]]
[2019.04.29-15.30.15:961][  0]LogConfig: Setting CVar [[gc.MaxObjectsInEditor:8388607]]
[2019.04.29-15.30.15:961][  0]LogConfig: Setting CVar [[gc.IncrementalBeginDestroyEnabled:1]]
[2019.04.29-15.30.15:961][  0]LogConfig: Setting CVar [[gc.CreateGCClusters:1]]
[2019.04.29-15.30.15:961][  0]LogConfig: Setting CVar [[gc.MergeGCClusters:0]]
[2019.04.29-15.30.15:961][  0]LogConfig: Setting CVar [[gc.MinGCClusterSize:5]]
[2019.04.29-15.30.15:961][  0]LogConfig: Setting CVar [[gc.ActorClusteringEnabled:0]]
[2019.04.29-15.30.15:961][  0]LogConfig: Setting CVar [[gc.BlueprintClusteringEnabled:0]]
[2019.04.29-15.30.15:961][  0]LogConfig: Setting CVar [[gc.UseDisregardForGCOnDedicatedServers:0]]
[2019.04.29-15.30.15:961][  0]LogConfig: Applying CVar settings from Section [/Script/Engine.NetworkSettings] File [C:/Users/Utsuho/Desktop/General/Project/Prototype/UEPrototype/Saved/Config/Windows/Engine.ini]
[2019.04.29-15.30.15:961][  0]LogConfig: Applying CVar settings from Section [/Script/UnrealEd.CookerSettings] File [C:/Users/Utsuho/Desktop/General/Project/Prototype/UEPrototype/Saved/Config/Windows/Engine.ini]
[2019.04.29-15.30.15:973][  0]LogConfig: Applying CVar settings from Section [ViewDistanceQuality@3] File [C:/Users/Utsuho/Desktop/General/Project/Prototype/UEPrototype/Saved/Config/Windows/Scalability.ini]
[2019.04.29-15.30.15:973][  0]LogConfig: Setting CVar [[r.SkeletalMeshLODBias:0]]
[2019.04.29-15.30.15:973][  0]LogConfig: Setting CVar [[r.ViewDistanceScale:1.0]]
[2019.04.29-15.30.15:973][  0]LogConfig: Applying CVar settings from Section [AntiAliasingQuality@3] File [C:/Users/Utsuho/Desktop/General/Project/Prototype/UEPrototype/Saved/Config/Windows/Scalability.ini]
[2019.04.29-15.30.15:973][  0]LogConfig: Setting CVar [[r.PostProcessAAQuality:4]]
[2019.04.29-15.30.15:973][  0]LogConfig: Applying CVar settings from Section [ShadowQuality@3] File [C:/Users/Utsuho/Desktop/General/Project/Prototype/UEPrototype/Saved/Config/Windows/Scalability.ini]
[2019.04.29-15.30.15:973][  0]LogConfig: Setting CVar [[r.LightFunctionQuality:1]]
[2019.04.29-15.30.15:973][  0]LogConfig: Setting CVar [[r.ShadowQuality:5]]
[2019.04.29-15.30.15:973][  0]LogConfig: Setting CVar [[r.Shadow.CSM.MaxCascades:10]]
[2019.04.29-15.30.15:973][  0]LogConfig: Setting CVar [[r.Shadow.MaxResolution:2048]]
[2019.04.29-15.30.15:973][  0]LogConfig: Setting CVar [[r.Shadow.MaxCSMResolution:2048]]
[2019.04.29-15.30.15:973][  0]LogConfig: Setting CVar [[r.Shadow.RadiusThreshold:0.01]]
[2019.04.29-15.30.15:973][  0]LogConfig: Setting CVar [[r.Shadow.DistanceScale:1.0]]
[2019.04.29-15.30.15:973][  0]LogConfig: Setting CVar [[r.Shadow.CSM.TransitionScale:1.0]]
[2019.04.29-15.30.15:973][  0]LogConfig: Setting CVar [[r.Shadow.PreShadowResolutionFactor:1.0]]
[2019.04.29-15.30.15:973][  0]LogConfig: Setting CVar [[r.DistanceFieldShadowing:1]]
[2019.04.29-15.30.15:973][  0]LogConfig: Setting CVar [[r.DistanceFieldAO:1]]
[2019.04.29-15.30.15:973][  0]LogConfig: Setting CVar [[r.AOQuality:2]]
[2019.04.29-15.30.15:973][  0]LogConfig: Setting CVar [[r.VolumetricFog:1]]
[2019.04.29-15.30.15:973][  0]LogConfig: Setting CVar [[r.VolumetricFog.GridPixelSize:8]]
[2019.04.29-15.30.15:973][  0]LogConfig: Setting CVar [[r.VolumetricFog.GridSizeZ:128]]
[2019.04.29-15.30.15:973][  0]LogConfig: Setting CVar [[r.VolumetricFog.HistoryMissSupersampleCount:4]]
[2019.04.29-15.30.15:973][  0]LogConfig: Setting CVar [[r.LightMaxDrawDistanceScale:1]]
[2019.04.29-15.30.15:973][  0]LogConfig: Setting CVar [[r.CapsuleShadows:1]]
[2019.04.29-15.30.15:973][  0]LogConfig: Applying CVar settings from Section [PostProcessQuality@3] File [C:/Users/Utsuho/Desktop/General/Project/Prototype/UEPrototype/Saved/Config/Windows/Scalability.ini]
[2019.04.29-15.30.15:973][  0]LogConfig: Setting CVar [[r.MotionBlurQuality:4]]
[2019.04.29-15.30.15:973][  0]LogConfig: Setting CVar [[r.AmbientOcclusionMipLevelFactor:0.4]]
[2019.04.29-15.30.15:973][  0]LogConfig: Setting CVar [[r.AmbientOcclusionMaxQuality:100]]
[2019.04.29-15.30.15:973][  0]LogConfig: Setting CVar [[r.AmbientOcclusionLevels:-1]]
[2019.04.29-15.30.15:973][  0]LogConfig: Setting CVar [[r.AmbientOcclusionRadiusScale:1.0]]
[2019.04.29-15.30.15:973][  0]LogConfig: Setting CVar [[r.DepthOfFieldQuality:2]]
[2019.04.29-15.30.15:973][  0]LogConfig: Setting CVar [[r.RenderTargetPoolMin:400]]
[2019.04.29-15.30.15:973][  0]LogConfig: Setting CVar [[r.LensFlareQuality:2]]
[2019.04.29-15.30.15:973][  0]LogConfig: Setting CVar [[r.SceneColorFringeQuality:1]]
[2019.04.29-15.30.15:973][  0]LogConfig: Setting CVar [[r.EyeAdaptationQuality:2]]
[2019.04.29-15.30.15:974][  0]LogConfig: Setting CVar [[r.BloomQuality:5]]
[2019.04.29-15.30.15:974][  0]LogConfig: Setting CVar [[r.FastBlurThreshold:100]]
[2019.04.29-15.30.15:974][  0]LogConfig: Setting CVar [[r.Upscale.Quality:3]]
[2019.04.29-15.30.15:974][  0]LogConfig: Setting CVar [[r.Tonemapper.GrainQuantization:1]]
[2019.04.29-15.30.15:974][  0]LogConfig: Setting CVar [[r.LightShaftQuality:1]]
[2019.04.29-15.30.15:974][  0]LogConfig: Setting CVar [[r.Filter.SizeScale:1]]
[2019.04.29-15.30.15:974][  0]LogConfig: Setting CVar [[r.Tonemapper.Quality:5]]
[2019.04.29-15.30.15:974][  0]LogConfig: Setting CVar [[r.DOF.Gather.AccumulatorQuality:1        ; higher gathering accumulator quality]]
[2019.04.29-15.30.15:974][  0]LogConfig: Setting CVar [[r.DOF.Gather.PostfilterMethod:1          ; Median3x3 postfilering method]]
[2019.04.29-15.30.15:974][  0]LogConfig: Setting CVar [[r.DOF.Gather.EnableBokehSettings:0       ; no bokeh simulation when gathering]]
[2019.04.29-15.30.15:974][  0]LogConfig: Setting CVar [[r.DOF.Gather.RingCount:4                 ; medium number of samples when gathering]]
[2019.04.29-15.30.15:974][  0]LogConfig: Setting CVar [[r.DOF.Scatter.ForegroundCompositing:1    ; additive foreground scattering]]
[2019.04.29-15.30.15:974][  0]LogConfig: Setting CVar [[r.DOF.Scatter.BackgroundCompositing:2    ; additive background scattering]]
[2019.04.29-15.30.15:974][  0]LogConfig: Setting CVar [[r.DOF.Scatter.EnableBokehSettings:1      ; bokeh simulation when scattering]]
[2019.04.29-15.30.15:974][  0]LogConfig: Setting CVar [[r.DOF.Scatter.MaxSpriteRatio:0.1         ; only a maximum of 10% of scattered bokeh]]
[2019.04.29-15.30.15:974][  0]LogConfig: Setting CVar [[r.DOF.Recombine.Quality:1                ; cheap slight out of focus]]
[2019.04.29-15.30.15:974][  0]LogConfig: Setting CVar [[r.DOF.Recombine.EnableBokehSettings:0    ; no bokeh simulation on slight out of focus]]
[2019.04.29-15.30.15:974][  0]LogConfig: Setting CVar [[r.DOF.TemporalAAQuality:1                ; more stable temporal accumulation]]
[2019.04.29-15.30.15:974][  0]LogConfig: Setting CVar [[r.DOF.Kernel.MaxForegroundRadius:0.025]]
[2019.04.29-15.30.15:974][  0]LogConfig: Setting CVar [[r.DOF.Kernel.MaxBackgroundRadius:0.025]]
[2019.04.29-15.30.15:974][  0]LogConfig: Applying CVar settings from Section [TextureQuality@3] File [C:/Users/Utsuho/Desktop/General/Project/Prototype/UEPrototype/Saved/Config/Windows/Scalability.ini]
[2019.04.29-15.30.15:974][  0]LogConfig: Setting CVar [[r.Streaming.MipBias:0]]
[2019.04.29-15.30.15:974][  0]LogConfig: Setting CVar [[r.Streaming.AmortizeCPUToGPUCopy:0]]
[2019.04.29-15.30.15:974][  0]LogConfig: Setting CVar [[r.Streaming.MaxNumTexturesToStreamPerFrame:0]]
[2019.04.29-15.30.15:974][  0]LogConfig: Setting CVar [[r.Streaming.Boost:1]]
[2019.04.29-15.30.15:974][  0]LogConfig: Setting CVar [[r.MaxAnisotropy:8]]
[2019.04.29-15.30.15:974][  0]LogConfig: Setting CVar [[r.Streaming.LimitPoolSizeToVRAM:0]]
[2019.04.29-15.30.15:974][  0]LogConfig: Setting CVar [[r.Streaming.PoolSize:1000]]
[2019.04.29-15.30.15:974][  0]LogConfig: Setting CVar [[r.Streaming.MaxEffectiveScreenSize:0]]
[2019.04.29-15.30.15:974][  0]LogConfig: Applying CVar settings from Section [EffectsQuality@3] File [C:/Users/Utsuho/Desktop/General/Project/Prototype/UEPrototype/Saved/Config/Windows/Scalability.ini]
[2019.04.29-15.30.15:974][  0]LogConfig: Setting CVar [[r.TranslucencyLightingVolumeDim:64]]
[2019.04.29-15.30.15:974][  0]LogConfig: Setting CVar [[r.RefractionQuality:2]]
[2019.04.29-15.30.15:974][  0]LogConfig: Setting CVar [[r.SSR.Quality:3]]
[2019.04.29-15.30.15:974][  0]LogConfig: Setting CVar [[r.SceneColorFormat:4]]
[2019.04.29-15.30.15:974][  0]LogConfig: Setting CVar [[r.DetailMode:2]]
[2019.04.29-15.30.15:974][  0]LogConfig: Setting CVar [[r.TranslucencyVolumeBlur:1]]
[2019.04.29-15.30.15:974][  0]LogConfig: Setting CVar [[r.MaterialQualityLevel:1 ; High quality]]
[2019.04.29-15.30.15:975][  0]LogConfig: Setting CVar [[r.SSS.Scale:1]]
[2019.04.29-15.30.15:975][  0]LogConfig: Setting CVar [[r.SSS.SampleSet:2]]
[2019.04.29-15.30.15:975][  0]LogConfig: Setting CVar [[r.SSS.Quality:1]]
[2019.04.29-15.30.15:975][  0]LogConfig: Setting CVar [[r.SSS.HalfRes:1]]
[2019.04.29-15.30.15:975][  0]LogConfig: Setting CVar [[r.EmitterSpawnRateScale:1.0]]
[2019.04.29-15.30.15:975][  0]LogConfig: Setting CVar [[r.ParticleLightQuality:2]]
[2019.04.29-15.30.15:975][  0]LogConfig: Applying CVar settings from Section [FoliageQuality@3] File [C:/Users/Utsuho/Desktop/General/Project/Prototype/UEPrototype/Saved/Config/Windows/Scalability.ini]
[2019.04.29-15.30.15:975][  0]LogConfig: Setting CVar [[foliage.DensityScale:1.0]]
[2019.04.29-15.30.15:975][  0]LogConfig: Setting CVar [[grass.DensityScale:1.0]]
[2019.04.29-15.30.15:975][  0]LogInit: Selected Device Profile: [Windows]
[2019.04.29-15.30.15:975][  0]LogInit: Applying CVar settings loaded from the selected device profile: [Windows]
[2019.04.29-15.30.16:009][  0]LogHAL: Display: Platform has ~ 8 GB [8393322496 / 8589934592 / 8], which maps to Default [LargestMinGB=32, LargerMinGB=12, DefaultMinGB=8, SmallerMinGB=6, SmallestMinGB=0)
[2019.04.29-15.30.16:009][  0]LogConfig: Setting CVar [[r.Vulkan.UseRealUBs:1]]
[2019.04.29-15.30.16:009][  0]LogInit: Going up to parent DeviceProfile []
[2019.04.29-15.30.16:009][  0]LogConfig: Applying CVar settings from Section [ViewDistanceQuality@3] File [C:/Users/Utsuho/Desktop/General/Project/Prototype/UEPrototype/Saved/Config/Windows/Scalability.ini]
[2019.04.29-15.30.16:009][  0]LogConfig: Setting CVar [[r.SkeletalMeshLODBias:0]]
[2019.04.29-15.30.16:010][  0]LogConfig: Setting CVar [[r.ViewDistanceScale:1.0]]
[2019.04.29-15.30.16:010][  0]LogConfig: Applying CVar settings from Section [AntiAliasingQuality@3] File [C:/Users/Utsuho/Desktop/General/Project/Prototype/UEPrototype/Saved/Config/Windows/Scalability.ini]
[2019.04.29-15.30.16:010][  0]LogConfig: Setting CVar [[r.PostProcessAAQuality:4]]
[2019.04.29-15.30.16:010][  0]LogConfig: Applying CVar settings from Section [ShadowQuality@3] File [C:/Users/Utsuho/Desktop/General/Project/Prototype/UEPrototype/Saved/Config/Windows/Scalability.ini]
[2019.04.29-15.30.16:010][  0]LogConfig: Setting CVar [[r.LightFunctionQuality:1]]
[2019.04.29-15.30.16:010][  0]LogConfig: Setting CVar [[r.ShadowQuality:5]]
[2019.04.29-15.30.16:010][  0]LogConfig: Setting CVar [[r.Shadow.CSM.MaxCascades:10]]
[2019.04.29-15.30.16:010][  0]LogConfig: Setting CVar [[r.Shadow.MaxResolution:2048]]
[2019.04.29-15.30.16:010][  0]LogConfig: Setting CVar [[r.Shadow.MaxCSMResolution:2048]]
[2019.04.29-15.30.16:010][  0]LogConfig: Setting CVar [[r.Shadow.RadiusThreshold:0.01]]
[2019.04.29-15.30.16:010][  0]LogConfig: Setting CVar [[r.Shadow.DistanceScale:1.0]]
[2019.04.29-15.30.16:010][  0]LogConfig: Setting CVar [[r.Shadow.CSM.TransitionScale:1.0]]
[2019.04.29-15.30.16:010][  0]LogConfig: Setting CVar [[r.Shadow.PreShadowResolutionFactor:1.0]]
[2019.04.29-15.30.16:010][  0]LogConfig: Setting CVar [[r.DistanceFieldShadowing:1]]
[2019.04.29-15.30.16:010][  0]LogConfig: Setting CVar [[r.DistanceFieldAO:1]]
[2019.04.29-15.30.16:010][  0]LogConfig: Setting CVar [[r.AOQuality:2]]
[2019.04.29-15.30.16:010][  0]LogConfig: Setting CVar [[r.VolumetricFog:1]]
[2019.04.29-15.30.16:010][  0]LogConfig: Setting CVar [[r.VolumetricFog.GridPixelSize:8]]
[2019.04.29-15.30.16:010][  0]LogConfig: Setting CVar [[r.VolumetricFog.GridSizeZ:128]]
[2019.04.29-15.30.16:010][  0]LogConfig: Setting CVar [[r.VolumetricFog.HistoryMissSupersampleCount:4]]
[2019.04.29-15.30.16:010][  0]LogConfig: Setting CVar [[r.LightMaxDrawDistanceScale:1]]
[2019.04.29-15.30.16:010][  0]LogConfig: Setting CVar [[r.CapsuleShadows:1]]
[2019.04.29-15.30.16:010][  0]LogConfig: Applying CVar settings from Section [PostProcessQuality@3] File [C:/Users/Utsuho/Desktop/General/Project/Prototype/UEPrototype/Saved/Config/Windows/Scalability.ini]
[2019.04.29-15.30.16:010][  0]LogConfig: Setting CVar [[r.MotionBlurQuality:4]]
[2019.04.29-15.30.16:010][  0]LogConfig: Setting CVar [[r.AmbientOcclusionMipLevelFactor:0.4]]
[2019.04.29-15.30.16:010][  0]LogConfig: Setting CVar [[r.AmbientOcclusionMaxQuality:100]]
[2019.04.29-15.30.16:010][  0]LogConfig: Setting CVar [[r.AmbientOcclusionLevels:-1]]
[2019.04.29-15.30.16:010][  0]LogConfig: Setting CVar [[r.AmbientOcclusionRadiusScale:1.0]]
[2019.04.29-15.30.16:010][  0]LogConfig: Setting CVar [[r.DepthOfFieldQuality:2]]
[2019.04.29-15.30.16:010][  0]LogConfig: Setting CVar [[r.RenderTargetPoolMin:400]]
[2019.04.29-15.30.16:010][  0]LogConfig: Setting CVar [[r.LensFlareQuality:2]]
[2019.04.29-15.30.16:010][  0]LogConfig: Setting CVar [[r.SceneColorFringeQuality:1]]
[2019.04.29-15.30.16:010][  0]LogConfig: Setting CVar [[r.EyeAdaptationQuality:2]]
[2019.04.29-15.30.16:010][  0]LogConfig: Setting CVar [[r.BloomQuality:5]]
[2019.04.29-15.30.16:010][  0]LogConfig: Setting CVar [[r.FastBlurThreshold:100]]
[2019.04.29-15.30.16:010][  0]LogConfig: Setting CVar [[r.Upscale.Quality:3]]
[2019.04.29-15.30.16:010][  0]LogConfig: Setting CVar [[r.Tonemapper.GrainQuantization:1]]
[2019.04.29-15.30.16:010][  0]LogConfig: Setting CVar [[r.LightShaftQuality:1]]
[2019.04.29-15.30.16:011][  0]LogConfig: Setting CVar [[r.Filter.SizeScale:1]]
[2019.04.29-15.30.16:011][  0]LogConfig: Setting CVar [[r.Tonemapper.Quality:5]]
[2019.04.29-15.30.16:011][  0]LogConfig: Setting CVar [[r.DOF.Gather.AccumulatorQuality:1        ; higher gathering accumulator quality]]
[2019.04.29-15.30.16:011][  0]LogConfig: Setting CVar [[r.DOF.Gather.PostfilterMethod:1          ; Median3x3 postfilering method]]
[2019.04.29-15.30.16:011][  0]LogConfig: Setting CVar [[r.DOF.Gather.EnableBokehSettings:0       ; no bokeh simulation when gathering]]
[2019.04.29-15.30.16:011][  0]LogConfig: Setting CVar [[r.DOF.Gather.RingCount:4                 ; medium number of samples when gathering]]
[2019.04.29-15.30.16:011][  0]LogConfig: Setting CVar [[r.DOF.Scatter.ForegroundCompositing:1    ; additive foreground scattering]]
[2019.04.29-15.30.16:011][  0]LogConfig: Setting CVar [[r.DOF.Scatter.BackgroundCompositing:2    ; additive background scattering]]
[2019.04.29-15.30.16:011][  0]LogConfig: Setting CVar [[r.DOF.Scatter.EnableBokehSettings:1      ; bokeh simulation when scattering]]
[2019.04.29-15.30.16:011][  0]LogConfig: Setting CVar [[r.DOF.Scatter.MaxSpriteRatio:0.1         ; only a maximum of 10% of scattered bokeh]]
[2019.04.29-15.30.16:011][  0]LogConfig: Setting CVar [[r.DOF.Recombine.Quality:1                ; cheap slight out of focus]]
[2019.04.29-15.30.16:011][  0]LogConfig: Setting CVar [[r.DOF.Recombine.EnableBokehSettings:0    ; no bokeh simulation on slight out of focus]]
[2019.04.29-15.30.16:011][  0]LogConfig: Setting CVar [[r.DOF.TemporalAAQuality:1                ; more stable temporal accumulation]]
[2019.04.29-15.30.16:011][  0]LogConfig: Setting CVar [[r.DOF.Kernel.MaxForegroundRadius:0.025]]
[2019.04.29-15.30.16:011][  0]LogConfig: Setting CVar [[r.DOF.Kernel.MaxBackgroundRadius:0.025]]
[2019.04.29-15.30.16:011][  0]LogConfig: Applying CVar settings from Section [TextureQuality@3] File [C:/Users/Utsuho/Desktop/General/Project/Prototype/UEPrototype/Saved/Config/Windows/Scalability.ini]
[2019.04.29-15.30.16:011][  0]LogConfig: Setting CVar [[r.Streaming.MipBias:0]]
[2019.04.29-15.30.16:011][  0]LogConfig: Setting CVar [[r.Streaming.AmortizeCPUToGPUCopy:0]]
[2019.04.29-15.30.16:011][  0]LogConfig: Setting CVar [[r.Streaming.MaxNumTexturesToStreamPerFrame:0]]
[2019.04.29-15.30.16:011][  0]LogConfig: Setting CVar [[r.Streaming.Boost:1]]
[2019.04.29-15.30.16:011][  0]LogConfig: Setting CVar [[r.MaxAnisotropy:8]]
[2019.04.29-15.30.16:011][  0]LogConfig: Setting CVar [[r.Streaming.LimitPoolSizeToVRAM:0]]
[2019.04.29-15.30.16:011][  0]LogConfig: Setting CVar [[r.Streaming.PoolSize:1000]]
[2019.04.29-15.30.16:011][  0]LogConfig: Setting CVar [[r.Streaming.MaxEffectiveScreenSize:0]]
[2019.04.29-15.30.16:011][  0]LogConfig: Applying CVar settings from Section [EffectsQuality@3] File [C:/Users/Utsuho/Desktop/General/Project/Prototype/UEPrototype/Saved/Config/Windows/Scalability.ini]
[2019.04.29-15.30.16:011][  0]LogConfig: Setting CVar [[r.TranslucencyLightingVolumeDim:64]]
[2019.04.29-15.30.16:011][  0]LogConfig: Setting CVar [[r.RefractionQuality:2]]
[2019.04.29-15.30.16:011][  0]LogConfig: Setting CVar [[r.SSR.Quality:3]]
[2019.04.29-15.30.16:011][  0]LogConfig: Setting CVar [[r.SceneColorFormat:4]]
[2019.04.29-15.30.16:011][  0]LogConfig: Setting CVar [[r.DetailMode:2]]
[2019.04.29-15.30.16:011][  0]LogConfig: Setting CVar [[r.TranslucencyVolumeBlur:1]]
[2019.04.29-15.30.16:011][  0]LogConfig: Setting CVar [[r.MaterialQualityLevel:1 ; High quality]]
[2019.04.29-15.30.16:011][  0]LogConfig: Setting CVar [[r.SSS.Scale:1]]
[2019.04.29-15.30.16:011][  0]LogConfig: Setting CVar [[r.SSS.SampleSet:2]]
[2019.04.29-15.30.16:011][  0]LogConfig: Setting CVar [[r.SSS.Quality:1]]
[2019.04.29-15.30.16:011][  0]LogConfig: Setting CVar [[r.SSS.HalfRes:1]]
[2019.04.29-15.30.16:011][  0]LogConfig: Setting CVar [[r.EmitterSpawnRateScale:1.0]]
[2019.04.29-15.30.16:011][  0]LogConfig: Setting CVar [[r.ParticleLightQuality:2]]
[2019.04.29-15.30.16:011][  0]LogConfig: Applying CVar settings from Section [FoliageQuality@3] File [C:/Users/Utsuho/Desktop/General/Project/Prototype/UEPrototype/Saved/Config/Windows/Scalability.ini]
[2019.04.29-15.30.16:012][  0]LogConfig: Setting CVar [[foliage.DensityScale:1.0]]
[2019.04.29-15.30.16:012][  0]LogConfig: Setting CVar [[grass.DensityScale:1.0]]
[2019.04.29-15.30.16:012][  0]LogConfig: Applying CVar settings from Section [Startup] File [../../../Engine/Config/ConsoleVariables.ini]
[2019.04.29-15.30.16:017][  0]LogConfig: Setting CVar [[net.UseAdaptiveNetUpdateFrequency:0]]
[2019.04.29-15.30.16:018][  0]LogConfig: Applying CVar settings from Section [ConsoleVariables] File [C:/Users/Utsuho/Desktop/General/Project/Prototype/UEPrototype/Saved/Config/Windows/Engine.ini]
[2019.04.29-15.30.16:018][  0]LogInit: Computer: DESKTOP-33J3PSK
[2019.04.29-15.30.16:018][  0]LogInit: User: Utsuho
[2019.04.29-15.30.16:018][  0]LogInit: CPU Page size=4096, Cores=4
[2019.04.29-15.30.16:018][  0]LogInit: High frequency timer resolution =2.531255 MHz
[2019.04.29-15.30.16:018][  0]LogMemory: Memory total: Physical=7.8GB (8GB approx)
[2019.04.29-15.30.16:018][  0]LogMemory: Platform Memory Stats for Windows
[2019.04.29-15.30.16:019][  0]LogMemory: Process Physical Memory: 103.88 MB used, 103.88 MB peak
[2019.04.29-15.30.16:019][  0]LogMemory: Process Virtual Memory: 94.04 MB used, 94.04 MB peak
[2019.04.29-15.30.16:019][  0]LogMemory: Physical Memory: 6074.93 MB used,  1929.56 MB free, 8004.50 MB total
[2019.04.29-15.30.16:019][  0]LogMemory: Virtual Memory: 4656.34 MB used,  134213072.00 MB free, 134217728.00 MB total
[2019.04.29-15.30.16:117][  0]LogInit: Using OS detected language (ko-KR).
[2019.04.29-15.30.16:117][  0]LogInit: Using OS detected locale (ko-KR).
[2019.04.29-15.30.16:119][  0]LogTextLocalizationManager: No specific localization for 'ko-KR' exists, so the 'ko' localization will be used.
[2019.04.29-15.30.16:900][  0]LogStreaming: Display: Took  0.784s to InitEngineTextLocalization.
[2019.04.29-15.30.16:900][  0]LogInit: Setting process to per monitor DPI aware
[2019.04.29-15.30.16:977][  0]LogSlate: New Slate User Created.  User Index 0, Is Virtual User: 0
[2019.04.29-15.30.16:977][  0]LogSlate: Slate User Registered.  User Index 0, Is Virtual User: 0
[2019.04.29-15.30.20:169][  0]LogHMD: Failed to initialize OpenVR with code 110
[2019.04.29-15.30.20:169][  0]LogD3D11RHI: D3D11 adapters:
[2019.04.29-15.30.20:301][  0]LogD3D11RHI:    0. 'NVIDIA GeForce GTX 960M' (Feature Level 11_0)
[2019.04.29-15.30.20:301][  0]LogD3D11RHI:       2017/0/4002 MB DedicatedVideo/DedicatedSystem/SharedSystem, Outputs:2, VendorId:0x10de
[2019.04.29-15.30.20:318][  0]LogD3D11RHI:    1. 'Intel(R) HD Graphics 530' (Feature Level 11_0)
[2019.04.29-15.30.20:318][  0]LogD3D11RHI:       128/0/4002 MB DedicatedVideo/DedicatedSystem/SharedSystem, Outputs:0, VendorId:0x8086
[2019.04.29-15.30.20:324][  0]LogD3D11RHI:    2. 'Microsoft Basic Render Driver' (Feature Level 11_0)
[2019.04.29-15.30.20:324][  0]LogD3D11RHI:       0/0/4002 MB DedicatedVideo/DedicatedSystem/SharedSystem, Outputs:0, VendorId:0x1414
[2019.04.29-15.30.20:324][  0]LogD3D11RHI: Chosen D3D11 Adapter: 0
[2019.04.29-15.30.20:394][  0]LogD3D11RHI: Creating new Direct3DDevice
[2019.04.29-15.30.20:394][  0]LogD3D11RHI:     GPU DeviceId: 0x139b (for the marketing name, search the web for "GPU Device Id")
[2019.04.29-15.30.20:394][  0]LogWindows: EnumDisplayDevices:
[2019.04.29-15.30.20:394][  0]LogWindows:    0. 'Intel(R) HD Graphics 530' (P:1 D:1)
[2019.04.29-15.30.20:396][  0]LogWindows:    1. 'Intel(R) HD Graphics 530' (P:0 D:0)
[2019.04.29-15.30.20:397][  0]LogWindows:    2. 'Intel(R) HD Graphics 530' (P:0 D:0)
[2019.04.29-15.30.20:399][  0]LogWindows:    3. 'NVIDIA GeForce GTX 960M' (P:0 D:1)
[2019.04.29-15.30.20:400][  0]LogWindows:    4. 'NVIDIA GeForce GTX 960M' (P:0 D:0)
[2019.04.29-15.30.20:401][  0]LogWindows:    5. 'NVIDIA GeForce GTX 960M' (P:0 D:0)
[2019.04.29-15.30.20:402][  0]LogWindows:    6. 'NVIDIA GeForce GTX 960M' (P:0 D:0)
[2019.04.29-15.30.20:403][  0]LogWindows:    7. 'Mirage Driver' (P:0 D:0)
[2019.04.29-15.30.20:403][  0]LogWindows: DebugString: PrimaryIsNotTheChoosenAdapter PrimaryIsNotTheChoosenAdapter PrimaryIsNotTheChoosenAdapter GetVideoDriverDetailsInvalid PrimaryIsNotTheChoosenAdapter FoundDriverCount:4 
[2019.04.29-15.30.20:403][  0]LogD3D11RHI:     Adapter Name: NVIDIA GeForce GTX 960M
[2019.04.29-15.30.20:404][  0]LogD3D11RHI:   Driver Version: 389.27 (internal:23.21.13.8927, unified:389.27)
[2019.04.29-15.30.20:404][  0]LogD3D11RHI:      Driver Date: 4-17-2018
[2019.04.29-15.30.20:404][  0]LogRHI: Texture pool is 1412 MB (70% of 2017 MB)
[2019.04.29-15.30.20:450][  0]LogD3D11RHI: Async texture creation enabled
[2019.04.29-15.30.20:511][  0]LogD3D11RHI: GPU Timing Frequency: 1000.000000 (Debug: 2 1)
[2019.04.29-15.30.21:304][  0]LogTemp: Display: Loaded TP AllDesktopTargetPlatform
[2019.04.29-15.30.21:323][  0]LogTemp: Display: Loaded TP MacClientTargetPlatform
[2019.04.29-15.30.21:344][  0]LogTemp: Display: Loaded TP MacNoEditorTargetPlatform
[2019.04.29-15.30.21:363][  0]LogTemp: Display: Loaded TP MacServerTargetPlatform
[2019.04.29-15.30.21:389][  0]LogTemp: Display: Loaded TP MacTargetPlatform
[2019.04.29-15.30.21:408][  0]LogTemp: Display: Loaded TP WindowsClientTargetPlatform
[2019.04.29-15.30.21:429][  0]LogTemp: Display: Loaded TP WindowsNoEditorTargetPlatform
[2019.04.29-15.30.21:453][  0]LogTemp: Display: Loaded TP WindowsServerTargetPlatform
[2019.04.29-15.30.21:464][  0]LogTemp: Display: Loaded TP WindowsTargetPlatform
[2019.04.29-15.30.21:588][  0]LogTemp: Display: Loaded TP AndroidTargetPlatform
[2019.04.29-15.30.21:588][  0]LogTemp: Display: Loaded TP AndroidTargetPlatform
[2019.04.29-15.30.21:588][  0]LogTemp: Display: Loaded TP AndroidTargetPlatform
[2019.04.29-15.30.21:588][  0]LogTemp: Display: Loaded TP AndroidTargetPlatform
[2019.04.29-15.30.21:589][  0]LogTemp: Display: Loaded TP AndroidTargetPlatform
[2019.04.29-15.30.21:589][  0]LogTemp: Display: Loaded TP AndroidTargetPlatform
[2019.04.29-15.30.21:589][  0]LogTemp: Display: Loaded TP AndroidTargetPlatform
[2019.04.29-15.30.21:589][  0]LogTemp: Display: Loaded TP AndroidTargetPlatform
[2019.04.29-15.30.21:589][  0]LogTemp: Display: Loaded TP AndroidTargetPlatform
[2019.04.29-15.30.21:589][  0]LogTemp: Display: Loaded TP AndroidTargetPlatform
[2019.04.29-15.30.21:589][  0]LogTemp: Display: Loaded TP AndroidTargetPlatform
[2019.04.29-15.30.21:589][  0]LogTemp: Display: Loaded TP AndroidTargetPlatform
[2019.04.29-15.30.21:589][  0]LogTemp: Display: Loaded TP AndroidTargetPlatform
[2019.04.29-15.30.21:589][  0]LogTemp: Display: Loaded TP AndroidTargetPlatform
[2019.04.29-15.30.21:589][  0]LogTemp: Display: Loaded TP AndroidTargetPlatform
[2019.04.29-15.30.21:589][  0]LogTemp: Display: Loaded TP AndroidTargetPlatform
[2019.04.29-15.30.21:589][  0]LogTemp: Display: Loaded TP AndroidTargetPlatform
[2019.04.29-15.30.21:589][  0]LogTemp: Display: Loaded TP AndroidTargetPlatform
[2019.04.29-15.30.21:593][  0]LogTemp: Display: Loaded TP HTML5TargetPlatform
[2019.04.29-15.30.21:679][  0]LogTemp: Display: Loaded TP IOSTargetPlatform
[2019.04.29-15.30.21:679][  0]LogTemp: Display: Loaded TP IOSTargetPlatform
[2019.04.29-15.30.21:713][  0]LogTemp: Display: Loaded TP TVOSTargetPlatform
[2019.04.29-15.30.21:713][  0]LogTemp: Display: Loaded TP TVOSTargetPlatform
[2019.04.29-15.30.21:735][  0]LogTemp: Display: Loaded TP LinuxClientTargetPlatform
[2019.04.29-15.30.21:754][  0]LogTemp: Display: Loaded TP LinuxNoEditorTargetPlatform
[2019.04.29-15.30.21:774][  0]LogTemp: Display: Loaded TP LinuxServerTargetPlatform
[2019.04.29-15.30.21:801][  0]LogTemp: Display: Loaded TP LinuxTargetPlatform
[2019.04.29-15.30.21:870][  0]LogTemp: Display: Loaded TP LuminTargetPlatform
[2019.04.29-15.30.21:870][  0]LogTemp: Display: Loaded TP LuminTargetPlatform
[2019.04.29-15.30.21:870][  0]LogTargetPlatformManager: Display: Building Assets For Windows
[2019.04.29-15.30.22:002][  0]LogShaderCompilers: Guid format shader working directory is -34 characters bigger than the processId version (../../../../../../../Users/Utsuho/Desktop/General/Project/Prototype/UEPrototype/Intermediate/Shaders/WorkingDirectory/100740/).
[2019.04.29-15.30.22:002][  0]LogShaderCompilers: Cleaned the shader compiler working directory 'C:/Users/Utsuho/AppData/Local/Temp/UnrealShaderWorkingDir/63566DBE4B6E88AADF7A74ABCD080D39/'.
[2019.04.29-15.30.22:006][  0]LogXGEController: Cleaning working directory: C:/Users/Utsuho/AppData/Local/Temp/UnrealXGEWorkingDir/
[2019.04.29-15.30.22:006][  0]LogXGEController: Cannot use XGE Controller as Incredibuild is not installed on this machine.
[2019.04.29-15.30.22:006][  0]LogShaderCompilers: Cannot use XGE Shader Compiler as Incredibuild is not installed on this machine.
[2019.04.29-15.30.22:006][  0]LogShaderCompilers: Display: Using Local Shader Compiler.
[2019.04.29-15.30.24:176][  0]LogDerivedDataCache: Display: Max Cache Size: 512 MB
[2019.04.29-15.30.24:494][  0]LogDerivedDataCache: Loaded boot cache 0.32s 71MB C:/Users/Utsuho/AppData/Local/UnrealEngine/4.21/DerivedDataCache/Boot.ddc.
[2019.04.29-15.30.24:494][  0]LogDerivedDataCache: Display: Loaded Boot cache: C:/Users/Utsuho/AppData/Local/UnrealEngine/4.21/DerivedDataCache/Boot.ddc
[2019.04.29-15.30.24:494][  0]LogDerivedDataCache: FDerivedDataBackendGraph:  Pak pak cache file ../../../../../../../Users/Utsuho/Desktop/General/Project/Prototype/UEPrototype/DerivedDataCache/DDC.ddp not found, will not use a pak cache.
[2019.04.29-15.30.24:494][  0]LogDerivedDataCache: Unable to find inner node Pak for hierarchical cache Hierarchy.
[2019.04.29-15.30.24:494][  0]LogDerivedDataCache: FDerivedDataBackendGraph:  CompressedPak pak cache file ../../../../../../../Users/Utsuho/Desktop/General/Project/Prototype/UEPrototype/DerivedDataCache/Compressed.ddp not found, will not use a pak cache.
[2019.04.29-15.30.24:494][  0]LogDerivedDataCache: Unable to find inner node CompressedPak for hierarchical cache Hierarchy.
[2019.04.29-15.30.24:514][  0]LogDerivedDataCache: Display: Pak cache opened for reading ../../../Engine/DerivedDataCache/Compressed.ddp.
[2019.04.29-15.30.24:514][  0]LogDerivedDataCache: FDerivedDataBackendGraph:  EnterprisePak pak cache file ../../../Enterprise/DerivedDataCache/Compressed.ddp not found, will not use a pak cache.
[2019.04.29-15.30.24:514][  0]LogDerivedDataCache: Unable to find inner node EnterprisePak for hierarchical cache Hierarchy.
[2019.04.29-15.30.24:527][  0]LogDerivedDataCache: Using Local data cache path C:/Users/Utsuho/AppData/Local/UnrealEngine/Common/DerivedDataCache: Writable
[2019.04.29-15.30.24:527][  0]LogDerivedDataCache: Shared data cache path not found in *engine.ini, will not use an Shared cache.
[2019.04.29-15.30.24:527][  0]LogDerivedDataCache: Unable to find inner node Shared for hierarchical cache Hierarchy.
[2019.04.29-15.30.24:556][  0]LogMaterial: Verifying Global Shaders for PCD3D_SM5
[2019.04.29-15.30.24:559][  0]LogSlate: Using FreeType 2.6.0
[2019.04.29-15.30.24:561][  0]LogSlate: SlateFontServices - WITH_FREETYPE: 1, WITH_HARFBUZZ: 1
[2019.04.29-15.30.24:743][  0]LogAssetRegistry: FAssetRegistry took 0.0372 seconds to start up
[2019.04.29-15.30.25:225][  0]LogInit: Selected Device Profile: [Windows]
[2019.04.29-15.30.25:550][  0]LogSimplygon: Simplygon DLL not present - disabling.
[2019.04.29-15.30.25:563][  0]LogMeshReduction: Using SimplygonSwarm for distributed automatic mesh merging
[2019.04.29-15.30.25:563][  0]LogMeshReduction: Using ProxyLODMeshReduction for automatic mesh merging
[2019.04.29-15.30.25:564][  0]LogMeshReduction: Using QuadricMeshReduction for automatic static mesh reduction
[2019.04.29-15.30.25:564][  0]LogMeshReduction: No automatic skeletal mesh reduction module available
[2019.04.29-15.30.25:614][  0]LogNetVersion: UEPrototype 1.0.0, NetCL: 4541578, EngineNetVer: 5, GameNetVer: 0 (Checksum: 3686934511)
[2019.04.29-15.30.27:105][  0]LogPackageLocalizationCache: Processed 11 localized package path(s) for 2 prioritized culture(s) in 0.193550 seconds
[2019.04.29-15.30.27:115][  0]LogUObjectArray: 39775 objects as part of root set at end of initial load.
[2019.04.29-15.30.27:115][  0]LogUObjectAllocator: 6914656 out of 0 bytes used by permanent object pool.
[2019.04.29-15.30.27:115][  0]LogUObjectArray: CloseDisregardForGC: 0/0 objects in disregard for GC pool
[2019.04.29-15.30.32:265][  0]LogTcpMessaging: Initializing TcpMessaging bridge
[2019.04.29-15.30.32:281][  0]LogUdpMessaging: Initializing bridge on interface 0.0.0.0:0 to multicast group 230.0.0.1:6666.
[2019.04.29-15.30.33:344][  0]VRPrototype: AGridVisualizer::AGridVisualizer(11) 생성자 초기화 시작
[2019.04.29-15.30.33:429][  0]VRPrototype: AInitManager::AInitManager(12) 생성자 초기화 시작
[2019.04.29-15.30.33:429][  0]VRPrototype: AVPDirectorPawn::AVPDirectorPawn(9) 생성자 초기화 시작
[2019.04.29-15.30.33:429][  0]VRPrototype: AVPPlayerController::AVPPlayerController(8) 생성자 초기화 시작
[2019.04.29-15.30.33:589][  0]SourceControl: 소스 컨트롤이 꺼졌습니다.
[2019.04.29-15.30.34:827][  0]LogAndroidPermission: UAndroidPermissionCallbackProxy::GetInstance
[2019.04.29-15.30.35:168][  0]LogOcInput: OculusInput pre-init called
[2019.04.29-15.30.35:369][  0]LogEngine: Initializing Engine...
[2019.04.29-15.30.35:371][  0]LogHMD: Failed to initialize OpenVR with code 110
[2019.04.29-15.30.35:373][  0]LogStats: UGameplayTagsManager::ConstructGameplayTagTree: ImportINI prefixes -  0.000 s
[2019.04.29-15.30.35:373][  0]LogStats: UGameplayTagsManager::ConstructGameplayTagTree: Construct from data asset -  0.000 s
[2019.04.29-15.30.35:374][  0]LogStats: UGameplayTagsManager::ConstructGameplayTagTree: ImportINI -  0.000 s
[2019.04.29-15.30.35:374][  0]LogStats: UGameplayTagsManager::ConstructGameplayTagTree: GameplayTagTreeChangedEvent.Broadcast -  0.000 s
[2019.04.29-15.30.35:970][  0]LogLinker: Error: HOTRELOADED_MinusiFrameworkLibrary_11 has an inappropriate outermost, it was probably saved with a deprecated outer (file: ../../../../../../../Users/Utsuho/Desktop/General/Project/Prototype/UEPrototype/Content/Prototype/Module/Edit/EXP_EditManager.uasset)
[2019.04.29-15.30.35:971][  0]LogLinker: Error: HOTRELOADED_MinusiFrameworkLibrary_11 has an inappropriate outermost, it was probably saved with a deprecated outer (file: ../../../../../../../Users/Utsuho/Desktop/General/Project/Prototype/UEPrototype/Content/Prototype/Module/Edit/EXP_EditManager.uasset)
[2019.04.29-15.30.35:973][  0]LogLinker: Error: HOTRELOADED_MinusiFrameworkLibrary_11 has an inappropriate outermost, it was probably saved with a deprecated outer (file: ../../../../../../../Users/Utsuho/Desktop/General/Project/Prototype/UEPrototype/Content/Prototype/Module/Edit/EXP_EditManager.uasset)
[2019.04.29-15.30.35:973][  0]LogLinker: Error: HOTRELOADED_MinusiFrameworkLibrary_11 has an inappropriate outermost, it was probably saved with a deprecated outer (file: ../../../../../../../Users/Utsuho/Desktop/General/Project/Prototype/UEPrototype/Content/Prototype/Module/Edit/EXP_EditManager.uasset)
[2019.04.29-15.30.35:998][  0]LogLinker: Error: HOTRELOADED_MinusiFrameworkLibrary_11 has an inappropriate outermost, it was probably saved with a deprecated outer (file: ../../../../../../../Users/Utsuho/Desktop/General/Project/Prototype/UEPrototype/Content/Prototype/Core/EXP_VPDirectorPawn.uasset)
[2019.04.29-15.30.35:999][  0]LogLinker: Error: HOTRELOADED_MinusiFrameworkLibrary_11 has an inappropriate outermost, it was probably saved with a deprecated outer (file: ../../../../../../../Users/Utsuho/Desktop/General/Project/Prototype/UEPrototype/Content/Prototype/Core/EXP_VPDirectorPawn.uasset)
[2019.04.29-15.30.36:010][  0]VRPrototype: AVPDirectorPawn::AVPDirectorPawn(9) 생성자 초기화 시작
[2019.04.29-15.30.36:010][  0]LogLinker: Error: HOTRELOADED_MinusiFrameworkLibrary_11 has an inappropriate outermost, it was probably saved with a deprecated outer (file: ../../../../../../../Users/Utsuho/Desktop/General/Project/Prototype/UEPrototype/Content/Prototype/Core/EXP_VPDirectorPawn.uasset)
[2019.04.29-15.30.36:010][  0]LogLinker: Error: HOTRELOADED_MinusiFrameworkLibrary_11 has an inappropriate outermost, it was probably saved with a deprecated outer (file: ../../../../../../../Users/Utsuho/Desktop/General/Project/Prototype/UEPrototype/Content/Prototype/Core/EXP_VPDirectorPawn.uasset)
[2019.04.29-15.30.36:014][  0]VRPrototype: AVPDirectorPawn::AVPDirectorPawn(9) 생성자 초기화 시작
[2019.04.29-15.30.36:017][  0]VRPrototype: AVPDirectorPawn::AVPDirectorPawn(9) 생성자 초기화 시작
[2019.04.29-15.30.36:055][  0]VRPrototype: AInitManager::AInitManager(12) 생성자 초기화 시작
[2019.04.29-15.30.36:059][  0]VRPrototype: AInitManager::AInitManager(12) 생성자 초기화 시작
[2019.04.29-15.30.36:063][  0]VRPrototype: AInitManager::AInitManager(12) 생성자 초기화 시작
[2019.04.29-15.30.36:178][  0]VRPrototype: AInitManager::AInitManager(12) 생성자 초기화 시작
[2019.04.29-15.30.36:180][  0]LogInit: Initializing FReadOnlyCVARCache
[2019.04.29-15.30.36:205][  0]LogAIModule: Creating AISystem for world Untitled
[2019.04.29-15.30.36:350][  0]LogInit: XAudio2 using '스피커(Realtek High Definition Audio)' : 2 channels at 48 kHz using 16 bits per sample (channel mask 0x3)
[2019.04.29-15.30.36:460][  0]LogInit: FAudioDevice initialized.
[2019.04.29-15.30.36:461][  0]LogNetVersion: Set ProjectVersion to 1.0.0.0. Version Checksum will be recalculated on next use.
[2019.04.29-15.30.36:622][  0]LogDerivedDataCache: Saved boot cache 0.16s 71MB C:/Users/Utsuho/AppData/Local/UnrealEngine/4.21/DerivedDataCache/Boot.ddc.
[2019.04.29-15.30.36:638][  0]LogInit: Texture streaming: Enabled
[2019.04.29-15.30.36:686][  0]LogEngineSessionManager: EngineSessionManager initialized
[2019.04.29-15.30.36:686][  0]LogEngineSessionManager: EngineSessionManager sent abnormal shutdown report. Type=Crashed, SessionId={14C82F04-46EF-494D-EBA0-A8829D1A14A2}
[2019.04.29-15.30.36:751][  0]LogInit: Transaction tracking system initialized
[2019.04.29-15.30.36:808][  0]BlueprintLog: New page: 에디터 로드
[2019.04.29-15.30.36:983][  0]LocalizationService: 현지화 서비스가 비활성화되었습니다.
[2019.04.29-15.30.38:505][  0]LogFileCache: Scanning file cache for directory 'C:/Users/Utsuho/Desktop/General/Project/Prototype/UEPrototype/Content/' took 0.02s
[2019.04.29-15.30.38:505][  0]LogCook: Display: Max memory allowance for cook 16384mb min free memory 0mb
[2019.04.29-15.30.38:505][  0]LogCook: Display: Mobile HDR setting 0
[2019.04.29-15.30.38:505][  0]LogGameplayTags: Display: UGameplayTagsManager::DoneAddingNativeTags. DelegateIsBound: 0
[2019.04.29-15.30.38:505][  0]LogStats: UGameplayTagsManager::ConstructGameplayTagTree: ImportINI prefixes -  0.000 s
[2019.04.29-15.30.38:505][  0]LogStats: UGameplayTagsManager::ConstructGameplayTagTree: Construct from data asset -  0.000 s
[2019.04.29-15.30.38:505][  0]LogStats: UGameplayTagsManager::ConstructGameplayTagTree: ImportINI -  0.000 s
[2019.04.29-15.30.38:505][  0]LogStats: UGameplayTagsManager::ConstructGameplayTagTree: GameplayTagTreeChangedEvent.Broadcast -  0.000 s
[2019.04.29-15.30.38:955][  0]Cmd: MAP LOAD FILE="../../../../../../../Users/Utsuho/Desktop/General/Project/Prototype/UEPrototype/Content/Map/Map_Prototype.umap" TEMPLATE=0 SHOWPROGRESS=1 FEATURELEVEL=3
[2019.04.29-15.30.38:956][  0]LightingResults: New page: 라이팅 빌드
[2019.04.29-15.30.38:961][  0]MapCheck: New page: 맵 체크
[2019.04.29-15.30.38:961][  0]LightingResults: New page: 라이팅 빌드
[2019.04.29-15.30.39:114][  0]LogLinker: Error: HOTRELOADED_MinusiFrameworkLibrary_11 has an inappropriate outermost, it was probably saved with a deprecated outer (file: ../../../../../../../Users/Utsuho/Desktop/General/Project/Prototype/UEPrototype/Content/Prototype/BuiltIn/EXP_GridVisualizer.uasset)
[2019.04.29-15.30.39:115][  0]LogLinker: Error: HOTRELOADED_MinusiFrameworkLibrary_11 has an inappropriate outermost, it was probably saved with a deprecated outer (file: ../../../../../../../Users/Utsuho/Desktop/General/Project/Prototype/UEPrototype/Content/Prototype/BuiltIn/EXP_GridVisualizer.uasset)
[2019.04.29-15.30.39:116][  0]VRPrototype: AGridVisualizer::AGridVisualizer(11) 생성자 초기화 시작
[2019.04.29-15.30.39:116][  0]LogLinker: Error: HOTRELOADED_MinusiFrameworkLibrary_11 has an inappropriate outermost, it was probably saved with a deprecated outer (file: ../../../../../../../Users/Utsuho/Desktop/General/Project/Prototype/UEPrototype/Content/Prototype/BuiltIn/EXP_GridVisualizer.uasset)
[2019.04.29-15.30.39:117][  0]LogLinker: Error: HOTRELOADED_MinusiFrameworkLibrary_11 has an inappropriate outermost, it was probably saved with a deprecated outer (file: ../../../../../../../Users/Utsuho/Desktop/General/Project/Prototype/UEPrototype/Content/Prototype/BuiltIn/EXP_GridVisualizer.uasset)
[2019.04.29-15.30.39:118][  0]VRPrototype: AGridVisualizer::AGridVisualizer(11) 생성자 초기화 시작
[2019.04.29-15.30.39:120][  0]VRPrototype: AGridVisualizer::AGridVisualizer(11) 생성자 초기화 시작
[2019.04.29-15.30.39:147][  0]VRPrototype: AGridVisualizer::AGridVisualizer(11) 생성자 초기화 시작
[2019.04.29-15.30.39:236][  0]LogAIModule: Creating AISystem for world Map_Prototype
[2019.04.29-15.30.39:250][  0]LogEditorServer: Finished looking for orphan Actors (0.000 secs)
[2019.04.29-15.30.39:275][  0]Cmd: MAP CHECKDEP NOCLEARLOG
[2019.04.29-15.30.39:275][  0]MapCheck: 맵 체크 완료: 오류 0 회, 경고 0 회, 소요 시간 0.221ms.
[2019.04.29-15.30.39:275][  0]LogFileHelpers: Loading map 'Map_Prototype' took 0.320
[2019.04.29-15.30.39:485][  0]LogSlate: Updating window title bar state: overlay mode, drag disabled, window buttons hidden, title bar hidden
[2019.04.29-15.30.39:498][  0]LogSlate: Updating window title bar state: overlay mode, drag disabled, window buttons hidden, title bar hidden
[2019.04.29-15.30.39:508][  0]LogSlate: Updating window title bar state: overlay mode, drag disabled, window buttons hidden, title bar hidden
[2019.04.29-15.30.39:520][  0]LogSlate: Updating window title bar state: overlay mode, drag disabled, window buttons hidden, title bar hidden
[2019.04.29-15.30.39:541][  0]LogCollectionManager: Loaded 0 collections in 0.003922 seconds
[2019.04.29-15.30.39:576][  0]LogFileCache: Scanning file cache for directory 'C:/Users/Utsuho/Desktop/General/Project/Prototype/UEPrototype/Saved/Collections/' took 0.01s
[2019.04.29-15.30.39:576][  0]LogFileCache: Scanning file cache for directory 'C:/Users/Utsuho/Desktop/General/Project/Prototype/UEPrototype/Content/Developers/Utsuho/Collections/' took 0.00s
[2019.04.29-15.30.39:576][  0]LogFileCache: Scanning file cache for directory 'C:/Users/Utsuho/Desktop/General/Project/Prototype/UEPrototype/Content/Collections/' took 0.01s
[2019.04.29-15.30.39:576][  0]LogCollectionManager: Rebuilt the GUID cache for 0 collections in 0.000001 seconds
[2019.04.29-15.30.39:594][  0]LogContentBrowser: Native class hierarchy populated in 0.0178 seconds. Added 2658 classes and 629 folders.
[2019.04.29-15.30.39:611][  0]LogContentBrowser: Native class hierarchy updated for 'WidgetCarousel' in 0.0012 seconds. Added 0 classes and 0 folders.
[2019.04.29-15.30.39:635][  0]LogPakFile: Registered encryption key '00000000000000000000000000000000': 0 pak files mounted, 0 remain pending
[2019.04.29-15.30.39:648][  0]LogPakFile: Registered encryption key '00000000000000000000000000000000': 0 pak files mounted, 0 remain pending
[2019.04.29-15.30.39:682][  0]LogPakFile: Registered encryption key '00000000000000000000000000000000': 0 pak files mounted, 0 remain pending
[2019.04.29-15.30.39:690][  0]LogPakFile: Registered encryption key '00000000000000000000000000000000': 0 pak files mounted, 0 remain pending
[2019.04.29-15.30.39:700][  0]LogPakFile: Registered encryption key '00000000000000000000000000000000': 0 pak files mounted, 0 remain pending
[2019.04.29-15.30.39:710][  0]LogPakFile: Registered encryption key '00000000000000000000000000000000': 0 pak files mounted, 0 remain pending
[2019.04.29-15.30.39:719][  0]LogPakFile: Registered encryption key '00000000000000000000000000000000': 0 pak files mounted, 0 remain pending
[2019.04.29-15.30.39:728][  0]LogPakFile: Registered encryption key '00000000000000000000000000000000': 0 pak files mounted, 0 remain pending
[2019.04.29-15.30.39:739][  0]LogPakFile: Registered encryption key '00000000000000000000000000000000': 0 pak files mounted, 0 remain pending
[2019.04.29-15.30.39:751][  0]LogPakFile: Registered encryption key '00000000000000000000000000000000': 0 pak files mounted, 0 remain pending
[2019.04.29-15.30.39:760][  0]LogPakFile: Registered encryption key '00000000000000000000000000000000': 0 pak files mounted, 0 remain pending
[2019.04.29-15.30.39:768][  0]LogPakFile: Registered encryption key '00000000000000000000000000000000': 0 pak files mounted, 0 remain pending
[2019.04.29-15.30.39:776][  0]LogPakFile: Registered encryption key '00000000000000000000000000000000': 0 pak files mounted, 0 remain pending
[2019.04.29-15.30.39:785][  0]LogPakFile: Registered encryption key '00000000000000000000000000000000': 0 pak files mounted, 0 remain pending
[2019.04.29-15.30.39:791][  0]LogPakFile: Registered encryption key '00000000000000000000000000000000': 0 pak files mounted, 0 remain pending
[2019.04.29-15.30.39:797][  0]LogPakFile: Registered encryption key '00000000000000000000000000000000': 0 pak files mounted, 0 remain pending
[2019.04.29-15.30.39:822][  0]LogPakFile: Registered encryption key '00000000000000000000000000000000': 0 pak files mounted, 0 remain pending
[2019.04.29-15.30.39:829][  0]LogPakFile: Registered encryption key '00000000000000000000000000000000': 0 pak files mounted, 0 remain pending
[2019.04.29-15.30.39:835][  0]LogPakFile: Registered encryption key '00000000000000000000000000000000': 0 pak files mounted, 0 remain pending
[2019.04.29-15.30.39:842][  0]LogPakFile: Registered encryption key '00000000000000000000000000000000': 0 pak files mounted, 0 remain pending
[2019.04.29-15.30.39:878][  0]LogPakFile: Registered encryption key '00000000000000000000000000000000': 0 pak files mounted, 0 remain pending
[2019.04.29-15.30.39:885][  0]LogPakFile: Registered encryption key '00000000000000000000000000000000': 0 pak files mounted, 0 remain pending
[2019.04.29-15.30.39:892][  0]LogPakFile: Registered encryption key '00000000000000000000000000000000': 0 pak files mounted, 0 remain pending
[2019.04.29-15.30.39:899][  0]LogPakFile: Registered encryption key '00000000000000000000000000000000': 0 pak files mounted, 0 remain pending
[2019.04.29-15.30.39:906][  0]LogPakFile: Registered encryption key '00000000000000000000000000000000': 0 pak files mounted, 0 remain pending
[2019.04.29-15.30.39:912][  0]LogPakFile: Registered encryption key '00000000000000000000000000000000': 0 pak files mounted, 0 remain pending
[2019.04.29-15.30.40:149][  0]LogContentBrowser: Native class hierarchy updated for 'AddContentDialog' in 0.0011 seconds. Added 0 classes and 0 folders.
[2019.04.29-15.30.40:160][  0]LogContentBrowser: Native class hierarchy updated for 'SceneOutliner' in 0.0012 seconds. Added 1 classes and 2 folders.
[2019.04.29-15.30.40:252][  0]LogSlate: Took 0.000287 seconds to synchronously load lazily loaded font '../../../Engine/Content/Slate/Fonts/Roboto-Regular.ttf' (155K)
[2019.04.29-15.30.40:268][  0]LogSlate: Took 0.013967 seconds to synchronously load lazily loaded font '../../../Engine/Content/Editor/Slate/Fonts/NanumGothic.ttf' (4243K)
[2019.04.29-15.30.40:280][  0]LogSlate: Took 0.011467 seconds to synchronously load lazily loaded font '../../../Engine/Content/Editor/Slate/Fonts/NanumGothicBold.ttf' (4188K)
[2019.04.29-15.30.40:281][  0]LogSlate: Took 0.000240 seconds to synchronously load lazily loaded font '../../../Engine/Content/Slate/Fonts/Roboto-Bold.ttf' (160K)
[2019.04.29-15.30.40:296][  0]LogSlate: Took 0.008537 seconds to synchronously load lazily loaded font '../../../Engine/Content/Editor/Slate/Fonts/FontAwesome.ttf' (139K)
[2019.04.29-15.30.40:554][  0]LogRenderer: Reallocating scene render targets to support 1068x500 Format 10 NumSamples 1 (Frame:1).
[2019.04.29-15.30.40:759][  0]LogContentBrowser: Native class hierarchy updated for 'HierarchicalLODOutliner' in 0.0017 seconds. Added 0 classes and 0 folders.
[2019.04.29-15.30.40:759][  0]LogLoad: (Engine Initialization) Total time: 29.55 seconds
[2019.04.29-15.30.40:759][  0]LogLoad: (Engine Initialization) Total Blueprint compile time: 0.00 seconds
[2019.04.29-15.30.40:785][  0]LogWindowsTextInputMethodSystem: Display: IME system now activated using TSF (Microsoft 입력기).
[2019.04.29-15.30.40:842][  0]LogContentStreaming: Texture pool size now 1000 MB
[2019.04.29-15.30.40:892][  0]LogSlate: Took 0.005165 seconds to synchronously load lazily loaded font '../../../Engine/Content/Slate/Fonts/Roboto-Light.ttf' (167K)
[2019.04.29-15.30.41:185][  2]LogAssetRegistry: Asset discovery search completed in 16.4642 seconds
[2019.04.29-15.30.41:188][  2]LogCollectionManager: Rebuilt the object cache for 0 collections in 0.000000 seconds (found 0 objects)
[2019.04.29-15.30.41:188][  2]LogCollectionManager: Fixed up redirectors for 0 collections in 0.000110 seconds (updated 0 objects)
[2019.04.29-15.30.42:195][ 60]LogSlate: FSceneViewport::OnFocusLost() reason 0
[2019.04.29-15.30.42:368][ 70]LogSlate: Took 0.000851 seconds to synchronously load lazily loaded font '../../../Engine/Content/Slate/Fonts/Roboto-Light.ttf' (167K)
[2019.04.29-15.30.42:380][ 70]LogAssetEditorManager: Opening Asset editor for Blueprint /Game/Blueprint/Module/Init/VPInitManager.VPInitManager
[2019.04.29-15.30.43:140][ 70]LogContentBrowser: Native class hierarchy updated for 'BlueprintGraph' in 0.0012 seconds. Added 117 classes and 0 folders.
[2019.04.29-15.30.44:231][ 70]VRPrototype: AInitManager::AInitManager(12) 생성자 초기화 시작
[2019.04.29-15.30.44:258][ 70]LogSlate: Took 0.006601 seconds to synchronously load lazily loaded font '../../../Engine/Content/Slate/Fonts/Roboto-BoldCondensed.ttf' (158K)
[2019.04.29-15.30.48:048][237]LogSlate: Took 0.000510 seconds to synchronously load lazily loaded font '../../../Engine/Content/Slate/Fonts/Roboto-Italic.ttf' (157K)
[2019.04.29-15.30.53:457][515]LogEditorTransaction: Undo 현 선택을 삭제합니다.
[2019.04.29-15.30.53:459][515]VRPrototype: AInitManager::AInitManager(12) 생성자 초기화 시작
[2019.04.29-15.31.04:913][115]VRPrototype: AInitManager::AInitManager(12) 생성자 초기화 시작
[2019.04.29-15.31.12:563][457]LogSlate: Window '메시지' being destroyed
[2019.04.29-15.31.12:578][457]VRPrototype: AInitManager::AInitManager(12) 생성자 초기화 시작
[2019.04.29-15.31.14:970][569]BlueprintLog: New page: VPInitManager 컴파일
[2019.04.29-15.31.14:982][569]VRPrototype: AInitManager::AInitManager(12) 생성자 초기화 시작
[2019.04.29-15.31.14:993][569]VRPrototype: AInitManager::AInitManager(12) 생성자 초기화 시작
[2019.04.29-15.31.14:994][569]VRPrototype: AInitManager::AInitManager(12) 생성자 초기화 시작
[2019.04.29-15.31.14:995][569]VRPrototype: AInitManager::AInitManager(12) 생성자 초기화 시작
[2019.04.29-15.31.17:484][683]LogSlate: Window 'VPInitManager*' being destroyed
[2019.04.29-15.31.20:443][829]LogSavePackage: Moving '../../../../../../../Users/Utsuho/Desktop/General/Project/Prototype/UEPrototype/Saved/Map_Prototype952EA4234D0F5ACA4B9834A340A0E3B3.tmp' to '../../../../../../../Users/Utsuho/Desktop/General/Project/Prototype/UEPrototype/Content/Map/Map_Prototype.umap'
[2019.04.29-15.31.20:736][829]LogSavePackage: Moving '../../../../../../../Users/Utsuho/Desktop/General/Project/Prototype/UEPrototype/Saved/Map_Prototype_BuiltData38D71F424F109ED11764DC8D4690C29E.tmp' to '../../../../../../../Users/Utsuho/Desktop/General/Project/Prototype/UEPrototype/Content/Map/Map_Prototype_BuiltData.uasset'
[2019.04.29-15.31.22:377][923]LogAssetEditorManager: Opening Asset editor for Blueprint /Game/Blueprint/Module/Init/VPInitManager.VPInitManager
[2019.04.29-15.31.22:937][923]VRPrototype: AInitManager::AInitManager(12) 생성자 초기화 시작
[2019.04.29-15.31.30:426][311]LogSlate: Window 'VPInitManager*' being destroyed
[2019.04.29-15.31.31:395][360]LogTemp: Repeating last play command: 선택된 뷰포트
[2019.04.29-15.31.31:436][360]LogBlueprintUserMessages: Early PlayInEditor Detection: Level '/Game/Map/Map_Prototype.Map_Prototype:PersistentLevel' has LevelScriptBlueprint '/Game/Map/Map_Prototype.Map_Prototype:PersistentLevel.Map_Prototype' with GeneratedClass '/Game/Map/Map_Prototype.Map_Prototype_C' with ClassGeneratedBy '/Game/Map/Map_Prototype.Map_Prototype:PersistentLevel.Map_Prototype'
[2019.04.29-15.31.31:436][360]LogPlayLevel: PlayLevel: No blueprints needed recompiling
[2019.04.29-15.31.31:437][360]PIE: New page: PIE 세션: Map_Prototype (2019. 4. 30. 오전 9:31:31)
[2019.04.29-15.31.31:449][360]LogPlayLevel: Creating play world package: /Game/Map/UEDPIE_0_Map_Prototype
[2019.04.29-15.31.31:450][360]VRPrototype: AGridVisualizer::AGridVisualizer(11) 생성자 초기화 시작
[2019.04.29-15.31.31:452][360]LogPlayLevel: PIE: StaticDuplicateObject took: (0.002165s)
[2019.04.29-15.31.31:452][360]LogAIModule: Creating AISystem for world Map_Prototype
[2019.04.29-15.31.31:452][360]LogPlayLevel: PIE: World Init took: (0.000646s)
[2019.04.29-15.31.31:452][360]LogPlayLevel: PIE: Created PIE world by copying editor world from /Game/Map/Map_Prototype.Map_Prototype to /Game/Map/UEDPIE_0_Map_Prototype.Map_Prototype (0.003307s)
[2019.04.29-15.31.31:622][360]LogInit: XAudio2 using '스피커(Realtek High Definition Audio)' : 2 channels at 48 kHz using 16 bits per sample (channel mask 0x3)
[2019.04.29-15.31.31:712][360]LogInit: FAudioDevice initialized.
[2019.04.29-15.31.31:786][360]VRPrototype: AVPPlayerController::AVPPlayerController(8) 생성자 초기화 시작
[2019.04.29-15.31.31:794][360]VRPrototype: AVPPlayerController::AVPPlayerController(8) 생성자 초기화 시작
[2019.04.29-15.31.31:808][360]VRPrototype: AVPPlayerController::AVPPlayerController(8) 생성자 초기화 시작
[2019.04.29-15.31.31:834][360]LogLoad: Game class is 'EXP_GameMode_C'
[2019.04.29-15.31.31:837][360]LogWorld: Bringing World /Game/Map/UEDPIE_0_Map_Prototype.Map_Prototype up for play (max tick rate 60) at 2019.04.30-00.31.31
[2019.04.29-15.31.31:838][360]LogWorld: Bringing up level for play took: 0.001743
[2019.04.29-15.31.31:851][360]VRPrototype: AVPPlayerController::AVPPlayerController(8) 생성자 초기화 시작
[2019.04.29-15.31.31:867][360]LogContentBrowser: Native class hierarchy updated for 'MovieSceneCapture' in 0.0011 seconds. Added 20 classes and 0 folders.
[2019.04.29-15.31.31:867][360]VRPrototype: AVPDirectorPawn::AVPDirectorPawn(9) 생성자 초기화 시작
[2019.04.29-15.31.31:870][360]VRPrototype: Error: AInitManager::GetInitInstance(40) 싱글톤이 IsValidLowLevel을 만족하지 않습니다.
[2019.04.29-15.31.31:870][360]LogScript: Warning: CallFunc_GetInitInstance_ReturnValue 프로퍼티를 읽으려던 중 None 에 접근했습니다.
	EXP_VPPlayerController_C /Game/Map/UEDPIE_0_Map_Prototype.Map_Prototype:PersistentLevel.EXP_VPPlayerController_C_0
	Function /Game/Prototype/Core/EXP_VPPlayerController.EXP_VPPlayerController_C:ExecuteUbergraph_EXP_VPPlayerController:02D1
[2019.04.29-15.31.31:870][360]PIE: Error: 블루프린트 런타임 오류: "CallFunc_GetInitInstance_ReturnValue 프로퍼티를 읽으려던 중 None 에 접근했습니다.". 블루프린트: EXP_VPPlayerController 함수: Execute Ubergraph EXP VPPlayer Controller 그래프: EventGraph 노드: Safe Ref Unique to Actor
[2019.04.29-15.31.31:870][360]PIE: /Game/Map/UEDPIE_0_Map_Prototype 에 대한 에디터에서 플레이 시작 시간: 0.91
[2019.04.29-15.31.31:870][360]LogBlueprintUserMessages: Late PlayInEditor Detection: Level '/Game/Map/Map_Prototype.Map_Prototype:PersistentLevel' has LevelScriptBlueprint '/Game/Map/Map_Prototype.Map_Prototype:PersistentLevel.Map_Prototype' with GeneratedClass '/Game/Map/Map_Prototype.Map_Prototype_C' with ClassGeneratedBy '/Game/Map/Map_Prototype.Map_Prototype:PersistentLevel.Map_Prototype'
[2019.04.29-15.31.35:309][563]LogBlueprintUserMessages: Early EndPlayMap Detection: Level '/Game/Map/Map_Prototype.Map_Prototype:PersistentLevel' has LevelScriptBlueprint '/Game/Map/Map_Prototype.Map_Prototype:PersistentLevel.Map_Prototype' with GeneratedClass '/Game/Map/Map_Prototype.Map_Prototype_C' with ClassGeneratedBy '/Game/Map/Map_Prototype.Map_Prototype:PersistentLevel.Map_Prototype'
[2019.04.29-15.31.35:310][563]LogSlate: Updating window title bar state: overlay mode, drag disabled, window buttons hidden, title bar hidden
[2019.04.29-15.31.35:353][563]LogPlayLevel: Display: Shutting down PIE online subsystems
[2019.04.29-15.31.35:354][563]LogBlueprintUserMessages: Late EndPlayMap Detection: Level '/Game/Map/Map_Prototype.Map_Prototype:PersistentLevel' has LevelScriptBlueprint '/Game/Map/Map_Prototype.Map_Prototype:PersistentLevel.Map_Prototype' with GeneratedClass '/Game/Map/Map_Prototype.Map_Prototype_C' with ClassGeneratedBy '/Game/Map/Map_Prototype.Map_Prototype:PersistentLevel.Map_Prototype'
[2019.04.29-15.31.35:385][563]LogSlate: Updating window title bar state: overlay mode, drag disabled, window buttons hidden, title bar hidden
[2019.04.29-15.31.35:445][564]LogPlayLevel: Display: Destroying online subsystem :Context_3
[2019.04.29-15.31.38:424][703]LogSlate: Window '메시지 로그' being destroyed
[2019.04.29-15.31.38:433][703]LogSlate: Window '메시지 로그' being destroyed
[2019.04.29-15.31.38:893][729]LogSlate: Took 0.011146 seconds to synchronously load lazily loaded font '../../../Engine/Content/Slate/Fonts/DroidSansMono.ttf' (77K)
[2019.04.29-15.31.38:960][729]LogSlate: Took 0.010908 seconds to synchronously load lazily loaded font '../../../Engine/Content/Editor/Slate/Fonts/NanumGothicExtraBold.ttf' (4074K)
[2019.04.29-15.39.05:226][470]LogTemp: Repeating last play command: 선택된 뷰포트
[2019.04.29-15.39.05:254][470]LogBlueprintUserMessages: Early PlayInEditor Detection: Level '/Game/Map/Map_Prototype.Map_Prototype:PersistentLevel' has LevelScriptBlueprint '/Game/Map/Map_Prototype.Map_Prototype:PersistentLevel.Map_Prototype' with GeneratedClass '/Game/Map/Map_Prototype.Map_Prototype_C' with ClassGeneratedBy '/Game/Map/Map_Prototype.Map_Prototype:PersistentLevel.Map_Prototype'
[2019.04.29-15.39.05:254][470]LogPlayLevel: PlayLevel: No blueprints needed recompiling
[2019.04.29-15.39.05:254][470]PIE: New page: PIE 세션: Map_Prototype (2019. 4. 30. 오전 9:39:05)
[2019.04.29-15.39.05:254][470]LogPlayLevel: Creating play world package: /Game/Map/UEDPIE_0_Map_Prototype
[2019.04.29-15.39.05:255][470]VRPrototype: AGridVisualizer::AGridVisualizer(11) 생성자 초기화 시작
[2019.04.29-15.39.05:257][470]LogPlayLevel: PIE: StaticDuplicateObject took: (0.002842s)
[2019.04.29-15.39.05:258][470]LogAIModule: Creating AISystem for world Map_Prototype
[2019.04.29-15.39.05:258][470]LogPlayLevel: PIE: World Init took: (0.000939s)
[2019.04.29-15.39.05:258][470]LogPlayLevel: PIE: Created PIE world by copying editor world from /Game/Map/Map_Prototype.Map_Prototype to /Game/Map/UEDPIE_0_Map_Prototype.Map_Prototype (0.004029s)
[2019.04.29-15.39.05:457][470]LogInit: XAudio2 using '스피커(Realtek High Definition Audio)' : 2 channels at 48 kHz using 16 bits per sample (channel mask 0x3)
[2019.04.29-15.39.05:557][470]LogInit: FAudioDevice initialized.
[2019.04.29-15.39.05:593][470]LogLoad: Game class is 'EXP_GameMode_C'
[2019.04.29-15.39.05:595][470]LogWorld: Bringing World /Game/Map/UEDPIE_0_Map_Prototype.Map_Prototype up for play (max tick rate 60) at 2019.04.30-00.39.05
[2019.04.29-15.39.05:595][470]LogWorld: Bringing up level for play took: 0.001216
[2019.04.29-15.39.05:608][470]VRPrototype: AVPPlayerController::AVPPlayerController(8) 생성자 초기화 시작
[2019.04.29-15.39.05:609][470]VRPrototype: AVPDirectorPawn::AVPDirectorPawn(9) 생성자 초기화 시작
[2019.04.29-15.39.05:611][470]VRPrototype: Error: AInitManager::GetInitInstance(40) 싱글톤이 IsValidLowLevel을 만족하지 않습니다.
[2019.04.29-15.39.05:611][470]LogScript: Warning: CallFunc_GetInitInstance_ReturnValue 프로퍼티를 읽으려던 중 None 에 접근했습니다.
	EXP_VPPlayerController_C /Game/Map/UEDPIE_0_Map_Prototype.Map_Prototype:PersistentLevel.EXP_VPPlayerController_C_0
	Function /Game/Prototype/Core/EXP_VPPlayerController.EXP_VPPlayerController_C:ExecuteUbergraph_EXP_VPPlayerController:02D1
[2019.04.29-15.39.05:611][470]PIE: Error: 블루프린트 런타임 오류: "CallFunc_GetInitInstance_ReturnValue 프로퍼티를 읽으려던 중 None 에 접근했습니다.". 블루프린트: EXP_VPPlayerController 함수: Execute Ubergraph EXP VPPlayer Controller 그래프: EventGraph 노드: Safe Ref Unique to Actor
[2019.04.29-15.39.05:612][470]PIE: /Game/Map/UEDPIE_0_Map_Prototype 에 대한 에디터에서 플레이 시작 시간: 0.651
[2019.04.29-15.39.05:612][470]LogBlueprintUserMessages: Late PlayInEditor Detection: Level '/Game/Map/Map_Prototype.Map_Prototype:PersistentLevel' has LevelScriptBlueprint '/Game/Map/Map_Prototype.Map_Prototype:PersistentLevel.Map_Prototype' with GeneratedClass '/Game/Map/Map_Prototype.Map_Prototype_C' with ClassGeneratedBy '/Game/Map/Map_Prototype.Map_Prototype:PersistentLevel.Map_Prototype'
[2019.04.29-15.39.19:681][311]LogBlueprintUserMessages: Early EndPlayMap Detection: Level '/Game/Map/Map_Prototype.Map_Prototype:PersistentLevel' has LevelScriptBlueprint '/Game/Map/Map_Prototype.Map_Prototype:PersistentLevel.Map_Prototype' with GeneratedClass '/Game/Map/Map_Prototype.Map_Prototype_C' with ClassGeneratedBy '/Game/Map/Map_Prototype.Map_Prototype:PersistentLevel.Map_Prototype'
[2019.04.29-15.39.19:682][311]LogSlate: Updating window title bar state: overlay mode, drag disabled, window buttons hidden, title bar hidden
[2019.04.29-15.39.19:725][311]LogPlayLevel: Display: Shutting down PIE online subsystems
[2019.04.29-15.39.19:725][311]LogBlueprintUserMessages: Late EndPlayMap Detection: Level '/Game/Map/Map_Prototype.Map_Prototype:PersistentLevel' has LevelScriptBlueprint '/Game/Map/Map_Prototype.Map_Prototype:PersistentLevel.Map_Prototype' with GeneratedClass '/Game/Map/Map_Prototype.Map_Prototype_C' with ClassGeneratedBy '/Game/Map/Map_Prototype.Map_Prototype:PersistentLevel.Map_Prototype'
[2019.04.29-15.39.19:759][311]LogSlate: Updating window title bar state: overlay mode, drag disabled, window buttons hidden, title bar hidden
[2019.04.29-15.39.19:818][312]LogPlayLevel: Display: Destroying online subsystem :Context_4
[2019.04.29-15.39.21:489][401]LogSlate: Window '메시지 로그' being destroyed
[2019.04.29-15.39.21:507][401]LogSlate: Window '메시지 로그' being destroyed
[2019.04.29-15.39.22:816][477]VRPrototype: AInitManager::AInitManager(12) 생성자 초기화 시작
[2019.04.29-15.39.23:076][492]VRPrototype: AInitManager::AInitManager(12) 생성자 초기화 시작
[2019.04.29-15.39.24:090][551]LogSlate: FSceneViewport::OnFocusLost() reason 0
[2019.04.29-15.39.24:189][557]LogTemp: Repeating last play command: 선택된 뷰포트
[2019.04.29-15.39.24:216][557]LogBlueprintUserMessages: Early PlayInEditor Detection: Level '/Game/Map/Map_Prototype.Map_Prototype:PersistentLevel' has LevelScriptBlueprint '/Game/Map/Map_Prototype.Map_Prototype:PersistentLevel.Map_Prototype' with GeneratedClass '/Game/Map/Map_Prototype.Map_Prototype_C' with ClassGeneratedBy '/Game/Map/Map_Prototype.Map_Prototype:PersistentLevel.Map_Prototype'
[2019.04.29-15.39.24:217][557]LogPlayLevel: PlayLevel: No blueprints needed recompiling
[2019.04.29-15.39.24:217][557]PIE: New page: PIE 세션: Map_Prototype (2019. 4. 30. 오전 9:39:24)
[2019.04.29-15.39.24:217][557]LogPlayLevel: Creating play world package: /Game/Map/UEDPIE_0_Map_Prototype
[2019.04.29-15.39.24:218][557]VRPrototype: AGridVisualizer::AGridVisualizer(11) 생성자 초기화 시작
[2019.04.29-15.39.24:218][557]VRPrototype: AInitManager::AInitManager(12) 생성자 초기화 시작
[2019.04.29-15.39.24:220][557]LogPlayLevel: PIE: StaticDuplicateObject took: (0.002602s)
[2019.04.29-15.39.24:221][557]LogAIModule: Creating AISystem for world Map_Prototype
[2019.04.29-15.39.24:222][557]LogPlayLevel: PIE: World Init took: (0.001080s)
[2019.04.29-15.39.24:222][557]LogPlayLevel: PIE: Created PIE world by copying editor world from /Game/Map/Map_Prototype.Map_Prototype to /Game/Map/UEDPIE_0_Map_Prototype.Map_Prototype (0.004239s)
[2019.04.29-15.39.24:398][557]LogInit: XAudio2 using '스피커(Realtek High Definition Audio)' : 2 channels at 48 kHz using 16 bits per sample (channel mask 0x3)
[2019.04.29-15.39.24:489][557]LogInit: FAudioDevice initialized.
[2019.04.29-15.39.24:523][557]LogLoad: Game class is 'EXP_GameMode_C'
[2019.04.29-15.39.24:524][557]LogWorld: Bringing World /Game/Map/UEDPIE_0_Map_Prototype.Map_Prototype up for play (max tick rate 60) at 2019.04.30-00.39.24
[2019.04.29-15.39.24:525][557]LogWorld: Bringing up level for play took: 0.001139
[2019.04.29-15.39.24:537][557]VRPrototype: AVPPlayerController::AVPPlayerController(8) 생성자 초기화 시작
[2019.04.29-15.39.24:538][557]VRPrototype: AVPDirectorPawn::AVPDirectorPawn(9) 생성자 초기화 시작
[2019.04.29-15.39.24:540][557]LogBlueprintUserMessages: [VPInitManager_2] InitManager :: 해당 태그로 찾고자 하는 액터가 존재하지 않습니다 :: Temp_InitializeStates
[2019.04.29-15.39.24:541][557]VRPrototype: Error: AInitManager::GetInitInstance(40) 싱글톤이 IsValidLowLevel을 만족하지 않습니다.
[2019.04.29-15.39.24:541][557]LogScript: Warning: CallFunc_GetInitInstance_ReturnValue 프로퍼티를 읽으려던 중 None 에 접근했습니다.
	EXP_VPPlayerController_C /Game/Map/UEDPIE_0_Map_Prototype.Map_Prototype:PersistentLevel.EXP_VPPlayerController_C_0
	Function /Game/Prototype/Core/EXP_VPPlayerController.EXP_VPPlayerController_C:ExecuteUbergraph_EXP_VPPlayerController:02D1
[2019.04.29-15.39.24:542][557]PIE: Error: 블루프린트 런타임 오류: "CallFunc_GetInitInstance_ReturnValue 프로퍼티를 읽으려던 중 None 에 접근했습니다.". 블루프린트: EXP_VPPlayerController 함수: Execute Ubergraph EXP VPPlayer Controller 그래프: EventGraph 노드: Safe Ref Unique to Actor
[2019.04.29-15.39.24:543][557]PIE: /Game/Map/UEDPIE_0_Map_Prototype 에 대한 에디터에서 플레이 시작 시간: -0.418
[2019.04.29-15.39.24:543][557]LogBlueprintUserMessages: Late PlayInEditor Detection: Level '/Game/Map/Map_Prototype.Map_Prototype:PersistentLevel' has LevelScriptBlueprint '/Game/Map/Map_Prototype.Map_Prototype:PersistentLevel.Map_Prototype' with GeneratedClass '/Game/Map/Map_Prototype.Map_Prototype_C' with ClassGeneratedBy '/Game/Map/Map_Prototype.Map_Prototype:PersistentLevel.Map_Prototype'
[2019.04.29-15.39.24:557][557]LogSlate: Took 0.011242 seconds to synchronously load lazily loaded font '../../../Engine/Content/Slate/Fonts/../../Editor/Slate/Fonts/NanumGothic.ttf' (4243K)
[2019.04.29-15.39.37:822][348]LogEditorActor: Deleted Actor: VPInitManager_C
[2019.04.29-15.39.37:857][348]LogEditorActor: Deleted 1 Actors (0.046 secs)
[2019.04.29-15.39.39:273][432]LogBlueprintUserMessages: Early EndPlayMap Detection: Level '/Game/Map/Map_Prototype.Map_Prototype:PersistentLevel' has LevelScriptBlueprint '/Game/Map/Map_Prototype.Map_Prototype:PersistentLevel.Map_Prototype' with GeneratedClass '/Game/Map/Map_Prototype.Map_Prototype_C' with ClassGeneratedBy '/Game/Map/Map_Prototype.Map_Prototype:PersistentLevel.Map_Prototype'
[2019.04.29-15.39.39:275][432]LogSlate: Updating window title bar state: overlay mode, drag disabled, window buttons hidden, title bar hidden
[2019.04.29-15.39.39:311][432]LogPlayLevel: Display: Shutting down PIE online subsystems
[2019.04.29-15.39.39:311][432]LogBlueprintUserMessages: Late EndPlayMap Detection: Level '/Game/Map/Map_Prototype.Map_Prototype:PersistentLevel' has LevelScriptBlueprint '/Game/Map/Map_Prototype.Map_Prototype:PersistentLevel.Map_Prototype' with GeneratedClass '/Game/Map/Map_Prototype.Map_Prototype_C' with ClassGeneratedBy '/Game/Map/Map_Prototype.Map_Prototype:PersistentLevel.Map_Prototype'
[2019.04.29-15.39.39:346][432]LogSlate: Updating window title bar state: overlay mode, drag disabled, window buttons hidden, title bar hidden
[2019.04.29-15.39.39:439][433]LogPlayLevel: Display: Destroying online subsystem :Context_5
[2019.04.29-15.39.40:667][494]LogSlate: Window '메시지 로그' being destroyed
[2019.04.29-15.39.40:690][494]LogSlate: Window '메시지 로그' being destroyed
[2019.04.29-15.39.41:451][539]LogEditorActor: Deleted Actor: VPInitManager_C
[2019.04.29-15.39.41:486][539]LogEditorActor: Deleted 1 Actors (0.037 secs)
[2019.04.29-15.39.55:470][159]LogAssetEditorManager: Opening Asset editor for Blueprint /Game/Blueprint/Module/Init/VPInitManager.VPInitManager
[2019.04.29-15.39.56:011][159]VRPrototype: AInitManager::AInitManager(12) 생성자 초기화 시작
[2019.04.29-15.40.26:656][658]VRPrototype: AInitManager::AInitManager(12) 생성자 초기화 시작
[2019.04.29-15.40.44:118][531]VRPrototype: AInitManager::AInitManager(12) 생성자 초기화 시작
[2019.04.29-15.41.02:824][474]VRPrototype: AInitManager::AInitManager(12) 생성자 초기화 시작
[2019.04.29-15.41.03:973][532]BlueprintLog: New page: VPInitManager 컴파일
[2019.04.29-15.41.03:985][532]VRPrototype: AInitManager::AInitManager(12) 생성자 초기화 시작
[2019.04.29-15.41.03:999][532]VRPrototype: AInitManager::AInitManager(12) 생성자 초기화 시작
[2019.04.29-15.41.04:001][532]VRPrototype: AInitManager::AInitManager(12) 생성자 초기화 시작
[2019.04.29-15.41.04:001][532]VRPrototype: AInitManager::AInitManager(12) 생성자 초기화 시작
[2019.04.29-15.41.05:019][573]LogSlate: Window 'VPInitManager*' being destroyed
[2019.04.29-15.41.06:250][637]LogTemp: Repeating last play command: 선택된 뷰포트
[2019.04.29-15.41.06:290][637]LogBlueprintUserMessages: Early PlayInEditor Detection: Level '/Game/Map/Map_Prototype.Map_Prototype:PersistentLevel' has LevelScriptBlueprint '/Game/Map/Map_Prototype.Map_Prototype:PersistentLevel.Map_Prototype' with GeneratedClass '/Game/Map/Map_Prototype.Map_Prototype_C' with ClassGeneratedBy '/Game/Map/Map_Prototype.Map_Prototype:PersistentLevel.Map_Prototype'
[2019.04.29-15.41.06:290][637]LogPlayLevel: PlayLevel: No blueprints needed recompiling
[2019.04.29-15.41.06:291][637]PIE: New page: PIE 세션: Map_Prototype (2019. 4. 30. 오전 9:41:06)
[2019.04.29-15.41.06:291][637]LogPlayLevel: Creating play world package: /Game/Map/UEDPIE_0_Map_Prototype
[2019.04.29-15.41.06:291][637]VRPrototype: AGridVisualizer::AGridVisualizer(11) 생성자 초기화 시작
[2019.04.29-15.41.06:293][637]LogPlayLevel: PIE: StaticDuplicateObject took: (0.002355s)
[2019.04.29-15.41.06:294][637]LogAIModule: Creating AISystem for world Map_Prototype
[2019.04.29-15.41.06:294][637]LogPlayLevel: PIE: World Init took: (0.000946s)
[2019.04.29-15.41.06:295][637]LogPlayLevel: PIE: Created PIE world by copying editor world from /Game/Map/Map_Prototype.Map_Prototype to /Game/Map/UEDPIE_0_Map_Prototype.Map_Prototype (0.003774s)
[2019.04.29-15.41.06:446][637]LogInit: XAudio2 using '스피커(Realtek High Definition Audio)' : 2 channels at 48 kHz using 16 bits per sample (channel mask 0x3)
[2019.04.29-15.41.06:535][637]LogInit: FAudioDevice initialized.
[2019.04.29-15.41.06:568][637]LogLoad: Game class is 'EXP_GameMode_C'
[2019.04.29-15.41.06:570][637]LogWorld: Bringing World /Game/Map/UEDPIE_0_Map_Prototype.Map_Prototype up for play (max tick rate 60) at 2019.04.30-00.41.06
[2019.04.29-15.41.06:570][637]LogWorld: Bringing up level for play took: 0.001189
[2019.04.29-15.41.06:583][637]VRPrototype: AVPPlayerController::AVPPlayerController(8) 생성자 초기화 시작
[2019.04.29-15.41.06:584][637]VRPrototype: AVPDirectorPawn::AVPDirectorPawn(9) 생성자 초기화 시작
[2019.04.29-15.41.06:586][637]LogUObjectArray: Warning: Other object in slot
[2019.04.29-15.41.09:591][637]LogWindows: Error: === Critical error: ===
[2019.04.29-15.41.09:591][637]LogWindows: Error: 
[2019.04.29-15.41.09:591][637]LogWindows: Error: Fatal error!
[2019.04.29-15.41.09:591][637]LogWindows: Error: 
[2019.04.29-15.41.09:591][637]LogWindows: Error: Unhandled Exception: EXCEPTION_ACCESS_VIOLATION reading address 0x000002b0
[2019.04.29-15.41.09:591][637]LogWindows: Error: 
[2019.04.29-15.41.09:591][637]LogWindows: Error: [Callstack] 0x00007ff93c14b779 UE4Editor-CoreUObject.dll!UnknownFunction []
[2019.04.29-15.41.09:591][637]LogWindows: Error: [Callstack] 0x00007ff93c1756cc UE4Editor-CoreUObject.dll!UnknownFunction []
[2019.04.29-15.41.09:591][637]LogWindows: Error: [Callstack] 0x00007ff93c177d2f UE4Editor-CoreUObject.dll!UnknownFunction []
[2019.04.29-15.41.09:591][637]LogWindows: Error: [Callstack] 0x00007ff93c14c5dd UE4Editor-CoreUObject.dll!UnknownFunction []
[2019.04.29-15.41.09:592][637]LogWindows: Error: [Callstack] 0x00007ff93c177d2f UE4Editor-CoreUObject.dll!UnknownFunction []
[2019.04.29-15.41.09:592][637]LogWindows: Error: [Callstack] 0x00007ff93bee4b14 UE4Editor-CoreUObject.dll!UnknownFunction []
[2019.04.29-15.41.09:592][637]LogWindows: Error: [Callstack] 0x00007ff93c1773c6 UE4Editor-CoreUObject.dll!UnknownFunction []
[2019.04.29-15.41.09:592][637]LogWindows: Error: [Callstack] 0x00007ff91ae33923 UE4Editor-Engine.dll!UnknownFunction []
[2019.04.29-15.41.09:592][637]LogWindows: Error: [Callstack] 0x00007ff91adf725c UE4Editor-Engine.dll!UnknownFunction []
[2019.04.29-15.41.09:592][637]LogWindows: Error: [Callstack] 0x00007ff91bc49904 UE4Editor-Engine.dll!UnknownFunction []
[2019.04.29-15.41.09:592][637]LogWindows: Error: [Callstack] 0x00007ff91ae03c95 UE4Editor-Engine.dll!UnknownFunction []
[2019.04.29-15.41.09:592][637]LogWindows: Error: [Callstack] 0x00007ff91c25060c UE4Editor-Engine.dll!UnknownFunction []
[2019.04.29-15.41.09:592][637]LogWindows: Error: [Callstack] 0x00007ff91b60eb41 UE4Editor-Engine.dll!UnknownFunction []
[2019.04.29-15.41.09:592][637]LogWindows: Error: [Callstack] 0x00007ff91c1f865e UE4Editor-Engine.dll!UnknownFunction []
[2019.04.29-15.41.09:592][637]LogWindows: Error: [Callstack] 0x00007ff91b5ac1f1 UE4Editor-Engine.dll!UnknownFunction []
[2019.04.29-15.41.09:592][637]LogWindows: Error: [Callstack] 0x00007ff919ebac89 UE4Editor-UnrealEd.dll!UnknownFunction []
[2019.04.29-15.41.09:592][637]LogWindows: Error: [Callstack] 0x00007ff919edb350 UE4Editor-UnrealEd.dll!UnknownFunction []
[2019.04.29-15.41.09:592][637]LogWindows: Error: [Callstack] 0x00007ff919ef92e6 UE4Editor-UnrealEd.dll!UnknownFunction []
[2019.04.29-15.41.09:592][637]LogWindows: Error: [Callstack] 0x00007ff9198f1891 UE4Editor-UnrealEd.dll!UnknownFunction []
[2019.04.29-15.41.09:592][637]LogWindows: Error: [Callstack] 0x00007ff91a212346 UE4Editor-UnrealEd.dll!UnknownFunction []
[2019.04.29-15.41.09:592][637]LogWindows: Error: [Callstack] 0x00007ff68dc86225 UE4Editor.exe!UnknownFunction []
[2019.04.29-15.41.09:592][637]LogWindows: Error: [Callstack] 0x00007ff68dc9596c UE4Editor.exe!UnknownFunction []
[2019.04.29-15.41.09:592][637]LogWindows: Error: [Callstack] 0x00007ff68dc959ea UE4Editor.exe!UnknownFunction []
[2019.04.29-15.41.09:592][637]LogWindows: Error: [Callstack] 0x00007ff68dca48da UE4Editor.exe!UnknownFunction []
[2019.04.29-15.41.09:592][637]LogWindows: Error: [Callstack] 0x00007ff68dca659a UE4Editor.exe!UnknownFunction []
[2019.04.29-15.41.09:592][637]LogWindows: Error: [Callstack] 0x00007ff97f664034 KERNEL32.DLL!UnknownFunction []
[2019.04.29-15.41.09:592][637]LogWindows: Error: [Callstack] 0x00007ff97f7d3691 ntdll.dll!UnknownFunction []
[2019.04.29-15.41.09:592][637]LogWindows: Error: 
[2019.04.29-15.41.09:619][637]LogExit: Executing StaticShutdownAfterError
[2019.04.29-15.41.09:629][637]LogWindows: FPlatformMisc::RequestExit(1)
[2019.04.29-15.41.09:641][637]Log file closed, 04/30/19 00:41:09
